**********************
Windows PowerShell トランスクリプト開始
開始時刻: 20251109045243
ユーザー名: A-01\hello
RunAs ユーザー: A-01\hello
構成名: 
コンピューター: A-01 (Microsoft Windows NT 10.0.26100.0)
ホスト アプリケーション: powershell -NoExit -ExecutionPolicy Bypass -File .\adapter\api-server-v2.ps1 -AutoOpenBrowser
プロセス ID: 22892
PSVersion: 5.1.26100.6899
PSEdition: Desktop
PSCompatibleVersions: 1.0, 2.0, 3.0, 4.0, 5.0, 5.1.26100.6899
BuildVersion: 10.0.26100.6899
CLRVersion: 4.0.30319.42000
WSManStackVersion: 3.0
PSRemotingProtocolVersion: 2.3
SerializationVersion: 1.1.0.1
**********************
トランスクリプトが開始されました。出力ファイル: C:\Users\hello\Documents\WindowsPowerShell\chord\RPA-UI2\logs\api-server-v2_20251109_045243.log
[ログ] ログファイル: C:\Users\hello\Documents\WindowsPowerShell\chord\RPA-UI2\logs\api-server-v2_20251109_045243.log

==================================
UIpowershell - Polaris API Server V2
Version: 1.0.179 (UTF-8エンコーディング修正版)
==================================

[OK] Polarisモジュールを読み込みます: C:\Users\hello\Documents\WindowsPowerShell\chord\RPA-UI2\Modules\Polaris
[OK] Polarisモジュールを読み込みました (Version: Polaris.Version)

既存のPowerShell関数を読み込みます...
[OK] JSON操作ユーティリティ

[OK] コードID管理JSON

Phase 2 v2ファイルを読み込みます...
[OK] コードメイン_コード本文_v2
[OK] 変数機能_変数管理UI_v2
[OK] メインF機能_ツールバー作成_v2
[OK] メインF機能_メインボタン処理_v2
[OK] 削除処理_v2
[OK] ネスト規制バリデーション_v2

Phase 3 Adapterファイルを読み込みます...
[OK] UIpowershell状態を初期化しました (SessionId: 770dd1b1-43ff-43b0-b230-092ec367e8f0)
[OK] state-manager
[OK] node-operations

==================================

静的ファイル提供を設定します...
[OK] 静的ファイル提供を設定しました

Polarisサーバーを起動します...
  ポート: 8080
  URL: http://localhost:8080
  フロントエンド: http://localhost:8080/index-legacy.html

エントリ 最後のID
-------- --------
                0

==================================
✓ サーバー起動成功！
==================================

アクセス先: http://localhost:8080

APIエンドポイント（Phase 3対応）:

【基本】
  GET  /api/health                    - ヘルスチェック
  GET  /api/session                   - セッション情報
  GET  /api/debug                     - デバッグ情報

【ノード管理】
  GET  /api/nodes                     - 全ノード取得
  PUT  /api/nodes                     - ノード配列を一括設定
  POST /api/nodes                     - ノード追加
  DELETE /api/nodes/:id               - ノード削除
  DELETE /api/nodes/all               - 全ノード削除

【変数管理】
  GET  /api/variables                 - 変数一覧取得
  GET  /api/variables/:name           - 変数取得
  POST /api/variables                 - 変数追加
  PUT  /api/variables/:name           - 変数更新
  DELETE /api/variables/:name         - 変数削除

【メニュー操作】
  GET  /api/menu/structure            - メニュー構造取得
  POST /api/menu/action/:actionId     - メニューアクション実行

【実行・フォルダ】
  POST /api/execute/generate          - PowerShellコード生成
  GET  /api/folders                   - フォルダ一覧取得
  POST /api/folders                   - フォルダ作成
  PUT  /api/folders/:name             - フォルダ切り替え

【バリデーション】
  POST /api/validate/drop             - ドロップ可否チェック

【コードID管理】
  POST /api/id/generate               - 新規ID生成
  POST /api/entry/add                 - エントリ追加
  GET  /api/entry/:id                 - エントリ取得
  GET  /api/entries/all               - 全エントリ取得

【ブラウザログ】
  POST /api/browser-logs              - ブラウザコンソールログ受信

停止するには Ctrl+C を押してください

[ブラウザ] Microsoft Edge（UIpowershell専用）をアプリモードで起動します
           URL: http://localhost:8080/index-legacy.html
[ノード関数実行] 関数名: 1_1
[ノード関数実行] スクリプトパス: C:\Users\hello\Documents\WindowsPowerShell\chord\RPA-UI2\00_code\1-1.ps1
[ノード関数実行] 📂 ファイルを読み込み中...
[ノード関数実行] 📄 ファイルパス: C:\Users\hello\Documents\WindowsPowerShell\chord\RPA-UI2\00_code\1-1.ps1
[ノード関数実行] ⏰ ファイル更新日時: 11/02/2025 02:44:55
[ノード関数実行] 📝 ファイルプレビュー (先頭200文字):

function 1_1 {
@"
Write-Host "OK"
"@
}
[ノード関数実行] ✅ 汎用関数を読み込みました
[ノード関数実行] ✅ スクリプト読み込み完了
[ノード関数実行] 🚀 関数 '1_1' を実行中...
[ノード関数実行] ✅ 関数実行完了
[ノード関数実行] 📤 生成されたコード (先頭200文字):
Write-Host "OK"
━━━━━━━━━━━━━━━━━━━━━━━━━━━━━━━━━━
[API] コード.json保存リクエスト受信
[API] フォルダ名: TA
[API] ========== Request オブジェクトのデバッグ ==========
[API] Request 型: PolarisRequest
[API] Request プロパティ一覧:
[API]   - Body :
[API]   - BodyString : {"codeData":{"エントリ":{"1-1":"Write-Host \"OK\""},"最後のID":1}}
[API]   - Query :
[API]   - AcceptTypes : */*
[API]   - Cookies :
[API]   - Headers : sec-ch-ua-platform sec-ch-ua sec-ch-ua-mobile Origin Sec-Fetch-Site Sec-Fetch-Mode Sec-Fetch-Dest Connection Content-Length Content-Type Accept Accept-Encoding Accept-Language Host Referer User-Agent
[API]   - Method : POST
[API]   - Url : http://localhost:8080/api/folders/TA/code
[API]   - UserAgent : Mozilla/5.0 (Windows NT 10.0; Win64; x64) AppleWebKit/537.36 (KHTML, like Gecko) Chrome/142.0.0.0 Safari/537.36 Edg/142.0.0.0
[API]   - ClientIP : ::1
[API]   - RawRequest : System.Net.HttpListenerRequest
[API]   - Parameters : @{name=TA; 0=/api/folders/TA/code}
[API]   - User :
[API] ====================================================
[API] Request.Body のデバッグ開始...
[API] ❌ Request.Body が null です
[API] Request.BodyString を確認...
[API] ✅ Request.BodyString を取得: {"codeData":{"エントリ":{"1-1":"Write-Host \"OK\""},"最後のID":1}}
[API] Request.Body の型: System.String
[API] Request.Body の文字列表現長さ: 59
[API] Request.Body の最初の200文字: [{"codeData":{"エントリ":{"1-1":"Write-Host \"OK\""},"最後のID":1}}]
[API] bodyRaw を ConvertFrom-Json します...
[API] ✅ ConvertFrom-Json完了
[API] bodyの内容: {"codeData":{"エントリ":{"1-1":"Write-Host \"OK\""},"最後のID":1}}
[API] ✅ codeDataを取得しました
[API] codeDataの内容: {"エントリ":{"1-1":"Write-Host \"OK\""},"最後のID":1}
[API] 保存先パス: C:\Users\hello\Documents\WindowsPowerShell\chord\RPA-UI2\03_history\TA\コード.json
[API] フォルダパス: C:\Users\hello\Documents\WindowsPowerShell\chord\RPA-UI2\03_history\TA
[API] フォルダは既に存在します
[API] JSON生成完了 (長さ: 100 文字)
[API] JSON内容の最初の200文字: {
    "エントリ":  {
                 "1-1":  "Write-Host \"OK\""
             },
    "最後のID":  1
}
[API] UTF-8 (BOMなし) でファイルを保存しました
[API] ✅ ファイル保存成功
[API]    ファイルサイズ: 114 バイト
[API]    最終更新時刻: 11/09/2025 04:53:03
━━━━━━━━━━━━━━━━━━━━━━━━━━━━━━━━━━
━━━━━━━━━━━━━━━━━━━━━━━━━━━━━━━━━━
[API] memory.json保存リクエスト受信
[API] フォルダ名: TA
[API] Request.Body が null です。Request.BodyString を確認...
[API] ✅ Request.BodyString を取得しました
[API] リクエストボディ長: 408 文字
[API] JSON解析成功
[API] layerStructure取得: 7 レイヤー
[API] 保存先パス: C:\Users\hello\Documents\WindowsPowerShell\chord\RPA-UI2\03_history\TA\memory.json
[API] フォルダは既に存在します
[API] レイヤー1 : 1個のノード
[API] 合計ノード数: 1
[API] JSON生成完了 (長さ: 998 文字)
[API] UTF-8 (BOMなし) でファイルを保存しました
[API] ✅ ファイル保存成功
[API]    ファイルサイズ: 1076 バイト
[API]    最終更新時刻: 11/09/2025 04:53:04
━━━━━━━━━━━━━━━━━━━━━━━━━━━━━━━━━━
[ノード関数実行] 関数名: 1_1
[ノード関数実行] スクリプトパス: C:\Users\hello\Documents\WindowsPowerShell\chord\RPA-UI2\00_code\1-1.ps1
[ノード関数実行] 📂 ファイルを読み込み中...
[ノード関数実行] 📄 ファイルパス: C:\Users\hello\Documents\WindowsPowerShell\chord\RPA-UI2\00_code\1-1.ps1
[ノード関数実行] ⏰ ファイル更新日時: 11/02/2025 02:44:55
[ノード関数実行] 📝 ファイルプレビュー (先頭200文字):

function 1_1 {
@"
Write-Host "OK"
"@
}
[ノード関数実行] ✅ 汎用関数を読み込みました
[ノード関数実行] ✅ スクリプト読み込み完了
[ノード関数実行] 🚀 関数 '1_1' を実行中...
[ノード関数実行] ✅ 関数実行完了
[ノード関数実行] 📤 生成されたコード (先頭200文字):
Write-Host "OK"
━━━━━━━━━━━━━━━━━━━━━━━━━━━━━━━━━━
[API] コード.json保存リクエスト受信
[API] フォルダ名: TA
[API] ========== Request オブジェクトのデバッグ ==========
[API] Request 型: PolarisRequest
[API] Request プロパティ一覧:
[API]   - Body :
[API]   - BodyString : {"codeData":{"エントリ":{"1-1":"Write-Host \"OK\"","2-1":"Write-Host \"OK\""},"最後のID":2}}
[API]   - Query :
[API]   - AcceptTypes : */*
[API]   - Cookies :
[API]   - Headers : sec-ch-ua-platform sec-ch-ua sec-ch-ua-mobile Origin Sec-Fetch-Site Sec-Fetch-Mode Sec-Fetch-Dest Connection Content-Length Content-Type Accept Accept-Encoding Accept-Language Host Referer User-Agent
[API]   - Method : POST
[API]   - Url : http://localhost:8080/api/folders/TA/code
[API]   - UserAgent : Mozilla/5.0 (Windows NT 10.0; Win64; x64) AppleWebKit/537.36 (KHTML, like Gecko) Chrome/142.0.0.0 Safari/537.36 Edg/142.0.0.0
[API]   - ClientIP : ::1
[API]   - RawRequest : System.Net.HttpListenerRequest
[API]   - Parameters : @{name=TA; 0=/api/folders/TA/code}
[API]   - User :
[API] ====================================================
[API] Request.Body のデバッグ開始...
[API] ❌ Request.Body が null です
[API] Request.BodyString を確認...
[API] ✅ Request.BodyString を取得: {"codeData":{"エントリ":{"1-1":"Write-Host \"OK\"","2-1":"Write-Host \"OK\""},"最後のID":2}}
[API] Request.Body の型: System.String
[API] Request.Body の文字列表現長さ: 85
[API] Request.Body の最初の200文字: [{"codeData":{"エントリ":{"1-1":"Write-Host \"OK\"","2-1":"Write-Host \"OK\""},"最後のID":2}}]
[API] bodyRaw を ConvertFrom-Json します...
[API] ✅ ConvertFrom-Json完了
[API] bodyの内容: {"codeData":{"エントリ":{"1-1":"Write-Host \"OK\"","2-1":"Write-Host \"OK\""},"最後のID":2}}
[API] ✅ codeDataを取得しました
[API] codeDataの内容: {"エントリ":{"1-1":"Write-Host \"OK\"","2-1":"Write-Host \"OK\""},"最後のID":2}
[API] 保存先パス: C:\Users\hello\Documents\WindowsPowerShell\chord\RPA-UI2\03_history\TA\コード.json
[API] フォルダパス: C:\Users\hello\Documents\WindowsPowerShell\chord\RPA-UI2\03_history\TA
[API] フォルダは既に存在します
[API] JSON生成完了 (長さ: 147 文字)
[API] JSON内容の最初の200文字: {
    "エントリ":  {
                 "1-1":  "Write-Host \"OK\"",
                 "2-1":  "Write-Host \"OK\""
             },
    "最後のID":  2
}
[API] UTF-8 (BOMなし) でファイルを保存しました
[API] ✅ ファイル保存成功
[API]    ファイルサイズ: 161 バイト
[API]    最終更新時刻: 11/09/2025 04:53:05
━━━━━━━━━━━━━━━━━━━━━━━━━━━━━━━━━━
━━━━━━━━━━━━━━━━━━━━━━━━━━━━━━━━━━
[API] memory.json保存リクエスト受信
[API] フォルダ名: TA
[API] Request.Body が null です。Request.BodyString を確認...
[API] ✅ Request.BodyString を取得しました
[API] リクエストボディ長: 567 文字
[API] JSON解析成功
[API] layerStructure取得: 7 レイヤー
[API] 保存先パス: C:\Users\hello\Documents\WindowsPowerShell\chord\RPA-UI2\03_history\TA\memory.json
[API] フォルダは既に存在します
[API] レイヤー1 : 2個のノード
[API] 合計ノード数: 2
[API] JSON生成完了 (長さ: 1534 文字)
[API] UTF-8 (BOMなし) でファイルを保存しました
[API] ✅ ファイル保存成功
[API]    ファイルサイズ: 1666 バイト
[API]    最終更新時刻: 11/09/2025 04:53:06
━━━━━━━━━━━━━━━━━━━━━━━━━━━━━━━━━━
[ノード関数実行] 関数名: 1_1
[ノード関数実行] スクリプトパス: C:\Users\hello\Documents\WindowsPowerShell\chord\RPA-UI2\00_code\1-1.ps1
[ノード関数実行] 📂 ファイルを読み込み中...
[ノード関数実行] 📄 ファイルパス: C:\Users\hello\Documents\WindowsPowerShell\chord\RPA-UI2\00_code\1-1.ps1
[ノード関数実行] ⏰ ファイル更新日時: 11/02/2025 02:44:55
[ノード関数実行] 📝 ファイルプレビュー (先頭200文字):

function 1_1 {
@"
Write-Host "OK"
"@
}
[ノード関数実行] ✅ 汎用関数を読み込みました
[ノード関数実行] ✅ スクリプト読み込み完了
[ノード関数実行] 🚀 関数 '1_1' を実行中...
[ノード関数実行] ✅ 関数実行完了
[ノード関数実行] 📤 生成されたコード (先頭200文字):
Write-Host "OK"
━━━━━━━━━━━━━━━━━━━━━━━━━━━━━━━━━━
[API] コード.json保存リクエスト受信
[API] フォルダ名: TA
[API] ========== Request オブジェクトのデバッグ ==========
[API] Request 型: PolarisRequest
[API] Request プロパティ一覧:
[API]   - Body :
[API]   - BodyString : {"codeData":{"エントリ":{"1-1":"Write-Host \"OK\"","2-1":"Write-Host \"OK\"","3-1":"Write-Host \"OK\""},"最後のID":3}}
[API]   - Query :
[API]   - AcceptTypes : */*
[API]   - Cookies :
[API]   - Headers : sec-ch-ua-platform sec-ch-ua sec-ch-ua-mobile Origin Sec-Fetch-Site Sec-Fetch-Mode Sec-Fetch-Dest Connection Content-Length Content-Type Accept Accept-Encoding Accept-Language Host Referer User-Agent
[API]   - Method : POST
[API]   - Url : http://localhost:8080/api/folders/TA/code
[API]   - UserAgent : Mozilla/5.0 (Windows NT 10.0; Win64; x64) AppleWebKit/537.36 (KHTML, like Gecko) Chrome/142.0.0.0 Safari/537.36 Edg/142.0.0.0
[API]   - ClientIP : ::1
[API]   - RawRequest : System.Net.HttpListenerRequest
[API]   - Parameters : @{name=TA; 0=/api/folders/TA/code}
[API]   - User :
[API] ====================================================
[API] Request.Body のデバッグ開始...
[API] ❌ Request.Body が null です
[API] Request.BodyString を確認...
[API] ✅ Request.BodyString を取得: {"codeData":{"エントリ":{"1-1":"Write-Host \"OK\"","2-1":"Write-Host \"OK\"","3-1":"Write-Host \"OK\""},"最後のID":3}}
[API] Request.Body の型: System.String
[API] Request.Body の文字列表現長さ: 111
[API] Request.Body の最初の200文字: [{"codeData":{"エントリ":{"1-1":"Write-Host \"OK\"","2-1":"Write-Host \"OK\"","3-1":"Write-Host \"OK\""},"最後のID":3}}]
[API] bodyRaw を ConvertFrom-Json します...
[API] ✅ ConvertFrom-Json完了
[API] bodyの内容: {"codeData":{"エントリ":{"1-1":"Write-Host \"OK\"","2-1":"Write-Host \"OK\"","3-1":"Write-Host \"OK\""},"最後のID":3}}
[API] ✅ codeDataを取得しました
[API] codeDataの内容: {"エントリ":{"1-1":"Write-Host \"OK\"","2-1":"Write-Host \"OK\"","3-1":"Write-Host \"OK\""},"最後のID":3}
[API] 保存先パス: C:\Users\hello\Documents\WindowsPowerShell\chord\RPA-UI2\03_history\TA\コード.json
[API] フォルダパス: C:\Users\hello\Documents\WindowsPowerShell\chord\RPA-UI2\03_history\TA
[API] フォルダは既に存在します
[API] JSON生成完了 (長さ: 194 文字)
[API] JSON内容の最初の200文字: {
    "エントリ":  {
                 "1-1":  "Write-Host \"OK\"",
                 "2-1":  "Write-Host \"OK\"",
                 "3-1":  "Write-Host \"OK\""
             },
    "最後のID":  3
}
[API] UTF-8 (BOMなし) でファイルを保存しました
[API] ✅ ファイル保存成功
[API]    ファイルサイズ: 208 バイト
[API]    最終更新時刻: 11/09/2025 04:53:20
━━━━━━━━━━━━━━━━━━━━━━━━━━━━━━━━━━
━━━━━━━━━━━━━━━━━━━━━━━━━━━━━━━━━━
[API] memory.json保存リクエスト受信
[API] フォルダ名: TA
[API] Request.Body が null です。Request.BodyString を確認...
[API] ✅ Request.BodyString を取得しました
[API] リクエストボディ長: 727 文字
[API] JSON解析成功
[API] layerStructure取得: 7 レイヤー
[API] 保存先パス: C:\Users\hello\Documents\WindowsPowerShell\chord\RPA-UI2\03_history\TA\memory.json
[API] フォルダは既に存在します
[API] レイヤー1 : 3個のノード
[API] 合計ノード数: 3
[API] JSON生成完了 (長さ: 2071 文字)
[API] UTF-8 (BOMなし) でファイルを保存しました
[API] ✅ ファイル保存成功
[API]    ファイルサイズ: 2257 バイト
[API]    最終更新時刻: 11/09/2025 04:53:21
━━━━━━━━━━━━━━━━━━━━━━━━━━━━━━━━━━
━━━━━━━━━━━━━━━━━━━━━━━━━━━━━━━━━━
[API] memory.json保存リクエスト受信
[API] フォルダ名: TA
[API] Request.Body が null です。Request.BodyString を確認...
[API] ✅ Request.BodyString を取得しました
[API] リクエストボディ長: 744 文字
[API] JSON解析成功
[API] layerStructure取得: 7 レイヤー
[API] 保存先パス: C:\Users\hello\Documents\WindowsPowerShell\chord\RPA-UI2\03_history\TA\memory.json
[API] フォルダは既に存在します
[API] レイヤー1 : 3個のノード
[API] 合計ノード数: 3
[API] JSON生成完了 (長さ: 2071 文字)
[API] UTF-8 (BOMなし) でファイルを保存しました
[API] ✅ ファイル保存成功
[API]    ファイルサイズ: 2257 バイト
[API]    最終更新時刻: 11/09/2025 04:53:21
━━━━━━━━━━━━━━━━━━━━━━━━━━━━━━━━━━
━━━━━━━━━━━━━━━━━━━━━━━━━━━━━━━━━━
[API] memory.json保存リクエスト受信
[API] フォルダ名: TA
[API] Request.Body が null です。Request.BodyString を確認...
[API] ✅ Request.BodyString を取得しました
[API] リクエストボディ長: 778 文字
[API] JSON解析成功
[API] layerStructure取得: 7 レイヤー
[API] 保存先パス: C:\Users\hello\Documents\WindowsPowerShell\chord\RPA-UI2\03_history\TA\memory.json
[API] フォルダは既に存在します
[API] レイヤー1 : 3個のノード
[API] 合計ノード数: 3
[API] JSON生成完了 (長さ: 2071 文字)
[API] UTF-8 (BOMなし) でファイルを保存しました
[API] ✅ ファイル保存成功
[API]    ファイルサイズ: 2257 バイト
[API]    最終更新時刻: 11/09/2025 04:53:22
━━━━━━━━━━━━━━━━━━━━━━━━━━━━━━━━━━
━━━━━━━━━━━━━━━━━━━━━━━━━━━━━━━━━━
[API] コード.json保存リクエスト受信
[API] フォルダ名: TA
[API] ========== Request オブジェクトのデバッグ ==========
[API] Request 型: PolarisRequest
[API] Request プロパティ一覧:
[API]   - Body :
[API]   - BodyString : {"codeData":{"エントリ":{"1-1":"Write-Host \"OK\"","2-1":"Write-Host \"OK\"","3-1":"Write-Host \"OK\"","4-1":"AAAA\n1-1;White;順次;\n2-1;White;順次;\n3-1;White;順次;"},"最後のID":4}}
[API]   - Query :
[API]   - AcceptTypes : */*
[API]   - Cookies :
[API]   - Headers : sec-ch-ua-platform sec-ch-ua sec-ch-ua-mobile Origin Sec-Fetch-Site Sec-Fetch-Mode Sec-Fetch-Dest Connection Content-Length Content-Type Accept Accept-Encoding Accept-Language Host Referer User-Agent
[API]   - Method : POST
[API]   - Url : http://localhost:8080/api/folders/TA/code
[API]   - UserAgent : Mozilla/5.0 (Windows NT 10.0; Win64; x64) AppleWebKit/537.36 (KHTML, like Gecko) Chrome/142.0.0.0 Safari/537.36 Edg/142.0.0.0
[API]   - ClientIP : ::1
[API]   - RawRequest : System.Net.HttpListenerRequest
[API]   - Parameters : @{name=TA; 0=/api/folders/TA/code}
[API]   - User :
[API] ====================================================
[API] Request.Body のデバッグ開始...
[API] ❌ Request.Body が null です
[API] Request.BodyString を確認...
[API] ✅ Request.BodyString を取得: {"codeData":{"エントリ":{"1-1":"Write-Host \"OK\"","2-1":"Write-Host \"OK\"","3-1":"Write-Host \"OK\"","4-1":"AAAA\n1-1;White;順次;\n2-1;White;順次;\n3-1;White;順次;"},"最後のID":4}}
[API] Request.Body の型: System.String
[API] Request.Body の文字列表現長さ: 169
[API] Request.Body の最初の200文字: [{"codeData":{"エントリ":{"1-1":"Write-Host \"OK\"","2-1":"Write-Host \"OK\"","3-1":"Write-Host \"OK\"","4-1":"AAAA\n1-1;White;順次;\n2-1;White;順次;\n3-1;White;順次;"},"最後のID":4}}]
[API] bodyRaw を ConvertFrom-Json します...
[API] ✅ ConvertFrom-Json完了
[API] bodyの内容: {"codeData":{"エントリ":{"1-1":"Write-Host \"OK\"","2-1":"Write-Host \"OK\"","3-1":"Write-Host \"OK\"","4-1":"AAAA\n1-1;White;順次;\n2-1;White;順次;\n3-1;White;順次;"},"最後のID":4}}
[API] ✅ codeDataを取得しました
[API] codeDataの内容: {"エントリ":{"1-1":"Write-Host \"OK\"","2-1":"Write-Host \"OK\"","3-1":"Write-Host \"OK\"","4-1":"AAAA\n1-1;White;順次;\n2-1;White;順次;\n3-1;White;順次;"},"最後のID":4}
[API] 保存先パス: C:\Users\hello\Documents\WindowsPowerShell\chord\RPA-UI2\03_history\TA\コード.json
[API] フォルダパス: C:\Users\hello\Documents\WindowsPowerShell\chord\RPA-UI2\03_history\TA
[API] フォルダは既に存在します
[API] JSON生成完了 (長さ: 273 文字)
[API] JSON内容の最初の200文字: {
    "エントリ":  {
                 "1-1":  "Write-Host \"OK\"",
                 "2-1":  "Write-Host \"OK\"",
                 "3-1":  "Write-Host \"OK\"",
                 "4-1":  "AAAA\n1-1;Whit
[API] UTF-8 (BOMなし) でファイルを保存しました
[API] ✅ ファイル保存成功
[API]    ファイルサイズ: 299 バイト
[API]    最終更新時刻: 11/09/2025 04:53:23
━━━━━━━━━━━━━━━━━━━━━━━━━━━━━━━━━━
━━━━━━━━━━━━━━━━━━━━━━━━━━━━━━━━━━
[API] memory.json保存リクエスト受信
[API] フォルダ名: TA
[API] Request.Body が null です。Request.BodyString を確認...
[API] ✅ Request.BodyString を取得しました
[API] リクエストボディ長: 428 文字
[API] JSON解析成功
[API] layerStructure取得: 7 レイヤー
[API] 保存先パス: C:\Users\hello\Documents\WindowsPowerShell\chord\RPA-UI2\03_history\TA\memory.json
[API] フォルダは既に存在します
[API] レイヤー1 : 1個のノード
[API] 合計ノード数: 1
[API] JSON生成完了 (長さ: 1043 文字)
[API] UTF-8 (BOMなし) でファイルを保存しました
[API] ✅ ファイル保存成功
[API]    ファイルサイズ: 1139 バイト
[API]    最終更新時刻: 11/09/2025 04:53:24
━━━━━━━━━━━━━━━━━━━━━━━━━━━━━━━━━━
━━━━━━━━━━━━━━━━━━━━━━━━━━━━━━━━━━
[API] コード.json保存リクエスト受信
[API] フォルダ名: TA
[API] ========== Request オブジェクトのデバッグ ==========
[API] Request 型: PolarisRequest
[API] Request プロパティ一覧:
[API]   - Body :
[API]   - BodyString : {"codeData":{"エントリ":{"1-1":"Write-Host \"OK\"","2-1":"Write-Host \"OK\"","3-1":"Write-Host \"OK\"","4-1":"AAAA\n5;White;順次;\n6;White;順次;\n7;White;順次;"},"最後のID":4}}
[API]   - Query :
[API]   - AcceptTypes : */*
[API]   - Cookies :
[API]   - Headers : sec-ch-ua-platform sec-ch-ua sec-ch-ua-mobile Origin Sec-Fetch-Site Sec-Fetch-Mode Sec-Fetch-Dest Connection Content-Length Content-Type Accept Accept-Encoding Accept-Language Host Referer User-Agent
[API]   - Method : POST
[API]   - Url : http://localhost:8080/api/folders/TA/code
[API]   - UserAgent : Mozilla/5.0 (Windows NT 10.0; Win64; x64) AppleWebKit/537.36 (KHTML, like Gecko) Chrome/142.0.0.0 Safari/537.36 Edg/142.0.0.0
[API]   - ClientIP : ::1
[API]   - RawRequest : System.Net.HttpListenerRequest
[API]   - Parameters : @{name=TA; 0=/api/folders/TA/code}
[API]   - User :
[API] ====================================================
[API] Request.Body のデバッグ開始...
[API] ❌ Request.Body が null です
[API] Request.BodyString を確認...
[API] ✅ Request.BodyString を取得: {"codeData":{"エントリ":{"1-1":"Write-Host \"OK\"","2-1":"Write-Host \"OK\"","3-1":"Write-Host \"OK\"","4-1":"AAAA\n5;White;順次;\n6;White;順次;\n7;White;順次;"},"最後のID":4}}
[API] Request.Body の型: System.String
[API] Request.Body の文字列表現長さ: 163
[API] Request.Body の最初の200文字: [{"codeData":{"エントリ":{"1-1":"Write-Host \"OK\"","2-1":"Write-Host \"OK\"","3-1":"Write-Host \"OK\"","4-1":"AAAA\n5;White;順次;\n6;White;順次;\n7;White;順次;"},"最後のID":4}}]
[API] bodyRaw を ConvertFrom-Json します...
[API] ✅ ConvertFrom-Json完了
[API] bodyの内容: {"codeData":{"エントリ":{"1-1":"Write-Host \"OK\"","2-1":"Write-Host \"OK\"","3-1":"Write-Host \"OK\"","4-1":"AAAA\n5;White;順次;\n6;White;順次;\n7;White;順次;"},"最後のID":4}}
[API] ✅ codeDataを取得しました
[API] codeDataの内容: {"エントリ":{"1-1":"Write-Host \"OK\"","2-1":"Write-Host \"OK\"","3-1":"Write-Host \"OK\"","4-1":"AAAA\n5;White;順次;\n6;White;順次;\n7;White;順次;"},"最後のID":4}
[API] 保存先パス: C:\Users\hello\Documents\WindowsPowerShell\chord\RPA-UI2\03_history\TA\コード.json
[API] フォルダパス: C:\Users\hello\Documents\WindowsPowerShell\chord\RPA-UI2\03_history\TA
[API] フォルダは既に存在します
[API] JSON生成完了 (長さ: 267 文字)
[API] JSON内容の最初の200文字: {
    "エントリ":  {
                 "1-1":  "Write-Host \"OK\"",
                 "2-1":  "Write-Host \"OK\"",
                 "3-1":  "Write-Host \"OK\"",
                 "4-1":  "AAAA\n5;White;
[API] UTF-8 (BOMなし) でファイルを保存しました
[API] ✅ ファイル保存成功
[API]    ファイルサイズ: 293 バイト
[API]    最終更新時刻: 11/09/2025 04:53:24
━━━━━━━━━━━━━━━━━━━━━━━━━━━━━━━━━━
━━━━━━━━━━━━━━━━━━━━━━━━━━━━━━━━━━
[API] memory.json保存リクエスト受信
[API] フォルダ名: TA
[API] Request.Body が null です。Request.BodyString を確認...
[API] ✅ Request.BodyString を取得しました
[API] リクエストボディ長: 830 文字
[API] JSON解析成功
[API] layerStructure取得: 7 レイヤー
[API] 保存先パス: C:\Users\hello\Documents\WindowsPowerShell\chord\RPA-UI2\03_history\TA\memory.json
[API] フォルダは既に存在します
[API] レイヤー1 : 1個のノード
[API] レイヤー2 : 3個のノード
[API] 合計ノード数: 4
[API] JSON生成完了 (長さ: 2649 文字)
[API] UTF-8 (BOMなし) でファイルを保存しました
[API] ✅ ファイル保存成功
[API]    ファイルサイズ: 2907 バイト
[API]    最終更新時刻: 11/09/2025 04:53:25
━━━━━━━━━━━━━━━━━━━━━━━━━━━━━━━━━━
━━━━━━━━━━━━━━━━━━━━━━━━━━━━━━━━━━
[API] memory.json保存リクエスト受信
[API] フォルダ名: TA
[API] Request.Body が null です。Request.BodyString を確認...
[API] ✅ Request.BodyString を取得しました
[API] リクエストボディ長: 830 文字
[API] JSON解析成功
[API] layerStructure取得: 7 レイヤー
[API] 保存先パス: C:\Users\hello\Documents\WindowsPowerShell\chord\RPA-UI2\03_history\TA\memory.json
[API] フォルダは既に存在します
[API] レイヤー1 : 1個のノード
[API] レイヤー2 : 3個のノード
[API] 合計ノード数: 4
[API] JSON生成完了 (長さ: 2649 文字)
[API] UTF-8 (BOMなし) でファイルを保存しました
[API] ✅ ファイル保存成功
[API]    ファイルサイズ: 2907 バイト
[API]    最終更新時刻: 11/09/2025 04:53:26
━━━━━━━━━━━━━━━━━━━━━━━━━━━━━━━━━━
━━━━━━━━━━━━━━━━━━━━━━━━━━━━━━━━━━
[API] memory.json保存リクエスト受信
[API] フォルダ名: TA
[API] Request.Body が null です。Request.BodyString を確認...
[API] ✅ Request.BodyString を取得しました
[API] リクエストボディ長: 829 文字
[API] JSON解析成功
[API] layerStructure取得: 7 レイヤー
[API] 保存先パス: C:\Users\hello\Documents\WindowsPowerShell\chord\RPA-UI2\03_history\TA\memory.json
[API] フォルダは既に存在します
[API] レイヤー1 : 1個のノード
[API] レイヤー2 : 3個のノード
[API] 合計ノード数: 4
[API] JSON生成完了 (長さ: 2649 文字)
[API] UTF-8 (BOMなし) でファイルを保存しました
[API] ✅ ファイル保存成功
[API]    ファイルサイズ: 2907 バイト
[API]    最終更新時刻: 11/09/2025 04:53:27
━━━━━━━━━━━━━━━━━━━━━━━━━━━━━━━━━━
━━━━━━━━━━━━━━━━━━━━━━━━━━━━━━━━━━
[API] memory.json保存リクエスト受信
[API] フォルダ名: TA
[API] Request.Body が null です。Request.BodyString を確認...
[API] ✅ Request.BodyString を取得しました
[API] リクエストボディ長: 827 文字
[API] JSON解析成功
[API] layerStructure取得: 7 レイヤー
[API] 保存先パス: C:\Users\hello\Documents\WindowsPowerShell\chord\RPA-UI2\03_history\TA\memory.json
[API] フォルダは既に存在します
[API] レイヤー1 : 1個のノード
[API] レイヤー2 : 3個のノード
[API] 合計ノード数: 4
[API] JSON生成完了 (長さ: 2649 文字)
[API] UTF-8 (BOMなし) でファイルを保存しました
[API] ✅ ファイル保存成功
[API]    ファイルサイズ: 2907 バイト
[API]    最終更新時刻: 11/09/2025 04:53:28
━━━━━━━━━━━━━━━━━━━━━━━━━━━━━━━━━━
━━━━━━━━━━━━━━━━━━━━━━━━━━━━━━━━━━
[API] コード.json保存リクエスト受信
[API] フォルダ名: TA
[API] ========== Request オブジェクトのデバッグ ==========
[API] Request 型: PolarisRequest
[API] Request プロパティ一覧:
[API]   - Body :
[API]   - BodyString : {"codeData":{"エントリ":{"1-1":"Write-Host \"OK\"","2-1":"Write-Host \"OK\"","3-1":"Write-Host \"OK\"","4-1":"AAAA\n5;White;順次;\n6;White;順次;\n7;White;順次;","8-1":"AAAA\n5;White;順次;\n6;White;順次;\n7;White;順次;"},"最後のID":8}}
[API]   - Query :
[API]   - AcceptTypes : */*
[API]   - Cookies :
[API]   - Headers : sec-ch-ua-platform sec-ch-ua sec-ch-ua-mobile Origin Sec-Fetch-Site Sec-Fetch-Mode Sec-Fetch-Dest Connection Content-Length Content-Type Accept Accept-Encoding Accept-Language Host Referer User-Agent
[API]   - Method : POST
[API]   - Url : http://localhost:8080/api/folders/TA/code
[API]   - UserAgent : Mozilla/5.0 (Windows NT 10.0; Win64; x64) AppleWebKit/537.36 (KHTML, like Gecko) Chrome/142.0.0.0 Safari/537.36 Edg/142.0.0.0
[API]   - ClientIP : ::1
[API]   - RawRequest : System.Net.HttpListenerRequest
[API]   - Parameters : @{name=TA; 0=/api/folders/TA/code}
[API]   - User :
[API] ====================================================
[API] Request.Body のデバッグ開始...
[API] ❌ Request.Body が null です
[API] Request.BodyString を確認...
[API] ✅ Request.BodyString を取得: {"codeData":{"エントリ":{"1-1":"Write-Host \"OK\"","2-1":"Write-Host \"OK\"","3-1":"Write-Host \"OK\"","4-1":"AAAA\n5;White;順次;\n6;White;順次;\n7;White;順次;","8-1":"AAAA\n5;White;順次;\n6;White;順次;\n7;White;順次;"},"最後のID":8}}
[API] Request.Body の型: System.String
[API] Request.Body の文字列表現長さ: 215
[API] Request.Body の最初の200文字: [{"codeData":{"エントリ":{"1-1":"Write-Host \"OK\"","2-1":"Write-Host \"OK\"","3-1":"Write-Host \"OK\"","4-1":"AAAA\n5;White;順次;\n6;White;順次;\n7;White;順次;","8-1":"AAAA\n5;White;順次;\n6;White;順次;\n7;White;順次]
[API] bodyRaw を ConvertFrom-Json します...
[API] ✅ ConvertFrom-Json完了
[API] bodyの内容: {"codeData":{"エントリ":{"1-1":"Write-Host \"OK\"","2-1":"Write-Host \"OK\"","3-1":"Write-Host \"OK\"","4-1":"AAAA\n5;White;順次;\n6;White;順次;\n7;White;順次;","8-1":"AAAA\n5;White;順次;\n6;White;順次;\n7;White;順次;"},"最後のID":8}}
[API] ✅ codeDataを取得しました
[API] codeDataの内容: {"エントリ":{"1-1":"Write-Host \"OK\"","2-1":"Write-Host \"OK\"","3-1":"Write-Host \"OK\"","4-1":"AAAA\n5;White;順次;\n6;White;順次;\n7;White;順次;","8-1":"AAAA\n5;White;順次;\n6;White;順次;\n7;White;順次;"},"最後のID":8}
[API] 保存先パス: C:\Users\hello\Documents\WindowsPowerShell\chord\RPA-UI2\03_history\TA\コード.json
[API] フォルダパス: C:\Users\hello\Documents\WindowsPowerShell\chord\RPA-UI2\03_history\TA
[API] フォルダは既に存在します
[API] JSON生成完了 (長さ: 340 文字)
[API] JSON内容の最初の200文字: {
    "エントリ":  {
                 "1-1":  "Write-Host \"OK\"",
                 "2-1":  "Write-Host \"OK\"",
                 "3-1":  "Write-Host \"OK\"",
                 "4-1":  "AAAA\n5;White;
[API] UTF-8 (BOMなし) でファイルを保存しました
[API] ✅ ファイル保存成功
[API]    ファイルサイズ: 378 バイト
[API]    最終更新時刻: 11/09/2025 04:53:29
━━━━━━━━━━━━━━━━━━━━━━━━━━━━━━━━━━
━━━━━━━━━━━━━━━━━━━━━━━━━━━━━━━━━━
[API] コード.json保存リクエスト受信
[API] フォルダ名: TA
[API] ========== Request オブジェクトのデバッグ ==========
[API] Request 型: PolarisRequest
[API] Request プロパティ一覧:
[API]   - Body :
[API]   - BodyString : {"codeData":{"エントリ":{"1-1":"Write-Host \"OK\"","2-1":"Write-Host \"OK\"","3-1":"Write-Host \"OK\"","4-1":"AAAA\n8;Pink;スクリプト;5;White;順次;\n6;White;順次;\n7;White;順次;","8-1":"AAAA\n5;White;順次;\n6;White;順次;\n7;White;順次;"},"最後のID":8}}
[API]   - Query :
[API]   - AcceptTypes : */*
[API]   - Cookies :
[API]   - Headers : sec-ch-ua-platform sec-ch-ua sec-ch-ua-mobile Origin Sec-Fetch-Site Sec-Fetch-Mode Sec-Fetch-Dest Connection Content-Length Content-Type Accept Accept-Encoding Accept-Language Host Referer User-Agent
[API]   - Method : POST
[API]   - Url : http://localhost:8080/api/folders/TA/code
[API]   - UserAgent : Mozilla/5.0 (Windows NT 10.0; Win64; x64) AppleWebKit/537.36 (KHTML, like Gecko) Chrome/142.0.0.0 Safari/537.36 Edg/142.0.0.0
[API]   - ClientIP : ::1
[API]   - RawRequest : System.Net.HttpListenerRequest
[API]   - Parameters : @{name=TA; 0=/api/folders/TA/code}
[API]   - User :
[API] ====================================================
[API] Request.Body のデバッグ開始...
[API] ❌ Request.Body が null です
[API] Request.BodyString を確認...
[API] ✅ Request.BodyString を取得: {"codeData":{"エントリ":{"1-1":"Write-Host \"OK\"","2-1":"Write-Host \"OK\"","3-1":"Write-Host \"OK\"","4-1":"AAAA\n8;Pink;スクリプト;5;White;順次;\n6;White;順次;\n7;White;順次;","8-1":"AAAA\n5;White;順次;\n6;White;順次;\n7;White;順次;"},"最後のID":8}}
[API] Request.Body の型: System.String
[API] Request.Body の文字列表現長さ: 228
[API] Request.Body の最初の200文字: [{"codeData":{"エントリ":{"1-1":"Write-Host \"OK\"","2-1":"Write-Host \"OK\"","3-1":"Write-Host \"OK\"","4-1":"AAAA\n8;Pink;スクリプト;5;White;順次;\n6;White;順次;\n7;White;順次;","8-1":"AAAA\n5;White;順次;\n6;White;順次]
[API] bodyRaw を ConvertFrom-Json します...
[API] ✅ ConvertFrom-Json完了
[API] bodyの内容: {"codeData":{"エントリ":{"1-1":"Write-Host \"OK\"","2-1":"Write-Host \"OK\"","3-1":"Write-Host \"OK\"","4-1":"AAAA\n8;Pink;スクリプト;5;White;順次;\n6;White;順次;\n7;White;順次;","8-1":"AAAA\n5;White;順次;\n6;White;順次;\n7;White;順次;"},"最後のID":8}}
[API] ✅ codeDataを取得しました
[API] codeDataの内容: {"エントリ":{"1-1":"Write-Host \"OK\"","2-1":"Write-Host \"OK\"","3-1":"Write-Host \"OK\"","4-1":"AAAA\n8;Pink;スクリプト;5;White;順次;\n6;White;順次;\n7;White;順次;","8-1":"AAAA\n5;White;順次;\n6;White;順次;\n7;White;順次;"},"最後のID":8}
[API] 保存先パス: C:\Users\hello\Documents\WindowsPowerShell\chord\RPA-UI2\03_history\TA\コード.json
[API] フォルダパス: C:\Users\hello\Documents\WindowsPowerShell\chord\RPA-UI2\03_history\TA
[API] フォルダは既に存在します
[API] JSON生成完了 (長さ: 353 文字)
[API] JSON内容の最初の200文字: {
    "エントリ":  {
                 "1-1":  "Write-Host \"OK\"",
                 "2-1":  "Write-Host \"OK\"",
                 "3-1":  "Write-Host \"OK\"",
                 "4-1":  "AAAA\n8;Pink;ス
[API] UTF-8 (BOMなし) でファイルを保存しました
[API] ✅ ファイル保存成功
[API]    ファイルサイズ: 401 バイト
[API]    最終更新時刻: 11/09/2025 04:53:30
━━━━━━━━━━━━━━━━━━━━━━━━━━━━━━━━━━
━━━━━━━━━━━━━━━━━━━━━━━━━━━━━━━━━━
[API] memory.json保存リクエスト受信
[API] フォルダ名: TA
[API] Request.Body が null です。Request.BodyString を確認...
[API] ✅ Request.BodyString を取得しました
[API] リクエストボディ長: 607 文字
[API] JSON解析成功
[API] layerStructure取得: 7 レイヤー
[API] 保存先パス: C:\Users\hello\Documents\WindowsPowerShell\chord\RPA-UI2\03_history\TA\memory.json
[API] フォルダは既に存在します
[API] レイヤー1 : 1個のノード
[API] レイヤー2 : 1個のノード
[API] 合計ノード数: 2
[API] JSON生成完了 (長さ: 1622 文字)
[API] UTF-8 (BOMなし) でファイルを保存しました
[API] ✅ ファイル保存成功
[API]    ファイルサイズ: 1800 バイト
[API]    最終更新時刻: 11/09/2025 04:53:31
━━━━━━━━━━━━━━━━━━━━━━━━━━━━━━━━━━
━━━━━━━━━━━━━━━━━━━━━━━━━━━━━━━━━━
[API] コード.json保存リクエスト受信
[API] フォルダ名: TA
[API] ========== Request オブジェクトのデバッグ ==========
[API] Request 型: PolarisRequest
[API] Request プロパティ一覧:
[API]   - Body :
[API]   - BodyString : {"codeData":{"エントリ":{"1-1":"Write-Host \"OK\"","2-1":"Write-Host \"OK\"","3-1":"Write-Host \"OK\"","4-1":"AAAA\n8;Pink;スクリプト;5;White;順次;\n6;White;順次;\n7;White;順次;","8-1":"AAAA\n9;White;順次;\n10;White;順次;\n11;White;順次;"},"最後のID":8}}
[API]   - Query :
[API]   - AcceptTypes : */*
[API]   - Cookies :
[API]   - Headers : sec-ch-ua-platform sec-ch-ua sec-ch-ua-mobile Origin Sec-Fetch-Site Sec-Fetch-Mode Sec-Fetch-Dest Connection Content-Length Content-Type Accept Accept-Encoding Accept-Language Host Referer User-Agent
[API]   - Method : POST
[API]   - Url : http://localhost:8080/api/folders/TA/code
[API]   - UserAgent : Mozilla/5.0 (Windows NT 10.0; Win64; x64) AppleWebKit/537.36 (KHTML, like Gecko) Chrome/142.0.0.0 Safari/537.36 Edg/142.0.0.0
[API]   - ClientIP : ::1
[API]   - RawRequest : System.Net.HttpListenerRequest
[API]   - Parameters : @{name=TA; 0=/api/folders/TA/code}
[API]   - User :
[API] ====================================================
[API] Request.Body のデバッグ開始...
[API] ❌ Request.Body が null です
[API] Request.BodyString を確認...
[API] ✅ Request.BodyString を取得: {"codeData":{"エントリ":{"1-1":"Write-Host \"OK\"","2-1":"Write-Host \"OK\"","3-1":"Write-Host \"OK\"","4-1":"AAAA\n8;Pink;スクリプト;5;White;順次;\n6;White;順次;\n7;White;順次;","8-1":"AAAA\n9;White;順次;\n10;White;順次;\n11;White;順次;"},"最後のID":8}}
[API] Request.Body の型: System.String
[API] Request.Body の文字列表現長さ: 230
[API] Request.Body の最初の200文字: [{"codeData":{"エントリ":{"1-1":"Write-Host \"OK\"","2-1":"Write-Host \"OK\"","3-1":"Write-Host \"OK\"","4-1":"AAAA\n8;Pink;スクリプト;5;White;順次;\n6;White;順次;\n7;White;順次;","8-1":"AAAA\n9;White;順次;\n10;White;順]
[API] bodyRaw を ConvertFrom-Json します...
[API] ✅ ConvertFrom-Json完了
[API] bodyの内容: {"codeData":{"エントリ":{"1-1":"Write-Host \"OK\"","2-1":"Write-Host \"OK\"","3-1":"Write-Host \"OK\"","4-1":"AAAA\n8;Pink;スクリプト;5;White;順次;\n6;White;順次;\n7;White;順次;","8-1":"AAAA\n9;White;順次;\n10;White;順次;\n11;White;順次;"},"最後のID":8}}
[API] ✅ codeDataを取得しました
[API] codeDataの内容: {"エントリ":{"1-1":"Write-Host \"OK\"","2-1":"Write-Host \"OK\"","3-1":"Write-Host \"OK\"","4-1":"AAAA\n8;Pink;スクリプト;5;White;順次;\n6;White;順次;\n7;White;順次;","8-1":"AAAA\n9;White;順次;\n10;White;順次;\n11;White;順次;"},"最後のID":8}
[API] 保存先パス: C:\Users\hello\Documents\WindowsPowerShell\chord\RPA-UI2\03_history\TA\コード.json
[API] フォルダパス: C:\Users\hello\Documents\WindowsPowerShell\chord\RPA-UI2\03_history\TA
[API] フォルダは既に存在します
[API] JSON生成完了 (長さ: 355 文字)
[API] JSON内容の最初の200文字: {
    "エントリ":  {
                 "1-1":  "Write-Host \"OK\"",
                 "2-1":  "Write-Host \"OK\"",
                 "3-1":  "Write-Host \"OK\"",
                 "4-1":  "AAAA\n8;Pink;ス
[API] UTF-8 (BOMなし) でファイルを保存しました
[API] ✅ ファイル保存成功
[API]    ファイルサイズ: 403 バイト
[API]    最終更新時刻: 11/09/2025 04:53:32
━━━━━━━━━━━━━━━━━━━━━━━━━━━━━━━━━━
━━━━━━━━━━━━━━━━━━━━━━━━━━━━━━━━━━
[API] memory.json保存リクエスト受信
[API] フォルダ名: TA
[API] Request.Body が null です。Request.BodyString を確認...
[API] ✅ Request.BodyString を取得しました
[API] リクエストボディ長: 1019 文字
[API] JSON解析成功
[API] layerStructure取得: 7 レイヤー
[API] 保存先パス: C:\Users\hello\Documents\WindowsPowerShell\chord\RPA-UI2\03_history\TA\memory.json
[API] フォルダは既に存在します
[API] レイヤー1 : 1個のノード
[API] レイヤー2 : 1個のノード
[API] レイヤー3 : 3個のノード
[API] 合計ノード数: 5
[API] JSON生成完了 (長さ: 3236 文字)
[API] UTF-8 (BOMなし) でファイルを保存しました
[API] ✅ ファイル保存成功
[API]    ファイルサイズ: 3576 バイト
[API]    最終更新時刻: 11/09/2025 04:53:32
━━━━━━━━━━━━━━━━━━━━━━━━━━━━━━━━━━
━━━━━━━━━━━━━━━━━━━━━━━━━━━━━━━━━━
[API] memory.json保存リクエスト受信
[API] フォルダ名: TA
[API] Request.Body が null です。Request.BodyString を確認...
[API] ✅ Request.BodyString を取得しました
[API] リクエストボディ長: 435 文字
[API] JSON解析成功
[API] layerStructure取得: 7 レイヤー
[API] 保存先パス: C:\Users\hello\Documents\WindowsPowerShell\chord\RPA-UI2\03_history\TA\memory.json
[API] フォルダは既に存在します
[API] レイヤー1 : 1個のノード
[API] 合計ノード数: 1
[API] JSON生成完了 (長さ: 1050 文字)
[API] UTF-8 (BOMなし) でファイルを保存しました
[API] ✅ ファイル保存成功
[API]    ファイルサイズ: 1156 バイト
[API]    最終更新時刻: 11/09/2025 04:53:33
━━━━━━━━━━━━━━━━━━━━━━━━━━━━━━━━━━
━━━━━━━━━━━━━━━━━━━━━━━━━━━━━━━━━━
[API] memory.json保存リクエスト受信
[API] フォルダ名: TA
[API] Request.Body が null です。Request.BodyString を確認...
[API] ✅ Request.BodyString を取得しました
[API] リクエストボディ長: 435 文字
[API] JSON解析成功
[API] layerStructure取得: 7 レイヤー
[API] 保存先パス: C:\Users\hello\Documents\WindowsPowerShell\chord\RPA-UI2\03_history\TA\memory.json
[API] フォルダは既に存在します
[API] レイヤー1 : 1個のノード
[API] 合計ノード数: 1
[API] JSON生成完了 (長さ: 1050 文字)
[API] UTF-8 (BOMなし) でファイルを保存しました
[API] ✅ ファイル保存成功
[API]    ファイルサイズ: 1156 バイト
[API]    最終更新時刻: 11/09/2025 04:53:53
━━━━━━━━━━━━━━━━━━━━━━━━━━━━━━━━━━
━━━━━━━━━━━━━━━━━━━━━━━━━━━━━━━━━━
[API] memory.json保存リクエスト受信
[API] フォルダ名: TA
[API] Request.Body が null です。Request.BodyString を確認...
[API] ✅ Request.BodyString を取得しました
[API] リクエストボディ長: 435 文字
[API] JSON解析成功
[API] layerStructure取得: 7 レイヤー
[API] 保存先パス: C:\Users\hello\Documents\WindowsPowerShell\chord\RPA-UI2\03_history\TA\memory.json
[API] フォルダは既に存在します
[API] レイヤー1 : 1個のノード
[API] 合計ノード数: 1
[API] JSON生成完了 (長さ: 1050 文字)
[API] UTF-8 (BOMなし) でファイルを保存しました
[API] ✅ ファイル保存成功
[API]    ファイルサイズ: 1156 バイト
[API]    最終更新時刻: 11/09/2025 04:53:54
━━━━━━━━━━━━━━━━━━━━━━━━━━━━━━━━━━
━━━━━━━━━━━━━━━━━━━━━━━━━━━━━━━━━━
[API] コード.json保存リクエスト受信
[API] フォルダ名: TA
[API] ========== Request オブジェクトのデバッグ ==========
[API] Request 型: PolarisRequest
[API] Request プロパティ一覧:
[API]   - Body :
[API]   - BodyString : {"codeData":{"エントリ":{"1-1":"Write-Host \"OK\"","2-1":"Write-Host \"OK\"","3-1":"Write-Host \"OK\"","4-1":"AAAA\n12;Pink;スクリプト;5;White;順次;\n13;White;順次;\n14;White;順次;","8-1":"AAAA\n9;White;順次;\n10;White;順次;\n11;White;順次;"},"最後のID":8}}
[API]   - Query :
[API]   - AcceptTypes : */*
[API]   - Cookies :
[API]   - Headers : sec-ch-ua-platform sec-ch-ua sec-ch-ua-mobile Origin Sec-Fetch-Site Sec-Fetch-Mode Sec-Fetch-Dest Connection Content-Length Content-Type Accept Accept-Encoding Accept-Language Host Referer User-Agent
[API]   - Method : POST
[API]   - Url : http://localhost:8080/api/folders/TA/code
[API]   - UserAgent : Mozilla/5.0 (Windows NT 10.0; Win64; x64) AppleWebKit/537.36 (KHTML, like Gecko) Chrome/142.0.0.0 Safari/537.36 Edg/142.0.0.0
[API]   - ClientIP : ::1
[API]   - RawRequest : System.Net.HttpListenerRequest
[API]   - Parameters : @{name=TA; 0=/api/folders/TA/code}
[API]   - User :
[API] ====================================================
[API] Request.Body のデバッグ開始...
[API] ❌ Request.Body が null です
[API] Request.BodyString を確認...
[API] ✅ Request.BodyString を取得: {"codeData":{"エントリ":{"1-1":"Write-Host \"OK\"","2-1":"Write-Host \"OK\"","3-1":"Write-Host \"OK\"","4-1":"AAAA\n12;Pink;スクリプト;5;White;順次;\n13;White;順次;\n14;White;順次;","8-1":"AAAA\n9;White;順次;\n10;White;順次;\n11;White;順次;"},"最後のID":8}}
[API] Request.Body の型: System.String
[API] Request.Body の文字列表現長さ: 233
[API] Request.Body の最初の200文字: [{"codeData":{"エントリ":{"1-1":"Write-Host \"OK\"","2-1":"Write-Host \"OK\"","3-1":"Write-Host \"OK\"","4-1":"AAAA\n12;Pink;スクリプト;5;White;順次;\n13;White;順次;\n14;White;順次;","8-1":"AAAA\n9;White;順次;\n10;Whit]
[API] bodyRaw を ConvertFrom-Json します...
[API] ✅ ConvertFrom-Json完了
[API] bodyの内容: {"codeData":{"エントリ":{"1-1":"Write-Host \"OK\"","2-1":"Write-Host \"OK\"","3-1":"Write-Host \"OK\"","4-1":"AAAA\n12;Pink;スクリプト;5;White;順次;\n13;White;順次;\n14;White;順次;","8-1":"AAAA\n9;White;順次;\n10;White;順次;\n11;White;順次;"},"最後のID":8}}
[API] ✅ codeDataを取得しました
[API] codeDataの内容: {"エントリ":{"1-1":"Write-Host \"OK\"","2-1":"Write-Host \"OK\"","3-1":"Write-Host \"OK\"","4-1":"AAAA\n12;Pink;スクリプト;5;White;順次;\n13;White;順次;\n14;White;順次;","8-1":"AAAA\n9;White;順次;\n10;White;順次;\n11;White;順次;"},"最後のID":8}
[API] 保存先パス: C:\Users\hello\Documents\WindowsPowerShell\chord\RPA-UI2\03_history\TA\コード.json
[API] フォルダパス: C:\Users\hello\Documents\WindowsPowerShell\chord\RPA-UI2\03_history\TA
[API] フォルダは既に存在します
[API] JSON生成完了 (長さ: 358 文字)
[API] JSON内容の最初の200文字: {
    "エントリ":  {
                 "1-1":  "Write-Host \"OK\"",
                 "2-1":  "Write-Host \"OK\"",
                 "3-1":  "Write-Host \"OK\"",
                 "4-1":  "AAAA\n12;Pink;
[API] UTF-8 (BOMなし) でファイルを保存しました
[API] ✅ ファイル保存成功
[API]    ファイルサイズ: 406 バイト
[API]    最終更新時刻: 11/09/2025 04:53:55
━━━━━━━━━━━━━━━━━━━━━━━━━━━━━━━━━━
━━━━━━━━━━━━━━━━━━━━━━━━━━━━━━━━━━
[API] コード.json保存リクエスト受信
[API] フォルダ名: TA
[API] ========== Request オブジェクトのデバッグ ==========
[API] Request 型: PolarisRequest
[API] Request プロパティ一覧:
[API]   - Body :
[API]   - BodyString : {"codeData":{"エントリ":{"1-1":"Write-Host \"OK\"","2-1":"Write-Host \"OK\"","3-1":"Write-Host \"OK\"","4-1":"AAAA\n15;Pink;スクリプト;5;White;順次;\n16;White;順次;\n17;White;順次;","8-1":"AAAA\n9;White;順次;\n10;White;順次;\n11;White;順次;"},"最後のID":8}}
[API]   - Query :
[API]   - AcceptTypes : */*
[API]   - Cookies :
[API]   - Headers : sec-ch-ua-platform sec-ch-ua sec-ch-ua-mobile Origin Sec-Fetch-Site Sec-Fetch-Mode Sec-Fetch-Dest Connection Content-Length Content-Type Accept Accept-Encoding Accept-Language Host Referer User-Agent
[API]   - Method : POST
[API]   - Url : http://localhost:8080/api/folders/TA/code
[API]   - UserAgent : Mozilla/5.0 (Windows NT 10.0; Win64; x64) AppleWebKit/537.36 (KHTML, like Gecko) Chrome/142.0.0.0 Safari/537.36 Edg/142.0.0.0
[API]   - ClientIP : ::1
[API]   - RawRequest : System.Net.HttpListenerRequest
[API]   - Parameters : @{name=TA; 0=/api/folders/TA/code}
[API]   - User :
[API] ====================================================
[API] Request.Body のデバッグ開始...
[API] ❌ Request.Body が null です
[API] Request.BodyString を確認...
[API] ✅ Request.BodyString を取得: {"codeData":{"エントリ":{"1-1":"Write-Host \"OK\"","2-1":"Write-Host \"OK\"","3-1":"Write-Host \"OK\"","4-1":"AAAA\n15;Pink;スクリプト;5;White;順次;\n16;White;順次;\n17;White;順次;","8-1":"AAAA\n9;White;順次;\n10;White;順次;\n11;White;順次;"},"最後のID":8}}
[API] Request.Body の型: System.String
[API] Request.Body の文字列表現長さ: 233
[API] Request.Body の最初の200文字: [{"codeData":{"エントリ":{"1-1":"Write-Host \"OK\"","2-1":"Write-Host \"OK\"","3-1":"Write-Host \"OK\"","4-1":"AAAA\n15;Pink;スクリプト;5;White;順次;\n16;White;順次;\n17;White;順次;","8-1":"AAAA\n9;White;順次;\n10;Whit]
[API] bodyRaw を ConvertFrom-Json します...
[API] ✅ ConvertFrom-Json完了
[API] bodyの内容: {"codeData":{"エントリ":{"1-1":"Write-Host \"OK\"","2-1":"Write-Host \"OK\"","3-1":"Write-Host \"OK\"","4-1":"AAAA\n15;Pink;スクリプト;5;White;順次;\n16;White;順次;\n17;White;順次;","8-1":"AAAA\n9;White;順次;\n10;White;順次;\n11;White;順次;"},"最後のID":8}}
[API] ✅ codeDataを取得しました
[API] codeDataの内容: {"エントリ":{"1-1":"Write-Host \"OK\"","2-1":"Write-Host \"OK\"","3-1":"Write-Host \"OK\"","4-1":"AAAA\n15;Pink;スクリプト;5;White;順次;\n16;White;順次;\n17;White;順次;","8-1":"AAAA\n9;White;順次;\n10;White;順次;\n11;White;順次;"},"最後のID":8}
[API] 保存先パス: C:\Users\hello\Documents\WindowsPowerShell\chord\RPA-UI2\03_history\TA\コード.json
[API] フォルダパス: C:\Users\hello\Documents\WindowsPowerShell\chord\RPA-UI2\03_history\TA
[API] フォルダは既に存在します
[API] JSON生成完了 (長さ: 358 文字)
[API] JSON内容の最初の200文字: {
    "エントリ":  {
                 "1-1":  "Write-Host \"OK\"",
                 "2-1":  "Write-Host \"OK\"",
                 "3-1":  "Write-Host \"OK\"",
                 "4-1":  "AAAA\n15;Pink;
[API] UTF-8 (BOMなし) でファイルを保存しました
[API] ✅ ファイル保存成功
[API]    ファイルサイズ: 406 バイト
[API]    最終更新時刻: 11/09/2025 04:53:55
━━━━━━━━━━━━━━━━━━━━━━━━━━━━━━━━━━
━━━━━━━━━━━━━━━━━━━━━━━━━━━━━━━━━━
[API] コード.json保存リクエスト受信
[API] フォルダ名: TA
[API] ========== Request オブジェクトのデバッグ ==========
[API] Request 型: PolarisRequest
[API] Request プロパティ一覧:
[API]   - Body :
[API]   - BodyString : {"codeData":{"エントリ":{"1-1":"Write-Host \"OK\"","2-1":"Write-Host \"OK\"","3-1":"Write-Host \"OK\"","4-1":"AAAA\n18;Pink;スクリプト;5;White;順次;\n19;White;順次;\n20;White;順次;","8-1":"AAAA\n9;White;順次;\n10;White;順次;\n11;White;順次;"},"最後のID":8}}
[API]   - Query :
[API]   - AcceptTypes : */*
[API]   - Cookies :
[API]   - Headers : sec-ch-ua-platform sec-ch-ua sec-ch-ua-mobile Origin Sec-Fetch-Site Sec-Fetch-Mode Sec-Fetch-Dest Connection Content-Length Content-Type Accept Accept-Encoding Accept-Language Host Referer User-Agent
[API]   - Method : POST
[API]   - Url : http://localhost:8080/api/folders/TA/code
[API]   - UserAgent : Mozilla/5.0 (Windows NT 10.0; Win64; x64) AppleWebKit/537.36 (KHTML, like Gecko) Chrome/142.0.0.0 Safari/537.36 Edg/142.0.0.0
[API]   - ClientIP : ::1
[API]   - RawRequest : System.Net.HttpListenerRequest
[API]   - Parameters : @{name=TA; 0=/api/folders/TA/code}
[API]   - User :
[API] ====================================================
[API] Request.Body のデバッグ開始...
[API] ❌ Request.Body が null です
[API] Request.BodyString を確認...
[API] ✅ Request.BodyString を取得: {"codeData":{"エントリ":{"1-1":"Write-Host \"OK\"","2-1":"Write-Host \"OK\"","3-1":"Write-Host \"OK\"","4-1":"AAAA\n18;Pink;スクリプト;5;White;順次;\n19;White;順次;\n20;White;順次;","8-1":"AAAA\n9;White;順次;\n10;White;順次;\n11;White;順次;"},"最後のID":8}}
[API] Request.Body の型: System.String
[API] Request.Body の文字列表現長さ: 233
[API] Request.Body の最初の200文字: [{"codeData":{"エントリ":{"1-1":"Write-Host \"OK\"","2-1":"Write-Host \"OK\"","3-1":"Write-Host \"OK\"","4-1":"AAAA\n18;Pink;スクリプト;5;White;順次;\n19;White;順次;\n20;White;順次;","8-1":"AAAA\n9;White;順次;\n10;Whit]
[API] bodyRaw を ConvertFrom-Json します...
[API] ✅ ConvertFrom-Json完了
[API] bodyの内容: {"codeData":{"エントリ":{"1-1":"Write-Host \"OK\"","2-1":"Write-Host \"OK\"","3-1":"Write-Host \"OK\"","4-1":"AAAA\n18;Pink;スクリプト;5;White;順次;\n19;White;順次;\n20;White;順次;","8-1":"AAAA\n9;White;順次;\n10;White;順次;\n11;White;順次;"},"最後のID":8}}
[API] ✅ codeDataを取得しました
[API] codeDataの内容: {"エントリ":{"1-1":"Write-Host \"OK\"","2-1":"Write-Host \"OK\"","3-1":"Write-Host \"OK\"","4-1":"AAAA\n18;Pink;スクリプト;5;White;順次;\n19;White;順次;\n20;White;順次;","8-1":"AAAA\n9;White;順次;\n10;White;順次;\n11;White;順次;"},"最後のID":8}
[API] 保存先パス: C:\Users\hello\Documents\WindowsPowerShell\chord\RPA-UI2\03_history\TA\コード.json
[API] フォルダパス: C:\Users\hello\Documents\WindowsPowerShell\chord\RPA-UI2\03_history\TA
[API] フォルダは既に存在します
[API] JSON生成完了 (長さ: 358 文字)
[API] JSON内容の最初の200文字: {
    "エントリ":  {
                 "1-1":  "Write-Host \"OK\"",
                 "2-1":  "Write-Host \"OK\"",
                 "3-1":  "Write-Host \"OK\"",
                 "4-1":  "AAAA\n18;Pink;
[API] UTF-8 (BOMなし) でファイルを保存しました
[API] ✅ ファイル保存成功
[API]    ファイルサイズ: 406 バイト
[API]    最終更新時刻: 11/09/2025 04:53:55
━━━━━━━━━━━━━━━━━━━━━━━━━━━━━━━━━━
━━━━━━━━━━━━━━━━━━━━━━━━━━━━━━━━━━
[API] memory.json保存リクエスト受信
[API] フォルダ名: TA
[API] Request.Body が null です。Request.BodyString を確認...
[API] ✅ Request.BodyString を取得しました
[API] リクエストボディ長: 852 文字
[API] JSON解析成功
[API] layerStructure取得: 7 レイヤー
[API] 保存先パス: C:\Users\hello\Documents\WindowsPowerShell\chord\RPA-UI2\03_history\TA\memory.json
[API] フォルダは既に存在します
[API] レイヤー1 : 1個のノード
[API] レイヤー2 : 3個のノード
[API] 合計ノード数: 4
[API] JSON生成完了 (長さ: 2668 文字)
[API] UTF-8 (BOMなし) でファイルを保存しました
[API] ✅ ファイル保存成功
[API]    ファイルサイズ: 2942 バイト
[API]    最終更新時刻: 11/09/2025 04:53:55
━━━━━━━━━━━━━━━━━━━━━━━━━━━━━━━━━━
━━━━━━━━━━━━━━━━━━━━━━━━━━━━━━━━━━
[API] memory.json保存リクエスト受信
[API] フォルダ名: TA
[API] Request.Body が null です。Request.BodyString を確認...
[API] ✅ Request.BodyString を取得しました
[API] リクエストボディ長: 852 文字
[API] JSON解析成功
[API] layerStructure取得: 7 レイヤー
[API] 保存先パス: C:\Users\hello\Documents\WindowsPowerShell\chord\RPA-UI2\03_history\TA\memory.json
[API] フォルダは既に存在します
[API] レイヤー1 : 1個のノード
[API] レイヤー2 : 3個のノード
[API] 合計ノード数: 4
[API] JSON生成完了 (長さ: 2668 文字)
[API] UTF-8 (BOMなし) でファイルを保存しました
[API] ✅ ファイル保存成功
[API]    ファイルサイズ: 2942 バイト
[API]    最終更新時刻: 11/09/2025 04:53:55
━━━━━━━━━━━━━━━━━━━━━━━━━━━━━━━━━━
━━━━━━━━━━━━━━━━━━━━━━━━━━━━━━━━━━
[API] memory.json保存リクエスト受信
[API] フォルダ名: TA
[API] Request.Body が null です。Request.BodyString を確認...
[API] ✅ Request.BodyString を取得しました
[API] リクエストボディ長: 852 文字
[API] JSON解析成功
[API] layerStructure取得: 7 レイヤー
[API] 保存先パス: C:\Users\hello\Documents\WindowsPowerShell\chord\RPA-UI2\03_history\TA\memory.json
[API] フォルダは既に存在します
[API] レイヤー1 : 1個のノード
[API] レイヤー2 : 3個のノード
[API] 合計ノード数: 4
[API] JSON生成完了 (長さ: 2668 文字)
[API] UTF-8 (BOMなし) でファイルを保存しました
[API] ✅ ファイル保存成功
[API]    ファイルサイズ: 2942 バイト
[API]    最終更新時刻: 11/09/2025 04:53:55
━━━━━━━━━━━━━━━━━━━━━━━━━━━━━━━━━━
━━━━━━━━━━━━━━━━━━━━━━━━━━━━━━━━━━
[API] コード.json保存リクエスト受信
[API] フォルダ名: TA
[API] ========== Request オブジェクトのデバッグ ==========
[API] Request 型: PolarisRequest
[API] Request プロパティ一覧:
[API]   - Body :
[API]   - BodyString : {"codeData":{"エントリ":{"1-1":"Write-Host \"OK\"","2-1":"Write-Host \"OK\"","3-1":"Write-Host \"OK\"","4-1":"AAAA\n21;Pink;スクリプト;5;White;順次;\n22;White;順次;\n23;White;順次;","8-1":"AAAA\n9;White;順次;\n10;White;順次;\n11;White;順次;"},"最後のID":8}}
[API]   - Query :
[API]   - AcceptTypes : */*
[API]   - Cookies :
[API]   - Headers : sec-ch-ua-platform sec-ch-ua sec-ch-ua-mobile Origin Sec-Fetch-Site Sec-Fetch-Mode Sec-Fetch-Dest Connection Content-Length Content-Type Accept Accept-Encoding Accept-Language Host Referer User-Agent
[API]   - Method : POST
[API]   - Url : http://localhost:8080/api/folders/TA/code
[API]   - UserAgent : Mozilla/5.0 (Windows NT 10.0; Win64; x64) AppleWebKit/537.36 (KHTML, like Gecko) Chrome/142.0.0.0 Safari/537.36 Edg/142.0.0.0
[API]   - ClientIP : ::1
[API]   - RawRequest : System.Net.HttpListenerRequest
[API]   - Parameters : @{name=TA; 0=/api/folders/TA/code}
[API]   - User :
[API] ====================================================
[API] Request.Body のデバッグ開始...
[API] ❌ Request.Body が null です
[API] Request.BodyString を確認...
[API] ✅ Request.BodyString を取得: {"codeData":{"エントリ":{"1-1":"Write-Host \"OK\"","2-1":"Write-Host \"OK\"","3-1":"Write-Host \"OK\"","4-1":"AAAA\n21;Pink;スクリプト;5;White;順次;\n22;White;順次;\n23;White;順次;","8-1":"AAAA\n9;White;順次;\n10;White;順次;\n11;White;順次;"},"最後のID":8}}
[API] Request.Body の型: System.String
[API] Request.Body の文字列表現長さ: 233
[API] Request.Body の最初の200文字: [{"codeData":{"エントリ":{"1-1":"Write-Host \"OK\"","2-1":"Write-Host \"OK\"","3-1":"Write-Host \"OK\"","4-1":"AAAA\n21;Pink;スクリプト;5;White;順次;\n22;White;順次;\n23;White;順次;","8-1":"AAAA\n9;White;順次;\n10;Whit]
[API] bodyRaw を ConvertFrom-Json します...
[API] ✅ ConvertFrom-Json完了
[API] bodyの内容: {"codeData":{"エントリ":{"1-1":"Write-Host \"OK\"","2-1":"Write-Host \"OK\"","3-1":"Write-Host \"OK\"","4-1":"AAAA\n21;Pink;スクリプト;5;White;順次;\n22;White;順次;\n23;White;順次;","8-1":"AAAA\n9;White;順次;\n10;White;順次;\n11;White;順次;"},"最後のID":8}}
[API] ✅ codeDataを取得しました
[API] codeDataの内容: {"エントリ":{"1-1":"Write-Host \"OK\"","2-1":"Write-Host \"OK\"","3-1":"Write-Host \"OK\"","4-1":"AAAA\n21;Pink;スクリプト;5;White;順次;\n22;White;順次;\n23;White;順次;","8-1":"AAAA\n9;White;順次;\n10;White;順次;\n11;White;順次;"},"最後のID":8}
[API] 保存先パス: C:\Users\hello\Documents\WindowsPowerShell\chord\RPA-UI2\03_history\TA\コード.json
[API] フォルダパス: C:\Users\hello\Documents\WindowsPowerShell\chord\RPA-UI2\03_history\TA
[API] フォルダは既に存在します
[API] JSON生成完了 (長さ: 358 文字)
[API] JSON内容の最初の200文字: {
    "エントリ":  {
                 "1-1":  "Write-Host \"OK\"",
                 "2-1":  "Write-Host \"OK\"",
                 "3-1":  "Write-Host \"OK\"",
                 "4-1":  "AAAA\n21;Pink;
[API] UTF-8 (BOMなし) でファイルを保存しました
[API] ✅ ファイル保存成功
[API]    ファイルサイズ: 406 バイト
[API]    最終更新時刻: 11/09/2025 04:53:56
━━━━━━━━━━━━━━━━━━━━━━━━━━━━━━━━━━
━━━━━━━━━━━━━━━━━━━━━━━━━━━━━━━━━━
[API] memory.json保存リクエスト受信
[API] フォルダ名: TA
[API] Request.Body が null です。Request.BodyString を確認...
[API] ✅ Request.BodyString を取得しました
[API] リクエストボディ長: 852 文字
[API] JSON解析成功
[API] layerStructure取得: 7 レイヤー
[API] 保存先パス: C:\Users\hello\Documents\WindowsPowerShell\chord\RPA-UI2\03_history\TA\memory.json
[API] フォルダは既に存在します
[API] レイヤー1 : 1個のノード
[API] レイヤー2 : 3個のノード
[API] 合計ノード数: 4
[API] JSON生成完了 (長さ: 2668 文字)
[API] UTF-8 (BOMなし) でファイルを保存しました
[API] ✅ ファイル保存成功
[API]    ファイルサイズ: 2942 バイト
[API]    最終更新時刻: 11/09/2025 04:53:57
━━━━━━━━━━━━━━━━━━━━━━━━━━━━━━━━━━
━━━━━━━━━━━━━━━━━━━━━━━━━━━━━━━━━━
[API] 🔥 DELETE /api/nodes/all エンドポイントが呼ばれました！
[API] 🔍 Request.Method: DELETE
[API] 🔍 Request.Path:
[API] 全ノード削除リクエスト受信
[API] Request.Body が null です。Request.BodyString を確認...
[API] ✅ Request.BodyString を取得しました
[API] リクエストボディ長: 587 文字
[API] JSON解析成功
[API] body のプロパティ: nodes
[API] body.nodesの型: System.Object[]
[API] 削除対象ノード数: 4
[API] サンプルノードID: 4, 21, 22
[API] ✅ 全ノード削除完了: 4個
━━━━━━━━━━━━━━━━━━━━━━━━━━━━━━━━━━
[API] コード.json保存リクエスト受信
[API] フォルダ名: TA
[API] ========== Request オブジェクトのデバッグ ==========
[API] Request 型: PolarisRequest
[API] Request プロパティ一覧:
[API]   - Body :
[API]   - BodyString : {"codeData":{"エントリ":{},"最後のID":0}}
[API]   - Query :
[API]   - AcceptTypes : */*
[API]   - Cookies :
[API]   - Headers : sec-ch-ua-platform sec-ch-ua sec-ch-ua-mobile Origin Sec-Fetch-Site Sec-Fetch-Mode Sec-Fetch-Dest Connection Content-Length Content-Type Accept Accept-Encoding Accept-Language Host Referer User-Agent
[API]   - Method : POST
[API]   - Url : http://localhost:8080/api/folders/TA/code
[API]   - UserAgent : Mozilla/5.0 (Windows NT 10.0; Win64; x64) AppleWebKit/537.36 (KHTML, like Gecko) Chrome/142.0.0.0 Safari/537.36 Edg/142.0.0.0
[API]   - ClientIP : ::1
[API]   - RawRequest : System.Net.HttpListenerRequest
[API]   - Parameters : @{name=TA; 0=/api/folders/TA/code}
[API]   - User :
[API] ====================================================
[API] Request.Body のデバッグ開始...
[API] ❌ Request.Body が null です
[API] Request.BodyString を確認...
[API] ✅ Request.BodyString を取得: {"codeData":{"エントリ":{},"最後のID":0}}
[API] Request.Body の型: System.String
[API] Request.Body の文字列表現長さ: 34
[API] Request.Body の最初の200文字: [{"codeData":{"エントリ":{},"最後のID":0}}]
[API] bodyRaw を ConvertFrom-Json します...
[API] ✅ ConvertFrom-Json完了
[API] bodyの内容: {"codeData":{"エントリ":{},"最後のID":0}}
[API] ✅ codeDataを取得しました
[API] codeDataの内容: {"エントリ":{},"最後のID":0}
[API] 保存先パス: C:\Users\hello\Documents\WindowsPowerShell\chord\RPA-UI2\03_history\TA\コード.json
[API] フォルダパス: C:\Users\hello\Documents\WindowsPowerShell\chord\RPA-UI2\03_history\TA
[API] フォルダは既に存在します
[API] JSON生成完了 (長さ: 56 文字)
[API] JSON内容の最初の200文字: {
    "エントリ":  {

             },
    "最後のID":  0
}
[API] UTF-8 (BOMなし) でファイルを保存しました
[API] ✅ ファイル保存成功
[API]    ファイルサイズ: 70 バイト
[API]    最終更新時刻: 11/09/2025 04:58:08
━━━━━━━━━━━━━━━━━━━━━━━━━━━━━━━━━━
━━━━━━━━━━━━━━━━━━━━━━━━━━━━━━━━━━
[API] memory.json保存リクエスト受信
[API] フォルダ名: TA
[API] Request.Body が null です。Request.BodyString を確認...
[API] ✅ Request.BodyString を取得しました
[API] リクエストボディ長: 250 文字
[API] JSON解析成功
[API] layerStructure取得: 7 レイヤー
[API] 保存先パス: C:\Users\hello\Documents\WindowsPowerShell\chord\RPA-UI2\03_history\TA\memory.json
[API] フォルダは既に存在します
[API] 合計ノード数: 0
[API] JSON生成完了 (長さ: 465 文字)
[API] UTF-8 (BOMなし) でファイルを保存しました
[API] ✅ ファイル保存成功
[API]    ファイルサイズ: 489 バイト
[API]    最終更新時刻: 11/09/2025 04:58:09
━━━━━━━━━━━━━━━━━━━━━━━━━━━━━━━━━━
[ノード関数実行] 関数名: 1_1
[ノード関数実行] スクリプトパス: C:\Users\hello\Documents\WindowsPowerShell\chord\RPA-UI2\00_code\1-1.ps1
[ノード関数実行] 📂 ファイルを読み込み中...
[ノード関数実行] 📄 ファイルパス: C:\Users\hello\Documents\WindowsPowerShell\chord\RPA-UI2\00_code\1-1.ps1
[ノード関数実行] ⏰ ファイル更新日時: 11/02/2025 02:44:55
[ノード関数実行] 📝 ファイルプレビュー (先頭200文字):

function 1_1 {
@"
Write-Host "OK"
"@
}
[ノード関数実行] ✅ 汎用関数を読み込みました
[ノード関数実行] ✅ スクリプト読み込み完了
[ノード関数実行] 🚀 関数 '1_1' を実行中...
[ノード関数実行] ✅ 関数実行完了
[ノード関数実行] 📤 生成されたコード (先頭200文字):
Write-Host "OK"
━━━━━━━━━━━━━━━━━━━━━━━━━━━━━━━━━━
[API] コード.json保存リクエスト受信
[API] フォルダ名: TA
[API] ========== Request オブジェクトのデバッグ ==========
[API] Request 型: PolarisRequest
[API] Request プロパティ一覧:
[API]   - Body :
[API]   - BodyString : {"codeData":{"エントリ":{"24-1":"Write-Host \"OK\""},"最後のID":24}}
[API]   - Query :
[API]   - AcceptTypes : */*
[API]   - Cookies :
[API]   - Headers : sec-ch-ua-platform sec-ch-ua sec-ch-ua-mobile Origin Sec-Fetch-Site Sec-Fetch-Mode Sec-Fetch-Dest Connection Content-Length Content-Type Accept Accept-Encoding Accept-Language Host Referer User-Agent
[API]   - Method : POST
[API]   - Url : http://localhost:8080/api/folders/TA/code
[API]   - UserAgent : Mozilla/5.0 (Windows NT 10.0; Win64; x64) AppleWebKit/537.36 (KHTML, like Gecko) Chrome/142.0.0.0 Safari/537.36 Edg/142.0.0.0
[API]   - ClientIP : ::1
[API]   - RawRequest : System.Net.HttpListenerRequest
[API]   - Parameters : @{name=TA; 0=/api/folders/TA/code}
[API]   - User :
[API] ====================================================
[API] Request.Body のデバッグ開始...
[API] ❌ Request.Body が null です
[API] Request.BodyString を確認...
[API] ✅ Request.BodyString を取得: {"codeData":{"エントリ":{"24-1":"Write-Host \"OK\""},"最後のID":24}}
[API] Request.Body の型: System.String
[API] Request.Body の文字列表現長さ: 61
[API] Request.Body の最初の200文字: [{"codeData":{"エントリ":{"24-1":"Write-Host \"OK\""},"最後のID":24}}]
[API] bodyRaw を ConvertFrom-Json します...
[API] ✅ ConvertFrom-Json完了
[API] bodyの内容: {"codeData":{"エントリ":{"24-1":"Write-Host \"OK\""},"最後のID":24}}
[API] ✅ codeDataを取得しました
[API] codeDataの内容: {"エントリ":{"24-1":"Write-Host \"OK\""},"最後のID":24}
[API] 保存先パス: C:\Users\hello\Documents\WindowsPowerShell\chord\RPA-UI2\03_history\TA\コード.json
[API] フォルダパス: C:\Users\hello\Documents\WindowsPowerShell\chord\RPA-UI2\03_history\TA
[API] フォルダは既に存在します
[API] JSON生成完了 (長さ: 102 文字)
[API] JSON内容の最初の200文字: {
    "エントリ":  {
                 "24-1":  "Write-Host \"OK\""
             },
    "最後のID":  24
}
[API] UTF-8 (BOMなし) でファイルを保存しました
[API] ✅ ファイル保存成功
[API]    ファイルサイズ: 116 バイト
[API]    最終更新時刻: 11/09/2025 04:58:24
━━━━━━━━━━━━━━━━━━━━━━━━━━━━━━━━━━
━━━━━━━━━━━━━━━━━━━━━━━━━━━━━━━━━━
[API] memory.json保存リクエスト受信
[API] フォルダ名: TA
[API] Request.Body が null です。Request.BodyString を確認...
[API] ✅ Request.BodyString を取得しました
[API] リクエストボディ長: 409 文字
[API] JSON解析成功
[API] layerStructure取得: 7 レイヤー
[API] 保存先パス: C:\Users\hello\Documents\WindowsPowerShell\chord\RPA-UI2\03_history\TA\memory.json
[API] フォルダは既に存在します
[API] レイヤー1 : 1個のノード
[API] 合計ノード数: 1
[API] JSON生成完了 (長さ: 998 文字)
[API] UTF-8 (BOMなし) でファイルを保存しました
[API] ✅ ファイル保存成功
[API]    ファイルサイズ: 1076 バイト
[API]    最終更新時刻: 11/09/2025 04:58:25
━━━━━━━━━━━━━━━━━━━━━━━━━━━━━━━━━━
[ノード関数実行] 関数名: 1_1
[ノード関数実行] スクリプトパス: C:\Users\hello\Documents\WindowsPowerShell\chord\RPA-UI2\00_code\1-1.ps1
[ノード関数実行] 📂 ファイルを読み込み中...
[ノード関数実行] 📄 ファイルパス: C:\Users\hello\Documents\WindowsPowerShell\chord\RPA-UI2\00_code\1-1.ps1
[ノード関数実行] ⏰ ファイル更新日時: 11/02/2025 02:44:55
[ノード関数実行] 📝 ファイルプレビュー (先頭200文字):

function 1_1 {
@"
Write-Host "OK"
"@
}
[ノード関数実行] ✅ 汎用関数を読み込みました
[ノード関数実行] ✅ スクリプト読み込み完了
[ノード関数実行] 🚀 関数 '1_1' を実行中...
[ノード関数実行] ✅ 関数実行完了
[ノード関数実行] 📤 生成されたコード (先頭200文字):
Write-Host "OK"
━━━━━━━━━━━━━━━━━━━━━━━━━━━━━━━━━━
[API] コード.json保存リクエスト受信
[API] フォルダ名: TA
[API] ========== Request オブジェクトのデバッグ ==========
[API] Request 型: PolarisRequest
[API] Request プロパティ一覧:
[API]   - Body :
[API]   - BodyString : {"codeData":{"エントリ":{"24-1":"Write-Host \"OK\"","25-1":"Write-Host \"OK\""},"最後のID":25}}
[API]   - Query :
[API]   - AcceptTypes : */*
[API]   - Cookies :
[API]   - Headers : sec-ch-ua-platform sec-ch-ua sec-ch-ua-mobile Origin Sec-Fetch-Site Sec-Fetch-Mode Sec-Fetch-Dest Connection Content-Length Content-Type Accept Accept-Encoding Accept-Language Host Referer User-Agent
[API]   - Method : POST
[API]   - Url : http://localhost:8080/api/folders/TA/code
[API]   - UserAgent : Mozilla/5.0 (Windows NT 10.0; Win64; x64) AppleWebKit/537.36 (KHTML, like Gecko) Chrome/142.0.0.0 Safari/537.36 Edg/142.0.0.0
[API]   - ClientIP : ::1
[API]   - RawRequest : System.Net.HttpListenerRequest
[API]   - Parameters : @{name=TA; 0=/api/folders/TA/code}
[API]   - User :
[API] ====================================================
[API] Request.Body のデバッグ開始...
[API] ❌ Request.Body が null です
[API] Request.BodyString を確認...
[API] ✅ Request.BodyString を取得: {"codeData":{"エントリ":{"24-1":"Write-Host \"OK\"","25-1":"Write-Host \"OK\""},"最後のID":25}}
[API] Request.Body の型: System.String
[API] Request.Body の文字列表現長さ: 88
[API] Request.Body の最初の200文字: [{"codeData":{"エントリ":{"24-1":"Write-Host \"OK\"","25-1":"Write-Host \"OK\""},"最後のID":25}}]
[API] bodyRaw を ConvertFrom-Json します...
[API] ✅ ConvertFrom-Json完了
[API] bodyの内容: {"codeData":{"エントリ":{"24-1":"Write-Host \"OK\"","25-1":"Write-Host \"OK\""},"最後のID":25}}
[API] ✅ codeDataを取得しました
[API] codeDataの内容: {"エントリ":{"24-1":"Write-Host \"OK\"","25-1":"Write-Host \"OK\""},"最後のID":25}
[API] 保存先パス: C:\Users\hello\Documents\WindowsPowerShell\chord\RPA-UI2\03_history\TA\コード.json
[API] フォルダパス: C:\Users\hello\Documents\WindowsPowerShell\chord\RPA-UI2\03_history\TA
[API] フォルダは既に存在します
[API] JSON生成完了 (長さ: 150 文字)
[API] JSON内容の最初の200文字: {
    "エントリ":  {
                 "24-1":  "Write-Host \"OK\"",
                 "25-1":  "Write-Host \"OK\""
             },
    "最後のID":  25
}
[API] UTF-8 (BOMなし) でファイルを保存しました
[API] ✅ ファイル保存成功
[API]    ファイルサイズ: 164 バイト
[API]    最終更新時刻: 11/09/2025 04:58:26
━━━━━━━━━━━━━━━━━━━━━━━━━━━━━━━━━━
━━━━━━━━━━━━━━━━━━━━━━━━━━━━━━━━━━
[API] memory.json保存リクエスト受信
[API] フォルダ名: TA
[API] Request.Body が null です。Request.BodyString を確認...
[API] ✅ Request.BodyString を取得しました
[API] リクエストボディ長: 569 文字
[API] JSON解析成功
[API] layerStructure取得: 7 レイヤー
[API] 保存先パス: C:\Users\hello\Documents\WindowsPowerShell\chord\RPA-UI2\03_history\TA\memory.json
[API] フォルダは既に存在します
[API] レイヤー1 : 2個のノード
[API] 合計ノード数: 2
[API] JSON生成完了 (長さ: 1534 文字)
[API] UTF-8 (BOMなし) でファイルを保存しました
[API] ✅ ファイル保存成功
[API]    ファイルサイズ: 1666 バイト
[API]    最終更新時刻: 11/09/2025 04:58:27
━━━━━━━━━━━━━━━━━━━━━━━━━━━━━━━━━━
[ノード関数実行] 関数名: 1_1
[ノード関数実行] スクリプトパス: C:\Users\hello\Documents\WindowsPowerShell\chord\RPA-UI2\00_code\1-1.ps1
[ノード関数実行] 📂 ファイルを読み込み中...
[ノード関数実行] 📄 ファイルパス: C:\Users\hello\Documents\WindowsPowerShell\chord\RPA-UI2\00_code\1-1.ps1
[ノード関数実行] ⏰ ファイル更新日時: 11/02/2025 02:44:55
[ノード関数実行] 📝 ファイルプレビュー (先頭200文字):

function 1_1 {
@"
Write-Host "OK"
"@
}
[ノード関数実行] ✅ 汎用関数を読み込みました
[ノード関数実行] ✅ スクリプト読み込み完了
[ノード関数実行] 🚀 関数 '1_1' を実行中...
[ノード関数実行] ✅ 関数実行完了
[ノード関数実行] 📤 生成されたコード (先頭200文字):
Write-Host "OK"
━━━━━━━━━━━━━━━━━━━━━━━━━━━━━━━━━━
[API] コード.json保存リクエスト受信
[API] フォルダ名: TA
[API] ========== Request オブジェクトのデバッグ ==========
[API] Request 型: PolarisRequest
[API] Request プロパティ一覧:
[API]   - Body :
[API]   - BodyString : {"codeData":{"エントリ":{"24-1":"Write-Host \"OK\"","25-1":"Write-Host \"OK\"","26-1":"Write-Host \"OK\""},"最後のID":26}}
[API]   - Query :
[API]   - AcceptTypes : */*
[API]   - Cookies :
[API]   - Headers : sec-ch-ua-platform sec-ch-ua sec-ch-ua-mobile Origin Sec-Fetch-Site Sec-Fetch-Mode Sec-Fetch-Dest Connection Content-Length Content-Type Accept Accept-Encoding Accept-Language Host Referer User-Agent
[API]   - Method : POST
[API]   - Url : http://localhost:8080/api/folders/TA/code
[API]   - UserAgent : Mozilla/5.0 (Windows NT 10.0; Win64; x64) AppleWebKit/537.36 (KHTML, like Gecko) Chrome/142.0.0.0 Safari/537.36 Edg/142.0.0.0
[API]   - ClientIP : ::1
[API]   - RawRequest : System.Net.HttpListenerRequest
[API]   - Parameters : @{name=TA; 0=/api/folders/TA/code}
[API]   - User :
[API] ====================================================
[API] Request.Body のデバッグ開始...
[API] ❌ Request.Body が null です
[API] Request.BodyString を確認...
[API] ✅ Request.BodyString を取得: {"codeData":{"エントリ":{"24-1":"Write-Host \"OK\"","25-1":"Write-Host \"OK\"","26-1":"Write-Host \"OK\""},"最後のID":26}}
[API] Request.Body の型: System.String
[API] Request.Body の文字列表現長さ: 115
[API] Request.Body の最初の200文字: [{"codeData":{"エントリ":{"24-1":"Write-Host \"OK\"","25-1":"Write-Host \"OK\"","26-1":"Write-Host \"OK\""},"最後のID":26}}]
[API] bodyRaw を ConvertFrom-Json します...
[API] ✅ ConvertFrom-Json完了
[API] bodyの内容: {"codeData":{"エントリ":{"24-1":"Write-Host \"OK\"","25-1":"Write-Host \"OK\"","26-1":"Write-Host \"OK\""},"最後のID":26}}
[API] ✅ codeDataを取得しました
[API] codeDataの内容: {"エントリ":{"24-1":"Write-Host \"OK\"","25-1":"Write-Host \"OK\"","26-1":"Write-Host \"OK\""},"最後のID":26}
[API] 保存先パス: C:\Users\hello\Documents\WindowsPowerShell\chord\RPA-UI2\03_history\TA\コード.json
[API] フォルダパス: C:\Users\hello\Documents\WindowsPowerShell\chord\RPA-UI2\03_history\TA
[API] フォルダは既に存在します
[API] JSON生成完了 (長さ: 198 文字)
[API] JSON内容の最初の200文字: {
    "エントリ":  {
                 "24-1":  "Write-Host \"OK\"",
                 "25-1":  "Write-Host \"OK\"",
                 "26-1":  "Write-Host \"OK\""
             },
    "最後のID":  26
}
[API] UTF-8 (BOMなし) でファイルを保存しました
[API] ✅ ファイル保存成功
[API]    ファイルサイズ: 212 バイト
[API]    最終更新時刻: 11/09/2025 04:58:28
━━━━━━━━━━━━━━━━━━━━━━━━━━━━━━━━━━
━━━━━━━━━━━━━━━━━━━━━━━━━━━━━━━━━━
[API] memory.json保存リクエスト受信
[API] フォルダ名: TA
[API] Request.Body が null です。Request.BodyString を確認...
[API] ✅ Request.BodyString を取得しました
[API] リクエストボディ長: 730 文字
[API] JSON解析成功
[API] layerStructure取得: 7 レイヤー
[API] 保存先パス: C:\Users\hello\Documents\WindowsPowerShell\chord\RPA-UI2\03_history\TA\memory.json
[API] フォルダは既に存在します
[API] レイヤー1 : 3個のノード
[API] 合計ノード数: 3
[API] JSON生成完了 (長さ: 2071 文字)
[API] UTF-8 (BOMなし) でファイルを保存しました
[API] ✅ ファイル保存成功
[API]    ファイルサイズ: 2257 バイト
[API]    最終更新時刻: 11/09/2025 04:58:28
━━━━━━━━━━━━━━━━━━━━━━━━━━━━━━━━━━
━━━━━━━━━━━━━━━━━━━━━━━━━━━━━━━━━━
[API] memory.json保存リクエスト受信
[API] フォルダ名: TA
[API] Request.Body が null です。Request.BodyString を確認...
[API] ✅ Request.BodyString を取得しました
[API] リクエストボディ長: 747 文字
[API] JSON解析成功
[API] layerStructure取得: 7 レイヤー
[API] 保存先パス: C:\Users\hello\Documents\WindowsPowerShell\chord\RPA-UI2\03_history\TA\memory.json
[API] フォルダは既に存在します
[API] レイヤー1 : 3個のノード
[API] 合計ノード数: 3
[API] JSON生成完了 (長さ: 2071 文字)
[API] UTF-8 (BOMなし) でファイルを保存しました
[API] ✅ ファイル保存成功
[API]    ファイルサイズ: 2257 バイト
[API]    最終更新時刻: 11/09/2025 04:58:30
━━━━━━━━━━━━━━━━━━━━━━━━━━━━━━━━━━
━━━━━━━━━━━━━━━━━━━━━━━━━━━━━━━━━━
[API] memory.json保存リクエスト受信
[API] フォルダ名: TA
[API] Request.Body が null です。Request.BodyString を確認...
[API] ✅ Request.BodyString を取得しました
[API] リクエストボディ長: 781 文字
[API] JSON解析成功
[API] layerStructure取得: 7 レイヤー
[API] 保存先パス: C:\Users\hello\Documents\WindowsPowerShell\chord\RPA-UI2\03_history\TA\memory.json
[API] フォルダは既に存在します
[API] レイヤー1 : 3個のノード
[API] 合計ノード数: 3
[API] JSON生成完了 (長さ: 2071 文字)
[API] UTF-8 (BOMなし) でファイルを保存しました
[API] ✅ ファイル保存成功
[API]    ファイルサイズ: 2257 バイト
[API]    最終更新時刻: 11/09/2025 04:58:30
━━━━━━━━━━━━━━━━━━━━━━━━━━━━━━━━━━
━━━━━━━━━━━━━━━━━━━━━━━━━━━━━━━━━━
[API] コード.json保存リクエスト受信
[API] フォルダ名: TA
[API] ========== Request オブジェクトのデバッグ ==========
[API] Request 型: PolarisRequest
[API] Request プロパティ一覧:
[API]   - Body :
[API]   - BodyString : {"codeData":{"エントリ":{"24-1":"Write-Host \"OK\"","25-1":"Write-Host \"OK\"","26-1":"Write-Host \"OK\"","27-1":"AAAA\n24-1;White;順次;\n25-1;White;順次;\n26-1;White;順次;"},"最後のID":27}}
[API]   - Query :
[API]   - AcceptTypes : */*
[API]   - Cookies :
[API]   - Headers : sec-ch-ua-platform sec-ch-ua sec-ch-ua-mobile Origin Sec-Fetch-Site Sec-Fetch-Mode Sec-Fetch-Dest Connection Content-Length Content-Type Accept Accept-Encoding Accept-Language Host Referer User-Agent
[API]   - Method : POST
[API]   - Url : http://localhost:8080/api/folders/TA/code
[API]   - UserAgent : Mozilla/5.0 (Windows NT 10.0; Win64; x64) AppleWebKit/537.36 (KHTML, like Gecko) Chrome/142.0.0.0 Safari/537.36 Edg/142.0.0.0
[API]   - ClientIP : ::1
[API]   - RawRequest : System.Net.HttpListenerRequest
[API]   - Parameters : @{name=TA; 0=/api/folders/TA/code}
[API]   - User :
[API] ====================================================
[API] Request.Body のデバッグ開始...
[API] ❌ Request.Body が null です
[API] Request.BodyString を確認...
[API] ✅ Request.BodyString を取得: {"codeData":{"エントリ":{"24-1":"Write-Host \"OK\"","25-1":"Write-Host \"OK\"","26-1":"Write-Host \"OK\"","27-1":"AAAA\n24-1;White;順次;\n25-1;White;順次;\n26-1;White;順次;"},"最後のID":27}}
[API] Request.Body の型: System.String
[API] Request.Body の文字列表現長さ: 177
[API] Request.Body の最初の200文字: [{"codeData":{"エントリ":{"24-1":"Write-Host \"OK\"","25-1":"Write-Host \"OK\"","26-1":"Write-Host \"OK\"","27-1":"AAAA\n24-1;White;順次;\n25-1;White;順次;\n26-1;White;順次;"},"最後のID":27}}]
[API] bodyRaw を ConvertFrom-Json します...
[API] ✅ ConvertFrom-Json完了
[API] bodyの内容: {"codeData":{"エントリ":{"24-1":"Write-Host \"OK\"","25-1":"Write-Host \"OK\"","26-1":"Write-Host \"OK\"","27-1":"AAAA\n24-1;White;順次;\n25-1;White;順次;\n26-1;White;順次;"},"最後のID":27}}
[API] ✅ codeDataを取得しました
[API] codeDataの内容: {"エントリ":{"24-1":"Write-Host \"OK\"","25-1":"Write-Host \"OK\"","26-1":"Write-Host \"OK\"","27-1":"AAAA\n24-1;White;順次;\n25-1;White;順次;\n26-1;White;順次;"},"最後のID":27}
[API] 保存先パス: C:\Users\hello\Documents\WindowsPowerShell\chord\RPA-UI2\03_history\TA\コード.json
[API] フォルダパス: C:\Users\hello\Documents\WindowsPowerShell\chord\RPA-UI2\03_history\TA
[API] フォルダは既に存在します
[API] JSON生成完了 (長さ: 281 文字)
[API] JSON内容の最初の200文字: {
    "エントリ":  {
                 "24-1":  "Write-Host \"OK\"",
                 "25-1":  "Write-Host \"OK\"",
                 "26-1":  "Write-Host \"OK\"",
                 "27-1":  "AAAA\n24-1
[API] UTF-8 (BOMなし) でファイルを保存しました
[API] ✅ ファイル保存成功
[API]    ファイルサイズ: 307 バイト
[API]    最終更新時刻: 11/09/2025 04:58:32
━━━━━━━━━━━━━━━━━━━━━━━━━━━━━━━━━━
━━━━━━━━━━━━━━━━━━━━━━━━━━━━━━━━━━
[API] memory.json保存リクエスト受信
[API] フォルダ名: TA
[API] Request.Body が null です。Request.BodyString を確認...
[API] ✅ Request.BodyString を取得しました
[API] リクエストボディ長: 432 文字
[API] JSON解析成功
[API] layerStructure取得: 7 レイヤー
[API] 保存先パス: C:\Users\hello\Documents\WindowsPowerShell\chord\RPA-UI2\03_history\TA\memory.json
[API] フォルダは既に存在します
[API] レイヤー1 : 1個のノード
[API] 合計ノード数: 1
[API] JSON生成完了 (長さ: 1046 文字)
[API] UTF-8 (BOMなし) でファイルを保存しました
[API] ✅ ファイル保存成功
[API]    ファイルサイズ: 1142 バイト
[API]    最終更新時刻: 11/09/2025 04:58:32
━━━━━━━━━━━━━━━━━━━━━━━━━━━━━━━━━━
━━━━━━━━━━━━━━━━━━━━━━━━━━━━━━━━━━
[API] memory.json保存リクエスト受信
[API] フォルダ名: TA
[API] Request.Body が null です。Request.BodyString を確認...
[API] ✅ Request.BodyString を取得しました
[API] リクエストボディ長: 432 文字
[API] JSON解析成功
[API] layerStructure取得: 7 レイヤー
[API] 保存先パス: C:\Users\hello\Documents\WindowsPowerShell\chord\RPA-UI2\03_history\TA\memory.json
[API] フォルダは既に存在します
[API] レイヤー1 : 1個のノード
[API] 合計ノード数: 1
[API] JSON生成完了 (長さ: 1046 文字)
[API] UTF-8 (BOMなし) でファイルを保存しました
[API] ✅ ファイル保存成功
[API]    ファイルサイズ: 1142 バイト
[API]    最終更新時刻: 11/09/2025 04:58:34
━━━━━━━━━━━━━━━━━━━━━━━━━━━━━━━━━━
━━━━━━━━━━━━━━━━━━━━━━━━━━━━━━━━━━
[API] memory.json保存リクエスト受信
[API] フォルダ名: TA
[API] Request.Body が null です。Request.BodyString を確認...
[API] ✅ Request.BodyString を取得しました
[API] リクエストボディ長: 432 文字
[API] JSON解析成功
[API] layerStructure取得: 7 レイヤー
[API] 保存先パス: C:\Users\hello\Documents\WindowsPowerShell\chord\RPA-UI2\03_history\TA\memory.json
[API] フォルダは既に存在します
[API] レイヤー1 : 1個のノード
[API] 合計ノード数: 1
[API] JSON生成完了 (長さ: 1046 文字)
[API] UTF-8 (BOMなし) でファイルを保存しました
[API] ✅ ファイル保存成功
[API]    ファイルサイズ: 1142 バイト
[API]    最終更新時刻: 11/09/2025 04:58:37
━━━━━━━━━━━━━━━━━━━━━━━━━━━━━━━━━━
━━━━━━━━━━━━━━━━━━━━━━━━━━━━━━━━━━
[API] コード.json保存リクエスト受信
[API] フォルダ名: TA
[API] ========== Request オブジェクトのデバッグ ==========
[API] Request 型: PolarisRequest
[API] Request プロパティ一覧:
[API]   - Body :
[API]   - BodyString : {"codeData":{"エントリ":{"24-1":"Write-Host \"OK\"","25-1":"Write-Host \"OK\"","26-1":"Write-Host \"OK\"","27-1":"AAAA\n28;White;順次;\n29;White;順次;\n30;White;順次;"},"最後のID":27}}
[API]   - Query :
[API]   - AcceptTypes : */*
[API]   - Cookies :
[API]   - Headers : sec-ch-ua-platform sec-ch-ua sec-ch-ua-mobile Origin Sec-Fetch-Site Sec-Fetch-Mode Sec-Fetch-Dest Connection Content-Length Content-Type Accept Accept-Encoding Accept-Language Host Referer User-Agent
[API]   - Method : POST
[API]   - Url : http://localhost:8080/api/folders/TA/code
[API]   - UserAgent : Mozilla/5.0 (Windows NT 10.0; Win64; x64) AppleWebKit/537.36 (KHTML, like Gecko) Chrome/142.0.0.0 Safari/537.36 Edg/142.0.0.0
[API]   - ClientIP : ::1
[API]   - RawRequest : System.Net.HttpListenerRequest
[API]   - Parameters : @{name=TA; 0=/api/folders/TA/code}
[API]   - User :
[API] ====================================================
[API] Request.Body のデバッグ開始...
[API] ❌ Request.Body が null です
[API] Request.BodyString を確認...
[API] ✅ Request.BodyString を取得: {"codeData":{"エントリ":{"24-1":"Write-Host \"OK\"","25-1":"Write-Host \"OK\"","26-1":"Write-Host \"OK\"","27-1":"AAAA\n28;White;順次;\n29;White;順次;\n30;White;順次;"},"最後のID":27}}
[API] Request.Body の型: System.String
[API] Request.Body の文字列表現長さ: 171
[API] Request.Body の最初の200文字: [{"codeData":{"エントリ":{"24-1":"Write-Host \"OK\"","25-1":"Write-Host \"OK\"","26-1":"Write-Host \"OK\"","27-1":"AAAA\n28;White;順次;\n29;White;順次;\n30;White;順次;"},"最後のID":27}}]
[API] bodyRaw を ConvertFrom-Json します...
[API] ✅ ConvertFrom-Json完了
[API] bodyの内容: {"codeData":{"エントリ":{"24-1":"Write-Host \"OK\"","25-1":"Write-Host \"OK\"","26-1":"Write-Host \"OK\"","27-1":"AAAA\n28;White;順次;\n29;White;順次;\n30;White;順次;"},"最後のID":27}}
[API] ✅ codeDataを取得しました
[API] codeDataの内容: {"エントリ":{"24-1":"Write-Host \"OK\"","25-1":"Write-Host \"OK\"","26-1":"Write-Host \"OK\"","27-1":"AAAA\n28;White;順次;\n29;White;順次;\n30;White;順次;"},"最後のID":27}
[API] 保存先パス: C:\Users\hello\Documents\WindowsPowerShell\chord\RPA-UI2\03_history\TA\コード.json
[API] フォルダパス: C:\Users\hello\Documents\WindowsPowerShell\chord\RPA-UI2\03_history\TA
[API] フォルダは既に存在します
[API] JSON生成完了 (長さ: 275 文字)
[API] JSON内容の最初の200文字: {
    "エントリ":  {
                 "24-1":  "Write-Host \"OK\"",
                 "25-1":  "Write-Host \"OK\"",
                 "26-1":  "Write-Host \"OK\"",
                 "27-1":  "AAAA\n28;W
[API] UTF-8 (BOMなし) でファイルを保存しました
[API] ✅ ファイル保存成功
[API]    ファイルサイズ: 301 バイト
[API]    最終更新時刻: 11/09/2025 04:58:38
━━━━━━━━━━━━━━━━━━━━━━━━━━━━━━━━━━
━━━━━━━━━━━━━━━━━━━━━━━━━━━━━━━━━━
[API] memory.json保存リクエスト受信
[API] フォルダ名: TA
[API] Request.Body が null です。Request.BodyString を確認...
[API] ✅ Request.BodyString を取得しました
[API] リクエストボディ長: 837 文字
[API] JSON解析成功
[API] layerStructure取得: 7 レイヤー
[API] 保存先パス: C:\Users\hello\Documents\WindowsPowerShell\chord\RPA-UI2\03_history\TA\memory.json
[API] フォルダは既に存在します
[API] レイヤー1 : 1個のノード
[API] レイヤー2 : 3個のノード
[API] 合計ノード数: 4
[API] JSON生成完了 (長さ: 2652 文字)
[API] UTF-8 (BOMなし) でファイルを保存しました
[API] ✅ ファイル保存成功
[API]    ファイルサイズ: 2910 バイト
[API]    最終更新時刻: 11/09/2025 04:58:39
━━━━━━━━━━━━━━━━━━━━━━━━━━━━━━━━━━
━━━━━━━━━━━━━━━━━━━━━━━━━━━━━━━━━━
[API] memory.json保存リクエスト受信
[API] フォルダ名: TA
[API] Request.Body が null です。Request.BodyString を確認...
[API] ✅ Request.BodyString を取得しました
[API] リクエストボディ長: 837 文字
[API] JSON解析成功
[API] layerStructure取得: 7 レイヤー
[API] 保存先パス: C:\Users\hello\Documents\WindowsPowerShell\chord\RPA-UI2\03_history\TA\memory.json
[API] フォルダは既に存在します
[API] レイヤー1 : 1個のノード
[API] レイヤー2 : 3個のノード
[API] 合計ノード数: 4
[API] JSON生成完了 (長さ: 2652 文字)
[API] UTF-8 (BOMなし) でファイルを保存しました
[API] ✅ ファイル保存成功
[API]    ファイルサイズ: 2910 バイト
[API]    最終更新時刻: 11/09/2025 04:58:40
━━━━━━━━━━━━━━━━━━━━━━━━━━━━━━━━━━
━━━━━━━━━━━━━━━━━━━━━━━━━━━━━━━━━━
[API] memory.json保存リクエスト受信
[API] フォルダ名: TA
[API] Request.Body が null です。Request.BodyString を確認...
[API] ✅ Request.BodyString を取得しました
[API] リクエストボディ長: 836 文字
[API] JSON解析成功
[API] layerStructure取得: 7 レイヤー
[API] 保存先パス: C:\Users\hello\Documents\WindowsPowerShell\chord\RPA-UI2\03_history\TA\memory.json
[API] フォルダは既に存在します
[API] レイヤー1 : 1個のノード
[API] レイヤー2 : 3個のノード
[API] 合計ノード数: 4
[API] JSON生成完了 (長さ: 2652 文字)
[API] UTF-8 (BOMなし) でファイルを保存しました
[API] ✅ ファイル保存成功
[API]    ファイルサイズ: 2910 バイト
[API]    最終更新時刻: 11/09/2025 04:58:41
━━━━━━━━━━━━━━━━━━━━━━━━━━━━━━━━━━
━━━━━━━━━━━━━━━━━━━━━━━━━━━━━━━━━━
[API] memory.json保存リクエスト受信
[API] フォルダ名: TA
[API] Request.Body が null です。Request.BodyString を確認...
[API] ✅ Request.BodyString を取得しました
[API] リクエストボディ長: 834 文字
[API] JSON解析成功
[API] layerStructure取得: 7 レイヤー
[API] 保存先パス: C:\Users\hello\Documents\WindowsPowerShell\chord\RPA-UI2\03_history\TA\memory.json
[API] フォルダは既に存在します
[API] レイヤー1 : 1個のノード
[API] レイヤー2 : 3個のノード
[API] 合計ノード数: 4
[API] JSON生成完了 (長さ: 2652 文字)
[API] UTF-8 (BOMなし) でファイルを保存しました
[API] ✅ ファイル保存成功
[API]    ファイルサイズ: 2910 バイト
[API]    最終更新時刻: 11/09/2025 04:58:41
━━━━━━━━━━━━━━━━━━━━━━━━━━━━━━━━━━
━━━━━━━━━━━━━━━━━━━━━━━━━━━━━━━━━━
[API] コード.json保存リクエスト受信
[API] フォルダ名: TA
[API] ========== Request オブジェクトのデバッグ ==========
[API] Request 型: PolarisRequest
[API] Request プロパティ一覧:
[API]   - Body :
[API]   - BodyString : {"codeData":{"エントリ":{"24-1":"Write-Host \"OK\"","25-1":"Write-Host \"OK\"","26-1":"Write-Host \"OK\"","27-1":"AAAA\n28;White;順次;\n29;White;順次;\n30;White;順次;","31-1":"AAAA\n28;White;順次;\n29;White;順次;\n30;White;順次;"},"最後のID":31}}
[API]   - Query :
[API]   - AcceptTypes : */*
[API]   - Cookies :
[API]   - Headers : sec-ch-ua-platform sec-ch-ua sec-ch-ua-mobile Origin Sec-Fetch-Site Sec-Fetch-Mode Sec-Fetch-Dest Connection Content-Length Content-Type Accept Accept-Encoding Accept-Language Host Referer User-Agent
[API]   - Method : POST
[API]   - Url : http://localhost:8080/api/folders/TA/code
[API]   - UserAgent : Mozilla/5.0 (Windows NT 10.0; Win64; x64) AppleWebKit/537.36 (KHTML, like Gecko) Chrome/142.0.0.0 Safari/537.36 Edg/142.0.0.0
[API]   - ClientIP : ::1
[API]   - RawRequest : System.Net.HttpListenerRequest
[API]   - Parameters : @{name=TA; 0=/api/folders/TA/code}
[API]   - User :
[API] ====================================================
[API] Request.Body のデバッグ開始...
[API] ❌ Request.Body が null です
[API] Request.BodyString を確認...
[API] ✅ Request.BodyString を取得: {"codeData":{"エントリ":{"24-1":"Write-Host \"OK\"","25-1":"Write-Host \"OK\"","26-1":"Write-Host \"OK\"","27-1":"AAAA\n28;White;順次;\n29;White;順次;\n30;White;順次;","31-1":"AAAA\n28;White;順次;\n29;White;順次;\n30;White;順次;"},"最後のID":31}}
[API] Request.Body の型: System.String
[API] Request.Body の文字列表現長さ: 227
[API] Request.Body の最初の200文字: [{"codeData":{"エントリ":{"24-1":"Write-Host \"OK\"","25-1":"Write-Host \"OK\"","26-1":"Write-Host \"OK\"","27-1":"AAAA\n28;White;順次;\n29;White;順次;\n30;White;順次;","31-1":"AAAA\n28;White;順次;\n29;White;順次;\n]
[API] bodyRaw を ConvertFrom-Json します...
[API] ✅ ConvertFrom-Json完了
[API] bodyの内容: {"codeData":{"エントリ":{"24-1":"Write-Host \"OK\"","25-1":"Write-Host \"OK\"","26-1":"Write-Host \"OK\"","27-1":"AAAA\n28;White;順次;\n29;White;順次;\n30;White;順次;","31-1":"AAAA\n28;White;順次;\n29;White;順次;\n30;White;順次;"},"最後のID":31}}
[API] ✅ codeDataを取得しました
[API] codeDataの内容: {"エントリ":{"24-1":"Write-Host \"OK\"","25-1":"Write-Host \"OK\"","26-1":"Write-Host \"OK\"","27-1":"AAAA\n28;White;順次;\n29;White;順次;\n30;White;順次;","31-1":"AAAA\n28;White;順次;\n29;White;順次;\n30;White;順次;"},"最後のID":31}
[API] 保存先パス: C:\Users\hello\Documents\WindowsPowerShell\chord\RPA-UI2\03_history\TA\コード.json
[API] フォルダパス: C:\Users\hello\Documents\WindowsPowerShell\chord\RPA-UI2\03_history\TA
[API] フォルダは既に存在します
[API] JSON生成完了 (長さ: 352 文字)
[API] JSON内容の最初の200文字: {
    "エントリ":  {
                 "24-1":  "Write-Host \"OK\"",
                 "25-1":  "Write-Host \"OK\"",
                 "26-1":  "Write-Host \"OK\"",
                 "27-1":  "AAAA\n28;W
[API] UTF-8 (BOMなし) でファイルを保存しました
[API] ✅ ファイル保存成功
[API]    ファイルサイズ: 390 バイト
[API]    最終更新時刻: 11/09/2025 04:58:45
━━━━━━━━━━━━━━━━━━━━━━━━━━━━━━━━━━
━━━━━━━━━━━━━━━━━━━━━━━━━━━━━━━━━━
[API] コード.json保存リクエスト受信
[API] フォルダ名: TA
[API] ========== Request オブジェクトのデバッグ ==========
[API] Request 型: PolarisRequest
[API] Request プロパティ一覧:
[API]   - Body :
[API]   - BodyString : {"codeData":{"エントリ":{"24-1":"Write-Host \"OK\"","25-1":"Write-Host \"OK\"","26-1":"Write-Host \"OK\"","27-1":"AAAA\n31;Pink;スクリプト;28;White;順次;\n29;White;順次;\n30;White;順次;","31-1":"AAAA\n28;White;順次;\n29;White;順次;\n30;White;順次;"},"最後のID":31}}
[API]   - Query :
[API]   - AcceptTypes : */*
[API]   - Cookies :
[API]   - Headers : sec-ch-ua-platform sec-ch-ua sec-ch-ua-mobile Origin Sec-Fetch-Site Sec-Fetch-Mode Sec-Fetch-Dest Connection Content-Length Content-Type Accept Accept-Encoding Accept-Language Host Referer User-Agent
[API]   - Method : POST
[API]   - Url : http://localhost:8080/api/folders/TA/code
[API]   - UserAgent : Mozilla/5.0 (Windows NT 10.0; Win64; x64) AppleWebKit/537.36 (KHTML, like Gecko) Chrome/142.0.0.0 Safari/537.36 Edg/142.0.0.0
[API]   - ClientIP : ::1
[API]   - RawRequest : System.Net.HttpListenerRequest
[API]   - Parameters : @{name=TA; 0=/api/folders/TA/code}
[API]   - User :
[API] ====================================================
[API] Request.Body のデバッグ開始...
[API] ❌ Request.Body が null です
[API] Request.BodyString を確認...
[API] ✅ Request.BodyString を取得: {"codeData":{"エントリ":{"24-1":"Write-Host \"OK\"","25-1":"Write-Host \"OK\"","26-1":"Write-Host \"OK\"","27-1":"AAAA\n31;Pink;スクリプト;28;White;順次;\n29;White;順次;\n30;White;順次;","31-1":"AAAA\n28;White;順次;\n29;White;順次;\n30;White;順次;"},"最後のID":31}}
[API] Request.Body の型: System.String
[API] Request.Body の文字列表現長さ: 241
[API] Request.Body の最初の200文字: [{"codeData":{"エントリ":{"24-1":"Write-Host \"OK\"","25-1":"Write-Host \"OK\"","26-1":"Write-Host \"OK\"","27-1":"AAAA\n31;Pink;スクリプト;28;White;順次;\n29;White;順次;\n30;White;順次;","31-1":"AAAA\n28;White;順次;\n]
[API] bodyRaw を ConvertFrom-Json します...
[API] ✅ ConvertFrom-Json完了
[API] bodyの内容: {"codeData":{"エントリ":{"24-1":"Write-Host \"OK\"","25-1":"Write-Host \"OK\"","26-1":"Write-Host \"OK\"","27-1":"AAAA\n31;Pink;スクリプト;28;White;順次;\n29;White;順次;\n30;White;順次;","31-1":"AAAA\n28;White;順次;\n29;White;順次;\n30;White;順次;"},"最後のID":31}}
[API] ✅ codeDataを取得しました
[API] codeDataの内容: {"エントリ":{"24-1":"Write-Host \"OK\"","25-1":"Write-Host \"OK\"","26-1":"Write-Host \"OK\"","27-1":"AAAA\n31;Pink;スクリプト;28;White;順次;\n29;White;順次;\n30;White;順次;","31-1":"AAAA\n28;White;順次;\n29;White;順次;\n30;White;順次;"},"最後のID":31}
[API] 保存先パス: C:\Users\hello\Documents\WindowsPowerShell\chord\RPA-UI2\03_history\TA\コード.json
[API] フォルダパス: C:\Users\hello\Documents\WindowsPowerShell\chord\RPA-UI2\03_history\TA
[API] フォルダは既に存在します
[API] JSON生成完了 (長さ: 366 文字)
[API] JSON内容の最初の200文字: {
    "エントリ":  {
                 "24-1":  "Write-Host \"OK\"",
                 "25-1":  "Write-Host \"OK\"",
                 "26-1":  "Write-Host \"OK\"",
                 "27-1":  "AAAA\n31;P
[API] UTF-8 (BOMなし) でファイルを保存しました
[API] ✅ ファイル保存成功
[API]    ファイルサイズ: 414 バイト
[API]    最終更新時刻: 11/09/2025 04:58:46
━━━━━━━━━━━━━━━━━━━━━━━━━━━━━━━━━━
━━━━━━━━━━━━━━━━━━━━━━━━━━━━━━━━━━
[API] memory.json保存リクエスト受信
[API] フォルダ名: TA
[API] Request.Body が null です。Request.BodyString を確認...
[API] ✅ Request.BodyString を取得しました
[API] リクエストボディ長: 616 文字
[API] JSON解析成功
[API] layerStructure取得: 7 レイヤー
[API] 保存先パス: C:\Users\hello\Documents\WindowsPowerShell\chord\RPA-UI2\03_history\TA\memory.json
[API] フォルダは既に存在します
[API] レイヤー1 : 1個のノード
[API] レイヤー2 : 1個のノード
[API] 合計ノード数: 2
[API] JSON生成完了 (長さ: 1629 文字)
[API] UTF-8 (BOMなし) でファイルを保存しました
[API] ✅ ファイル保存成功
[API]    ファイルサイズ: 1807 バイト
[API]    最終更新時刻: 11/09/2025 04:58:47
━━━━━━━━━━━━━━━━━━━━━━━━━━━━━━━━━━
━━━━━━━━━━━━━━━━━━━━━━━━━━━━━━━━━━
[API] コード.json保存リクエスト受信
[API] フォルダ名: TA
[API] ========== Request オブジェクトのデバッグ ==========
[API] Request 型: PolarisRequest
[API] Request プロパティ一覧:
[API]   - Body :
[API]   - BodyString : {"codeData":{"エントリ":{"24-1":"Write-Host \"OK\"","25-1":"Write-Host \"OK\"","26-1":"Write-Host \"OK\"","27-1":"AAAA\n31;Pink;スクリプト;28;White;順次;\n29;White;順次;\n30;White;順次;","31-1":"AAAA\n32;White;順次;\n33;White;順次;\n34;White;順次;"},"最後のID":31}}
[API]   - Query :
[API]   - AcceptTypes : */*
[API]   - Cookies :
[API]   - Headers : sec-ch-ua-platform sec-ch-ua sec-ch-ua-mobile Origin Sec-Fetch-Site Sec-Fetch-Mode Sec-Fetch-Dest Connection Content-Length Content-Type Accept Accept-Encoding Accept-Language Host Referer User-Agent
[API]   - Method : POST
[API]   - Url : http://localhost:8080/api/folders/TA/code
[API]   - UserAgent : Mozilla/5.0 (Windows NT 10.0; Win64; x64) AppleWebKit/537.36 (KHTML, like Gecko) Chrome/142.0.0.0 Safari/537.36 Edg/142.0.0.0
[API]   - ClientIP : ::1
[API]   - RawRequest : System.Net.HttpListenerRequest
[API]   - Parameters : @{name=TA; 0=/api/folders/TA/code}
[API]   - User :
[API] ====================================================
[API] Request.Body のデバッグ開始...
[API] ❌ Request.Body が null です
[API] Request.BodyString を確認...
[API] ✅ Request.BodyString を取得: {"codeData":{"エントリ":{"24-1":"Write-Host \"OK\"","25-1":"Write-Host \"OK\"","26-1":"Write-Host \"OK\"","27-1":"AAAA\n31;Pink;スクリプト;28;White;順次;\n29;White;順次;\n30;White;順次;","31-1":"AAAA\n32;White;順次;\n33;White;順次;\n34;White;順次;"},"最後のID":31}}
[API] Request.Body の型: System.String
[API] Request.Body の文字列表現長さ: 241
[API] Request.Body の最初の200文字: [{"codeData":{"エントリ":{"24-1":"Write-Host \"OK\"","25-1":"Write-Host \"OK\"","26-1":"Write-Host \"OK\"","27-1":"AAAA\n31;Pink;スクリプト;28;White;順次;\n29;White;順次;\n30;White;順次;","31-1":"AAAA\n32;White;順次;\n]
[API] bodyRaw を ConvertFrom-Json します...
[API] ✅ ConvertFrom-Json完了
[API] bodyの内容: {"codeData":{"エントリ":{"24-1":"Write-Host \"OK\"","25-1":"Write-Host \"OK\"","26-1":"Write-Host \"OK\"","27-1":"AAAA\n31;Pink;スクリプト;28;White;順次;\n29;White;順次;\n30;White;順次;","31-1":"AAAA\n32;White;順次;\n33;White;順次;\n34;White;順次;"},"最後のID":31}}
[API] ✅ codeDataを取得しました
[API] codeDataの内容: {"エントリ":{"24-1":"Write-Host \"OK\"","25-1":"Write-Host \"OK\"","26-1":"Write-Host \"OK\"","27-1":"AAAA\n31;Pink;スクリプト;28;White;順次;\n29;White;順次;\n30;White;順次;","31-1":"AAAA\n32;White;順次;\n33;White;順次;\n34;White;順次;"},"最後のID":31}
[API] 保存先パス: C:\Users\hello\Documents\WindowsPowerShell\chord\RPA-UI2\03_history\TA\コード.json
[API] フォルダパス: C:\Users\hello\Documents\WindowsPowerShell\chord\RPA-UI2\03_history\TA
[API] フォルダは既に存在します
[API] JSON生成完了 (長さ: 366 文字)
[API] JSON内容の最初の200文字: {
    "エントリ":  {
                 "24-1":  "Write-Host \"OK\"",
                 "25-1":  "Write-Host \"OK\"",
                 "26-1":  "Write-Host \"OK\"",
                 "27-1":  "AAAA\n31;P
[API] UTF-8 (BOMなし) でファイルを保存しました
[API] ✅ ファイル保存成功
[API]    ファイルサイズ: 414 バイト
[API]    最終更新時刻: 11/09/2025 04:58:47
━━━━━━━━━━━━━━━━━━━━━━━━━━━━━━━━━━
━━━━━━━━━━━━━━━━━━━━━━━━━━━━━━━━━━
[API] memory.json保存リクエスト受信
[API] フォルダ名: TA
[API] Request.Body が null です。Request.BodyString を確認...
[API] ✅ Request.BodyString を取得しました
[API] リクエストボディ長: 1027 文字
[API] JSON解析成功
[API] layerStructure取得: 7 レイヤー
[API] 保存先パス: C:\Users\hello\Documents\WindowsPowerShell\chord\RPA-UI2\03_history\TA\memory.json
[API] フォルダは既に存在します
[API] レイヤー1 : 1個のノード
[API] レイヤー2 : 1個のノード
[API] レイヤー3 : 3個のノード
[API] 合計ノード数: 5
[API] JSON生成完了 (長さ: 3241 文字)
[API] UTF-8 (BOMなし) でファイルを保存しました
[API] ✅ ファイル保存成功
[API]    ファイルサイズ: 3581 バイト
[API]    最終更新時刻: 11/09/2025 04:58:48
━━━━━━━━━━━━━━━━━━━━━━━━━━━━━━━━━━
