**********************
Windows PowerShell トランスクリプト開始
開始時刻: 20251109143639
ユーザー名: A-01\hello
RunAs ユーザー: A-01\hello
構成名: 
コンピューター: A-01 (Microsoft Windows NT 10.0.26100.0)
ホスト アプリケーション: powershell -NoExit -ExecutionPolicy Bypass -File .\adapter\api-server-v2.ps1 -AutoOpenBrowser
プロセス ID: 18296
PSVersion: 5.1.26100.6899
PSEdition: Desktop
PSCompatibleVersions: 1.0, 2.0, 3.0, 4.0, 5.0, 5.1.26100.6899
BuildVersion: 10.0.26100.6899
CLRVersion: 4.0.30319.42000
WSManStackVersion: 3.0
PSRemotingProtocolVersion: 2.3
SerializationVersion: 1.1.0.1
**********************
トランスクリプトが開始されました。出力ファイル: C:\Users\hello\Documents\WindowsPowerShell\chord\RPA-UI2\logs\api-server-v2_20251109_143639.log
[ログ] ログファイル: C:\Users\hello\Documents\WindowsPowerShell\chord\RPA-UI2\logs\api-server-v2_20251109_143639.log

==================================
UIpowershell - Polaris API Server V2
Version: 1.0.179 (UTF-8エンコーディング修正版)
==================================

[OK] Polarisモジュールを読み込みます: C:\Users\hello\Documents\WindowsPowerShell\chord\RPA-UI2\Modules\Polaris
[OK] Polarisモジュールを読み込みました (Version: Polaris.Version)

既存のPowerShell関数を読み込みます...
[OK] JSON操作ユーティリティ

[OK] コードID管理JSON

Phase 2 v2ファイルを読み込みます...
[OK] コードメイン_コード本文_v2
[OK] 変数機能_変数管理UI_v2
[OK] メインF機能_ツールバー作成_v2
[OK] メインF機能_メインボタン処理_v2
[OK] 削除処理_v2
[OK] ネスト規制バリデーション_v2

Phase 3 Adapterファイルを読み込みます...
[OK] UIpowershell状態を初期化しました (SessionId: 6a71b7d4-7a33-4bde-82f7-d7102191c9cc)
[OK] state-manager
[OK] node-operations

==================================

静的ファイル提供を設定します...
[OK] 静的ファイル提供を設定しました

Polarisサーバーを起動します...
  ポート: 8080
  URL: http://localhost:8080
  フロントエンド: http://localhost:8080/index-legacy.html

エントリ
--------
@{7-1=Write-Host "OK"; 8-1=Write-Host "OK"; 9-1=AAAA...

==================================
✓ サーバー起動成功！
==================================

アクセス先: http://localhost:8080

APIエンドポイント（Phase 3対応）:

【基本】
  GET  /api/health                    - ヘルスチェック
  GET  /api/session                   - セッション情報
  GET  /api/debug                     - デバッグ情報

【ノード管理】
  GET  /api/nodes                     - 全ノード取得
  PUT  /api/nodes                     - ノード配列を一括設定
  POST /api/nodes                     - ノード追加
  DELETE /api/nodes/:id               - ノード削除
  DELETE /api/nodes/all               - 全ノード削除

【変数管理】
  GET  /api/variables                 - 変数一覧取得
  GET  /api/variables/:name           - 変数取得
  POST /api/variables                 - 変数追加
  PUT  /api/variables/:name           - 変数更新
  DELETE /api/variables/:name         - 変数削除

【メニュー操作】
  GET  /api/menu/structure            - メニュー構造取得
  POST /api/menu/action/:actionId     - メニューアクション実行

【実行・フォルダ】
  POST /api/execute/generate          - PowerShellコード生成
  GET  /api/folders                   - フォルダ一覧取得
  POST /api/folders                   - フォルダ作成
  PUT  /api/folders/:name             - フォルダ切り替え

【バリデーション】
  POST /api/validate/drop             - ドロップ可否チェック

【コードID管理】
  POST /api/id/generate               - 新規ID生成
  POST /api/entry/add                 - エントリ追加
  GET  /api/entry/:id                 - エントリ取得
  GET  /api/entries/all               - 全エントリ取得

【ブラウザログ】
  POST /api/browser-logs              - ブラウザコンソールログ受信

停止するには Ctrl+C を押してください

[ブラウザ] Microsoft Edge（UIpowershell専用）をアプリモードで起動します
           URL: http://localhost:8080/index-legacy.html
[ノード関数実行] 関数名: 1_6
[ノード関数実行] スクリプトパス: C:\Users\hello\Documents\WindowsPowerShell\chord\RPA-UI2\00_code\1-6.ps1
[ノード関数実行] 📂 ファイルを読み込み中...
[ノード関数実行] 📄 ファイルパス: C:\Users\hello\Documents\WindowsPowerShell\chord\RPA-UI2\00_code\1-6.ps1
[ノード関数実行] ⏰ ファイル更新日時: 11/07/2025 07:59:14
[ノード関数実行] 📝 ファイルプレビュー (先頭200文字):
function 1_6 {
@"
Add-Type -AssemblyName System.Windows.Forms
[System.Windows.Forms.MessageBox]::Show("これはメッセージボックスです!AA!。", "タイトル", "OK", "Information")
"@
}
[ノード関数実行] ✅ 汎用関数を読み込みました
[ノード関数実行] ✅ スクリプト読み込み完了
[ノード関数実行] 🚀 関数 '1_6' を実行中...
[ノード関数実行] ✅ 関数実行完了
[ノード関数実行] 📤 生成されたコード (先頭200文字):
Add-Type -AssemblyName System.Windows.Forms
[System.Windows.Forms.MessageBox]::Show("これはメッセージボックスです!AA!。", "タイトル", "OK", "Information")
━━━━━━━━━━━━━━━━━━━━━━━━━━━━━━━━━━
[API] コード.json保存リクエスト受信
[API] フォルダ名: TA
[API] ========== Request オブジェクトのデバッグ ==========
[API] Request 型: PolarisRequest
[API] Request プロパティ一覧:
[API]   - Body :
[API]   - BodyString : {"codeData":{"エントリ":{"7-1":"Write-Host \"OK\"","8-1":"Write-Host \"OK\"","9-1":"AAAA\n16;Pink;スクリプト;\n17-1;White;Aメッセージボックス表示;","10-1":"Write-Host \"OK\"","11-1":"Write-Host \"OK\"","12-1":"AAAA\n13;White;順次;\n14;White;順次;","13-1":"Write-Host \"OK\"","14-1":"Write-Host \"OK\"","15-1":"AAAA\n13;White;順次;\n14;White;順次;","16-1":"AAAA\n13;White;順次;\n14;White;順次;","17-1":"Add-Type -AssemblyName System.Windows.Forms\r\n[System.Windows.Forms.MessageBox]::Show(\"これはメッセージボックスです!AA!。\", \"タイトル\", \"OK\", \"Information\")","3-1":"Add-Type -AssemblyName System.Windows.Forms\r\n[System.Windows.Forms.MessageBox]::Show(\"これはメッセージボックスです!AA!。\", \"タイトル\", \"OK\", \"Information\")"},"最後のID":17}}
[API]   - Query :
[API]   - AcceptTypes : */*
[API]   - Cookies :
[API]   - Headers : sec-ch-ua-platform sec-ch-ua sec-ch-ua-mobile Origin Sec-Fetch-Site Sec-Fetch-Mode Sec-Fetch-Dest Connection Content-Length Content-Type Accept Accept-Encoding Accept-Language Host Referer User-Agent
[API]   - Method : POST
[API]   - Url : http://localhost:8080/api/folders/TA/code
[API]   - UserAgent : Mozilla/5.0 (Windows NT 10.0; Win64; x64) AppleWebKit/537.36 (KHTML, like Gecko) Chrome/142.0.0.0 Safari/537.36 Edg/142.0.0.0
[API]   - ClientIP : ::1
[API]   - RawRequest : System.Net.HttpListenerRequest
[API]   - Parameters : @{name=TA; 0=/api/folders/TA/code}
[API]   - User :
[API] ====================================================
[API] Request.Body のデバッグ開始...
[API] ❌ Request.Body が null です
[API] Request.BodyString を確認...
[API] ✅ Request.BodyString を取得: {"codeData":{"エントリ":{"7-1":"Write-Host \"OK\"","8-1":"Write-Host \"OK\"","9-1":"AAAA\n16;Pink;スクリプト;\n17-1;White;Aメッセージボックス表示;","10-1":"Write-Host \"OK\"","11-1":"Write-Host \"OK\"","12-1":"AAAA\n13;White;順次;\n14;White;順次;","13-1":"Write-Host \"OK\"","14-1":"Write-Host \"OK\"","15-1":"AAAA\n13;White;順次;\n14;White;順次;","16-1":"AAAA\n13;White;順次;\n14;White;順次;","17-1":"Add-Type -AssemblyName System.Windows.Forms\r\n[System.Windows.Forms.MessageBox]::Show(\"これはメッセージボックスです!AA!。\", \"タイトル\", \"OK\", \"Information\")","3-1":"Add-Type -AssemblyName System.Windows.Forms\r\n[System.Windows.Forms.MessageBox]::Show(\"これはメッセージボックスです!AA!。\", \"タイトル\", \"OK\", \"Information\")"},"最後のID":17}}
[API] Request.Body の型: System.String
[API] Request.Body の文字列表現長さ: 686
[API] Request.Body の最初の200文字: [{"codeData":{"エントリ":{"7-1":"Write-Host \"OK\"","8-1":"Write-Host \"OK\"","9-1":"AAAA\n16;Pink;スクリプト;\n17-1;White;Aメッセージボックス表示;","10-1":"Write-Host \"OK\"","11-1":"Write-Host \"OK\"","12-1":"AAAA\n13;W]
[API] bodyRaw を ConvertFrom-Json します...
[API] ✅ ConvertFrom-Json完了
[API] bodyの内容: {"codeData":{"エントリ":{"7-1":"Write-Host \"OK\"","8-1":"Write-Host \"OK\"","9-1":"AAAA\n16;Pink;スクリプト;\n17-1;White;Aメッセージボックス表示;","10-1":"Write-Host \"OK\"","11-1":"Write-Host \"OK\"","12-1":"AAAA\n13;White;順次;\n14;White;順次;","13-1":"Write-Host \"OK\"","14-1":"Write-Host \"OK\"","15-1":"AAAA\n13;White;順次;\n14;White;順次;","16-1":"AAAA\n13;White;順次;\n14;White;順次;","17-1":"Add-Type -AssemblyName System.Windows.Forms\r\n[System.Windows.Forms.MessageBox]::Show(\"これはメッセージボックスです!AA!。\", \"タイトル\", \"OK\", \"Information\")","3-1":"Add-Type -AssemblyName System.Windows.Forms\r\n[System.Windows.Forms.MessageBox]::Show(\"これはメッセージボックスです!AA!。\", \"タイトル\", \"OK\", \"Information\")"},"最後のID":17}}
[API] ✅ codeDataを取得しました
[API] codeDataの内容: {"エントリ":{"7-1":"Write-Host \"OK\"","8-1":"Write-Host \"OK\"","9-1":"AAAA\n16;Pink;スクリプト;\n17-1;White;Aメッセージボックス表示;","10-1":"Write-Host \"OK\"","11-1":"Write-Host \"OK\"","12-1":"AAAA\n13;White;順次;\n14;White;順次;","13-1":"Write-Host \"OK\"","14-1":"Write-Host \"OK\"","15-1":"AAAA\n13;White;順次;\n14;White;順次;","16-1":"AAAA\n13;White;順次;\n14;White;順次;","17-1":"Add-Type -AssemblyName System.Windows.Forms\r\n[System.Windows.Forms.MessageBox]::Show(\"これはメッセージボックスです!AA!。\", \"タイトル\", \"OK\", \"Information\")","3-1":"Add-Type -AssemblyName System.Windows.Forms\r\n[System.Windows.Forms.MessageBox]::Show(\"これはメッセージボックスです!AA!。\", \"タイトル\", \"OK\", \"Information\")"},"最後のID":17}
[API] 保存先パス: C:\Users\hello\Documents\WindowsPowerShell\chord\RPA-UI2\03_history\TA\コード.json
[API] フォルダパス: C:\Users\hello\Documents\WindowsPowerShell\chord\RPA-UI2\03_history\TA
[API] フォルダは既に存在します
[API] JSON生成完了 (長さ: 958 文字)
[API] JSON内容の最初の200文字: {
    "エントリ":  {
                 "7-1":  "Write-Host \"OK\"",
                 "8-1":  "Write-Host \"OK\"",
                 "9-1":  "AAAA\n16;Pink;スクリプト;\n17-1;White;Aメッセージボックス表示;",
[API] UTF-8 (BOMなし) でファイルを保存しました
[API] ✅ ファイル保存成功
[API]    ファイルサイズ: 1104 バイト
[API]    最終更新時刻: 11/09/2025 14:36:54
━━━━━━━━━━━━━━━━━━━━━━━━━━━━━━━━━━
━━━━━━━━━━━━━━━━━━━━━━━━━━━━━━━━━━
[API] memory.json保存リクエスト受信
[API] フォルダ名: TA
[API] Request.Body が null です。Request.BodyString を確認...
[API] ✅ Request.BodyString を取得しました
[API] リクエストボディ長: 618 文字
[API] JSON解析成功
[API] layerStructure取得: 7 レイヤー
[API] 保存先パス: C:\Users\hello\Documents\WindowsPowerShell\chord\RPA-UI2\03_history\TA\memory.json
[API] フォルダは既に存在します
[API] レイヤー1 : 2個のノード
[API] 合計ノード数: 2
[API] JSON生成完了 (長さ: 1585 文字)
[API] UTF-8 (BOMなし) でファイルを保存しました
[API] ✅ ファイル保存成功
[API]    ファイルサイズ: 1773 バイト
[API]    最終更新時刻: 11/09/2025 14:36:54
━━━━━━━━━━━━━━━━━━━━━━━━━━━━━━━━━━
[ノード関数実行] 関数名: 1_1
[ノード関数実行] スクリプトパス: C:\Users\hello\Documents\WindowsPowerShell\chord\RPA-UI2\00_code\1-1.ps1
[ノード関数実行] 📂 ファイルを読み込み中...
[ノード関数実行] 📄 ファイルパス: C:\Users\hello\Documents\WindowsPowerShell\chord\RPA-UI2\00_code\1-1.ps1
[ノード関数実行] ⏰ ファイル更新日時: 11/02/2025 02:44:55
[ノード関数実行] 📝 ファイルプレビュー (先頭200文字):

function 1_1 {
@"
Write-Host "OK"
"@
}
[ノード関数実行] ✅ 汎用関数を読み込みました
[ノード関数実行] ✅ スクリプト読み込み完了
[ノード関数実行] 🚀 関数 '1_1' を実行中...
[ノード関数実行] ✅ 関数実行完了
[ノード関数実行] 📤 生成されたコード (先頭200文字):
Write-Host "OK"
━━━━━━━━━━━━━━━━━━━━━━━━━━━━━━━━━━
[API] コード.json保存リクエスト受信
[API] フォルダ名: TA
[API] ========== Request オブジェクトのデバッグ ==========
[API] Request 型: PolarisRequest
[API] Request プロパティ一覧:
[API]   - Body :
[API]   - BodyString : {"codeData":{"エントリ":{"7-1":"Write-Host \"OK\"","8-1":"Write-Host \"OK\"","9-1":"AAAA\n16;Pink;スクリプト;\n17-1;White;Aメッセージボックス表示;","10-1":"Write-Host \"OK\"","11-1":"Write-Host \"OK\"","12-1":"AAAA\n13;White;順次;\n14;White;順次;","13-1":"Write-Host \"OK\"","14-1":"Write-Host \"OK\"","15-1":"AAAA\n13;White;順次;\n14;White;順次;","16-1":"AAAA\n13;White;順次;\n14;White;順次;","17-1":"Add-Type -AssemblyName System.Windows.Forms\r\n[System.Windows.Forms.MessageBox]::Show(\"これはメッセージボックスです!AA!。\", \"タイトル\", \"OK\", \"Information\")","3-1":"Add-Type -AssemblyName System.Windows.Forms\r\n[System.Windows.Forms.MessageBox]::Show(\"これはメッセージボックスです!AA!。\", \"タイトル\", \"OK\", \"Information\")","4-1":"Write-Host \"OK\""},"最後のID":17}}
[API]   - Query :
[API]   - AcceptTypes : */*
[API]   - Cookies :
[API]   - Headers : sec-ch-ua-platform sec-ch-ua sec-ch-ua-mobile Origin Sec-Fetch-Site Sec-Fetch-Mode Sec-Fetch-Dest Connection Content-Length Content-Type Accept Accept-Encoding Accept-Language Host Referer User-Agent
[API]   - Method : POST
[API]   - Url : http://localhost:8080/api/folders/TA/code
[API]   - UserAgent : Mozilla/5.0 (Windows NT 10.0; Win64; x64) AppleWebKit/537.36 (KHTML, like Gecko) Chrome/142.0.0.0 Safari/537.36 Edg/142.0.0.0
[API]   - ClientIP : ::1
[API]   - RawRequest : System.Net.HttpListenerRequest
[API]   - Parameters : @{name=TA; 0=/api/folders/TA/code}
[API]   - User :
[API] ====================================================
[API] Request.Body のデバッグ開始...
[API] ❌ Request.Body が null です
[API] Request.BodyString を確認...
[API] ✅ Request.BodyString を取得: {"codeData":{"エントリ":{"7-1":"Write-Host \"OK\"","8-1":"Write-Host \"OK\"","9-1":"AAAA\n16;Pink;スクリプト;\n17-1;White;Aメッセージボックス表示;","10-1":"Write-Host \"OK\"","11-1":"Write-Host \"OK\"","12-1":"AAAA\n13;White;順次;\n14;White;順次;","13-1":"Write-Host \"OK\"","14-1":"Write-Host \"OK\"","15-1":"AAAA\n13;White;順次;\n14;White;順次;","16-1":"AAAA\n13;White;順次;\n14;White;順次;","17-1":"Add-Type -AssemblyName System.Windows.Forms\r\n[System.Windows.Forms.MessageBox]::Show(\"これはメッセージボックスです!AA!。\", \"タイトル\", \"OK\", \"Information\")","3-1":"Add-Type -AssemblyName System.Windows.Forms\r\n[System.Windows.Forms.MessageBox]::Show(\"これはメッセージボックスです!AA!。\", \"タイトル\", \"OK\", \"Information\")","4-1":"Write-Host \"OK\""},"最後のID":17}}
[API] Request.Body の型: System.String
[API] Request.Body の文字列表現長さ: 712
[API] Request.Body の最初の200文字: [{"codeData":{"エントリ":{"7-1":"Write-Host \"OK\"","8-1":"Write-Host \"OK\"","9-1":"AAAA\n16;Pink;スクリプト;\n17-1;White;Aメッセージボックス表示;","10-1":"Write-Host \"OK\"","11-1":"Write-Host \"OK\"","12-1":"AAAA\n13;W]
[API] bodyRaw を ConvertFrom-Json します...
[API] ✅ ConvertFrom-Json完了
[API] bodyの内容: {"codeData":{"エントリ":{"7-1":"Write-Host \"OK\"","8-1":"Write-Host \"OK\"","9-1":"AAAA\n16;Pink;スクリプト;\n17-1;White;Aメッセージボックス表示;","10-1":"Write-Host \"OK\"","11-1":"Write-Host \"OK\"","12-1":"AAAA\n13;White;順次;\n14;White;順次;","13-1":"Write-Host \"OK\"","14-1":"Write-Host \"OK\"","15-1":"AAAA\n13;White;順次;\n14;White;順次;","16-1":"AAAA\n13;White;順次;\n14;White;順次;","17-1":"Add-Type -AssemblyName System.Windows.Forms\r\n[System.Windows.Forms.MessageBox]::Show(\"これはメッセージボックスです!AA!。\", \"タイトル\", \"OK\", \"Information\")","3-1":"Add-Type -AssemblyName System.Windows.Forms\r\n[System.Windows.Forms.MessageBox]::Show(\"これはメッセージボックスです!AA!。\", \"タイトル\", \"OK\", \"Information\")","4-1":"Write-Host \"OK\""},"最後のID":17}}
[API] ✅ codeDataを取得しました
[API] codeDataの内容: {"エントリ":{"7-1":"Write-Host \"OK\"","8-1":"Write-Host \"OK\"","9-1":"AAAA\n16;Pink;スクリプト;\n17-1;White;Aメッセージボックス表示;","10-1":"Write-Host \"OK\"","11-1":"Write-Host \"OK\"","12-1":"AAAA\n13;White;順次;\n14;White;順次;","13-1":"Write-Host \"OK\"","14-1":"Write-Host \"OK\"","15-1":"AAAA\n13;White;順次;\n14;White;順次;","16-1":"AAAA\n13;White;順次;\n14;White;順次;","17-1":"Add-Type -AssemblyName System.Windows.Forms\r\n[System.Windows.Forms.MessageBox]::Show(\"これはメッセージボックスです!AA!。\", \"タイトル\", \"OK\", \"Information\")","3-1":"Add-Type -AssemblyName System.Windows.Forms\r\n[System.Windows.Forms.MessageBox]::Show(\"これはメッセージボックスです!AA!。\", \"タイトル\", \"OK\", \"Information\")","4-1":"Write-Host \"OK\""},"最後のID":17}
[API] 保存先パス: C:\Users\hello\Documents\WindowsPowerShell\chord\RPA-UI2\03_history\TA\コード.json
[API] フォルダパス: C:\Users\hello\Documents\WindowsPowerShell\chord\RPA-UI2\03_history\TA
[API] フォルダは既に存在します
[API] JSON生成完了 (長さ: 1005 文字)
[API] JSON内容の最初の200文字: {
    "エントリ":  {
                 "7-1":  "Write-Host \"OK\"",
                 "8-1":  "Write-Host \"OK\"",
                 "9-1":  "AAAA\n16;Pink;スクリプト;\n17-1;White;Aメッセージボックス表示;",
[API] UTF-8 (BOMなし) でファイルを保存しました
[API] ✅ ファイル保存成功
[API]    ファイルサイズ: 1151 バイト
[API]    最終更新時刻: 11/09/2025 14:36:57
━━━━━━━━━━━━━━━━━━━━━━━━━━━━━━━━━━
━━━━━━━━━━━━━━━━━━━━━━━━━━━━━━━━━━
[API] memory.json保存リクエスト受信
[API] フォルダ名: TA
[API] Request.Body が null です。Request.BodyString を確認...
[API] ✅ Request.BodyString を取得しました
[API] リクエストボディ長: 778 文字
[API] JSON解析成功
[API] layerStructure取得: 7 レイヤー
[API] 保存先パス: C:\Users\hello\Documents\WindowsPowerShell\chord\RPA-UI2\03_history\TA\memory.json
[API] フォルダは既に存在します
[API] レイヤー1 : 3個のノード
[API] 合計ノード数: 3
[API] JSON生成完了 (長さ: 2122 文字)
[API] UTF-8 (BOMなし) でファイルを保存しました
[API] ✅ ファイル保存成功
[API]    ファイルサイズ: 2364 バイト
[API]    最終更新時刻: 11/09/2025 14:36:58
━━━━━━━━━━━━━━━━━━━━━━━━━━━━━━━━━━
━━━━━━━━━━━━━━━━━━━━━━━━━━━━━━━━━━
[API] コード.json保存リクエスト受信
[API] フォルダ名: TA
[API] ========== Request オブジェクトのデバッグ ==========
[API] Request 型: PolarisRequest
[API] Request プロパティ一覧:
[API]   - Body :
[API]   - BodyString : {"codeData":{"エントリ":{"7-1":"Write-Host \"OK\"","8-1":"Write-Host \"OK\"","9-1":"AAAA\n16;Pink;スクリプト;\n17-1;White;Aメッセージボックス表示;","10-1":"Write-Host \"OK\"","11-1":"Write-Host \"OK\"","12-1":"AAAA\n13;White;順次;\n14;White;順次;","13-1":"Write-Host \"OK\"","14-1":"Write-Host \"OK\"","15-1":"AAAA\n13;White;順次;\n14;White;順次;","16-1":"AAAA\n13;White;順次;\n14;White;順次;","17-1":"Add-Type -AssemblyName System.Windows.Forms\r\n[System.Windows.Forms.MessageBox]::Show(\"これはメッセージボックスです!AA!。\", \"タイトル\", \"OK\", \"Information\")","3-1":"Add-Type -AssemblyName System.Windows.Forms\r\n[System.Windows.Forms.MessageBox]::Show(\"これはメッセージボックスです!AA!。\", \"タイトル\", \"OK\", \"Information\")","4-1":"Write-Host \"OK\"","5-1":"AAAA\n13;White;順次;\n14;White;順次;"},"最後のID":17}}
[API]   - Query :
[API]   - AcceptTypes : */*
[API]   - Cookies :
[API]   - Headers : sec-ch-ua-platform sec-ch-ua sec-ch-ua-mobile Origin Sec-Fetch-Site Sec-Fetch-Mode Sec-Fetch-Dest Connection Content-Length Content-Type Accept Accept-Encoding Accept-Language Host Referer User-Agent
[API]   - Method : POST
[API]   - Url : http://localhost:8080/api/folders/TA/code
[API]   - UserAgent : Mozilla/5.0 (Windows NT 10.0; Win64; x64) AppleWebKit/537.36 (KHTML, like Gecko) Chrome/142.0.0.0 Safari/537.36 Edg/142.0.0.0
[API]   - ClientIP : ::1
[API]   - RawRequest : System.Net.HttpListenerRequest
[API]   - Parameters : @{name=TA; 0=/api/folders/TA/code}
[API]   - User :
[API] ====================================================
[API] Request.Body のデバッグ開始...
[API] ❌ Request.Body が null です
[API] Request.BodyString を確認...
[API] ✅ Request.BodyString を取得: {"codeData":{"エントリ":{"7-1":"Write-Host \"OK\"","8-1":"Write-Host \"OK\"","9-1":"AAAA\n16;Pink;スクリプト;\n17-1;White;Aメッセージボックス表示;","10-1":"Write-Host \"OK\"","11-1":"Write-Host \"OK\"","12-1":"AAAA\n13;White;順次;\n14;White;順次;","13-1":"Write-Host \"OK\"","14-1":"Write-Host \"OK\"","15-1":"AAAA\n13;White;順次;\n14;White;順次;","16-1":"AAAA\n13;White;順次;\n14;White;順次;","17-1":"Add-Type -AssemblyName System.Windows.Forms\r\n[System.Windows.Forms.MessageBox]::Show(\"これはメッセージボックスです!AA!。\", \"タイトル\", \"OK\", \"Information\")","3-1":"Add-Type -AssemblyName System.Windows.Forms\r\n[System.Windows.Forms.MessageBox]::Show(\"これはメッセージボックスです!AA!。\", \"タイトル\", \"OK\", \"Information\")","4-1":"Write-Host \"OK\"","5-1":"AAAA\n13;White;順次;\n14;White;順次;"},"最後のID":17}}
[API] Request.Body の型: System.String
[API] Request.Body の文字列表現長さ: 753
[API] Request.Body の最初の200文字: [{"codeData":{"エントリ":{"7-1":"Write-Host \"OK\"","8-1":"Write-Host \"OK\"","9-1":"AAAA\n16;Pink;スクリプト;\n17-1;White;Aメッセージボックス表示;","10-1":"Write-Host \"OK\"","11-1":"Write-Host \"OK\"","12-1":"AAAA\n13;W]
[API] bodyRaw を ConvertFrom-Json します...
[API] ✅ ConvertFrom-Json完了
[API] bodyの内容: {"codeData":{"エントリ":{"7-1":"Write-Host \"OK\"","8-1":"Write-Host \"OK\"","9-1":"AAAA\n16;Pink;スクリプト;\n17-1;White;Aメッセージボックス表示;","10-1":"Write-Host \"OK\"","11-1":"Write-Host \"OK\"","12-1":"AAAA\n13;White;順次;\n14;White;順次;","13-1":"Write-Host \"OK\"","14-1":"Write-Host \"OK\"","15-1":"AAAA\n13;White;順次;\n14;White;順次;","16-1":"AAAA\n13;White;順次;\n14;White;順次;","17-1":"Add-Type -AssemblyName System.Windows.Forms\r\n[System.Windows.Forms.MessageBox]::Show(\"これはメッセージボックスです!AA!。\", \"タイトル\", \"OK\", \"Information\")","3-1":"Add-Type -AssemblyName System.Windows.Forms\r\n[System.Windows.Forms.MessageBox]::Show(\"これはメッセージボックスです!AA!。\", \"タイトル\", \"OK\", \"Information\")","4-1":"Write-Host \"OK\"","5-1":"AAAA\n13;White;順次;\n14;White;順次;"},"最後のID":17}}
[API] ✅ codeDataを取得しました
[API] codeDataの内容: {"エントリ":{"7-1":"Write-Host \"OK\"","8-1":"Write-Host \"OK\"","9-1":"AAAA\n16;Pink;スクリプト;\n17-1;White;Aメッセージボックス表示;","10-1":"Write-Host \"OK\"","11-1":"Write-Host \"OK\"","12-1":"AAAA\n13;White;順次;\n14;White;順次;","13-1":"Write-Host \"OK\"","14-1":"Write-Host \"OK\"","15-1":"AAAA\n13;White;順次;\n14;White;順次;","16-1":"AAAA\n13;White;順次;\n14;White;順次;","17-1":"Add-Type -AssemblyName System.Windows.Forms\r\n[System.Windows.Forms.MessageBox]::Show(\"これはメッセージボックスです!AA!。\", \"タイトル\", \"OK\", \"Information\")","3-1":"Add-Type -AssemblyName System.Windows.Forms\r\n[System.Windows.Forms.MessageBox]::Show(\"これはメッセージボックスです!AA!。\", \"タイトル\", \"OK\", \"Information\")","4-1":"Write-Host \"OK\"","5-1":"AAAA\n13;White;順次;\n14;White;順次;"},"最後のID":17}
[API] 保存先パス: C:\Users\hello\Documents\WindowsPowerShell\chord\RPA-UI2\03_history\TA\コード.json
[API] フォルダパス: C:\Users\hello\Documents\WindowsPowerShell\chord\RPA-UI2\03_history\TA
[API] フォルダは既に存在します
[API] JSON生成完了 (長さ: 1067 文字)
[API] JSON内容の最初の200文字: {
    "エントリ":  {
                 "7-1":  "Write-Host \"OK\"",
                 "8-1":  "Write-Host \"OK\"",
                 "9-1":  "AAAA\n16;Pink;スクリプト;\n17-1;White;Aメッセージボックス表示;",
[API] UTF-8 (BOMなし) でファイルを保存しました
[API] ✅ ファイル保存成功
[API]    ファイルサイズ: 1221 バイト
[API]    最終更新時刻: 11/09/2025 14:36:58
━━━━━━━━━━━━━━━━━━━━━━━━━━━━━━━━━━
━━━━━━━━━━━━━━━━━━━━━━━━━━━━━━━━━━
[API] コード.json保存リクエスト受信
[API] フォルダ名: TA
[API] ========== Request オブジェクトのデバッグ ==========
[API] Request 型: PolarisRequest
[API] Request プロパティ一覧:
[API]   - Body :
[API]   - BodyString : {"codeData":{"エントリ":{"7-1":"Write-Host \"OK\"","8-1":"Write-Host \"OK\"","9-1":"AAAA\n16;Pink;スクリプト;\n17-1;White;Aメッセージボックス表示;","10-1":"Write-Host \"OK\"","11-1":"Write-Host \"OK\"","12-1":"AAAA\n13;White;順次;\n14;White;順次;","13-1":"Write-Host \"OK\"","14-1":"Write-Host \"OK\"","15-1":"AAAA\n13;White;順次;\n14;White;順次;","16-1":"AAAA\n13;White;順次;\n14;White;順次;","17-1":"Add-Type -AssemblyName System.Windows.Forms\r\n[System.Windows.Forms.MessageBox]::Show(\"これはメッセージボックスです!AA!。\", \"タイトル\", \"OK\", \"Information\")","3-1":"Add-Type -AssemblyName System.Windows.Forms\r\n[System.Windows.Forms.MessageBox]::Show(\"これはメッセージボックスです!AA!。\", \"タイトル\", \"OK\", \"Information\")","4-1":"Write-Host \"OK\"","5-1":"AAAA\n13;White;順次;\n14;White;順次;","6-1":"Add-Type -AssemblyName System.Windows.Forms\r\n[System.Windows.Forms.MessageBox]::Show(\"これはメッセージボックスです!AA!。\", \"タイトル\", \"OK\", \"Information\")"},"最後のID":17}}
[API]   - Query :
[API]   - AcceptTypes : */*
[API]   - Cookies :
[API]   - Headers : sec-ch-ua-platform sec-ch-ua sec-ch-ua-mobile Origin Sec-Fetch-Site Sec-Fetch-Mode Sec-Fetch-Dest Connection Content-Length Content-Type Accept Accept-Encoding Accept-Language Host Referer User-Agent
[API]   - Method : POST
[API]   - Url : http://localhost:8080/api/folders/TA/code
[API]   - UserAgent : Mozilla/5.0 (Windows NT 10.0; Win64; x64) AppleWebKit/537.36 (KHTML, like Gecko) Chrome/142.0.0.0 Safari/537.36 Edg/142.0.0.0
[API]   - ClientIP : ::1
[API]   - RawRequest : System.Net.HttpListenerRequest
[API]   - Parameters : @{name=TA; 0=/api/folders/TA/code}
[API]   - User :
[API] ====================================================
[API] Request.Body のデバッグ開始...
[API] ❌ Request.Body が null です
[API] Request.BodyString を確認...
[API] ✅ Request.BodyString を取得: {"codeData":{"エントリ":{"7-1":"Write-Host \"OK\"","8-1":"Write-Host \"OK\"","9-1":"AAAA\n16;Pink;スクリプト;\n17-1;White;Aメッセージボックス表示;","10-1":"Write-Host \"OK\"","11-1":"Write-Host \"OK\"","12-1":"AAAA\n13;White;順次;\n14;White;順次;","13-1":"Write-Host \"OK\"","14-1":"Write-Host \"OK\"","15-1":"AAAA\n13;White;順次;\n14;White;順次;","16-1":"AAAA\n13;White;順次;\n14;White;順次;","17-1":"Add-Type -AssemblyName System.Windows.Forms\r\n[System.Windows.Forms.MessageBox]::Show(\"これはメッセージボックスです!AA!。\", \"タイトル\", \"OK\", \"Information\")","3-1":"Add-Type -AssemblyName System.Windows.Forms\r\n[System.Windows.Forms.MessageBox]::Show(\"これはメッセージボックスです!AA!。\", \"タイトル\", \"OK\", \"Information\")","4-1":"Write-Host \"OK\"","5-1":"AAAA\n13;White;順次;\n14;White;順次;","6-1":"Add-Type -AssemblyName System.Windows.Forms\r\n[System.Windows.Forms.MessageBox]::Show(\"これはメッセージボックスです!AA!。\", \"タイトル\", \"OK\", \"Information\")"},"最後のID":17}}
[API] Request.Body の型: System.String
[API] Request.Body の文字列表現長さ: 908
[API] Request.Body の最初の200文字: [{"codeData":{"エントリ":{"7-1":"Write-Host \"OK\"","8-1":"Write-Host \"OK\"","9-1":"AAAA\n16;Pink;スクリプト;\n17-1;White;Aメッセージボックス表示;","10-1":"Write-Host \"OK\"","11-1":"Write-Host \"OK\"","12-1":"AAAA\n13;W]
[API] bodyRaw を ConvertFrom-Json します...
[API] ✅ ConvertFrom-Json完了
[API] bodyの内容: {"codeData":{"エントリ":{"7-1":"Write-Host \"OK\"","8-1":"Write-Host \"OK\"","9-1":"AAAA\n16;Pink;スクリプト;\n17-1;White;Aメッセージボックス表示;","10-1":"Write-Host \"OK\"","11-1":"Write-Host \"OK\"","12-1":"AAAA\n13;White;順次;\n14;White;順次;","13-1":"Write-Host \"OK\"","14-1":"Write-Host \"OK\"","15-1":"AAAA\n13;White;順次;\n14;White;順次;","16-1":"AAAA\n13;White;順次;\n14;White;順次;","17-1":"Add-Type -AssemblyName System.Windows.Forms\r\n[System.Windows.Forms.MessageBox]::Show(\"これはメッセージボックスです!AA!。\", \"タイトル\", \"OK\", \"Information\")","3-1":"Add-Type -AssemblyName System.Windows.Forms\r\n[System.Windows.Forms.MessageBox]::Show(\"これはメッセージボックスです!AA!。\", \"タイトル\", \"OK\", \"Information\")","4-1":"Write-Host \"OK\"","5-1":"AAAA\n13;White;順次;\n14;White;順次;","6-1":"Add-Type -AssemblyName System.Windows.Forms\r\n[System.Windows.Forms.MessageBox]::Show(\"これはメッセージボックスです!AA!。\", \"タイトル\", \"OK\", \"Information\")"},"最後のID":17}}
[API] ✅ codeDataを取得しました
[API] codeDataの内容: {"エントリ":{"7-1":"Write-Host \"OK\"","8-1":"Write-Host \"OK\"","9-1":"AAAA\n16;Pink;スクリプト;\n17-1;White;Aメッセージボックス表示;","10-1":"Write-Host \"OK\"","11-1":"Write-Host \"OK\"","12-1":"AAAA\n13;White;順次;\n14;White;順次;","13-1":"Write-Host \"OK\"","14-1":"Write-Host \"OK\"","15-1":"AAAA\n13;White;順次;\n14;White;順次;","16-1":"AAAA\n13;White;順次;\n14;White;順次;","17-1":"Add-Type -AssemblyName System.Windows.Forms\r\n[System.Windows.Forms.MessageBox]::Show(\"これはメッセージボックスです!AA!。\", \"タイトル\", \"OK\", \"Information\")","3-1":"Add-Type -AssemblyName System.Windows.Forms\r\n[System.Windows.Forms.MessageBox]::Show(\"これはメッセージボックスです!AA!。\", \"タイトル\", \"OK\", \"Information\")","4-1":"Write-Host \"OK\"","5-1":"AAAA\n13;White;順次;\n14;White;順次;","6-1":"Add-Type -AssemblyName System.Windows.Forms\r\n[System.Windows.Forms.MessageBox]::Show(\"これはメッセージボックスです!AA!。\", \"タイトル\", \"OK\", \"Information\")"},"最後のID":17}
[API] 保存先パス: C:\Users\hello\Documents\WindowsPowerShell\chord\RPA-UI2\03_history\TA\コード.json
[API] フォルダパス: C:\Users\hello\Documents\WindowsPowerShell\chord\RPA-UI2\03_history\TA
[API] フォルダは既に存在します
[API] JSON生成完了 (長さ: 1243 文字)
[API] JSON内容の最初の200文字: {
    "エントリ":  {
                 "7-1":  "Write-Host \"OK\"",
                 "8-1":  "Write-Host \"OK\"",
                 "9-1":  "AAAA\n16;Pink;スクリプト;\n17-1;White;Aメッセージボックス表示;",
[API] UTF-8 (BOMなし) でファイルを保存しました
[API] ✅ ファイル保存成功
[API]    ファイルサイズ: 1435 バイト
[API]    最終更新時刻: 11/09/2025 14:36:58
━━━━━━━━━━━━━━━━━━━━━━━━━━━━━━━━━━
━━━━━━━━━━━━━━━━━━━━━━━━━━━━━━━━━━
[API] コード.json保存リクエスト受信
[API] フォルダ名: TA
[API] ========== Request オブジェクトのデバッグ ==========
[API] Request 型: PolarisRequest
[API] Request プロパティ一覧:
[API]   - Body :
[API]   - BodyString : {"codeData":{"エントリ":{"7-1":"Write-Host \"OK\"","8-1":"Write-Host \"OK\"","9-1":"AAAA\n16;Pink;スクリプト;\n17-1;White;Aメッセージボックス表示;","10-1":"Write-Host \"OK\"","11-1":"Write-Host \"OK\"","12-1":"AAAA\n13;White;順次;\n14;White;順次;","13-1":"Write-Host \"OK\"","14-1":"Write-Host \"OK\"","15-1":"AAAA\n13;White;順次;\n14;White;順次;","16-1":"AAAA\n13;White;順次;\n14;White;順次;","17-1":"Add-Type -AssemblyName System.Windows.Forms\r\n[System.Windows.Forms.MessageBox]::Show(\"これはメッセージボックスです!AA!。\", \"タイトル\", \"OK\", \"Information\")","3-1":"Add-Type -AssemblyName System.Windows.Forms\r\n[System.Windows.Forms.MessageBox]::Show(\"これはメッセージボックスです!AA!。\", \"タイトル\", \"OK\", \"Information\")","4-1":"Write-Host \"OK\"","5-1":"AAAA\n13;White;順次;\n14;White;順次;","6-1":"Add-Type -AssemblyName System.Windows.Forms\r\n[System.Windows.Forms.MessageBox]::Show(\"これはメッセージボックスです!AA!。\", \"タイトル\", \"OK\", \"Information\")","node-2-1":"AAAA\n5;Pink;スクリプト;\n6;White;Aメッセージボックス表示;"},"最後のID":17}}
[API]   - Query :
[API]   - AcceptTypes : */*
[API]   - Cookies :
[API]   - Headers : sec-ch-ua-platform sec-ch-ua sec-ch-ua-mobile Origin Sec-Fetch-Site Sec-Fetch-Mode Sec-Fetch-Dest Connection Content-Length Content-Type Accept Accept-Encoding Accept-Language Host Referer User-Agent
[API]   - Method : POST
[API]   - Url : http://localhost:8080/api/folders/TA/code
[API]   - UserAgent : Mozilla/5.0 (Windows NT 10.0; Win64; x64) AppleWebKit/537.36 (KHTML, like Gecko) Chrome/142.0.0.0 Safari/537.36 Edg/142.0.0.0
[API]   - ClientIP : ::1
[API]   - RawRequest : System.Net.HttpListenerRequest
[API]   - Parameters : @{name=TA; 0=/api/folders/TA/code}
[API]   - User :
[API] ====================================================
[API] Request.Body のデバッグ開始...
[API] ❌ Request.Body が null です
[API] Request.BodyString を確認...
[API] ✅ Request.BodyString を取得: {"codeData":{"エントリ":{"7-1":"Write-Host \"OK\"","8-1":"Write-Host \"OK\"","9-1":"AAAA\n16;Pink;スクリプト;\n17-1;White;Aメッセージボックス表示;","10-1":"Write-Host \"OK\"","11-1":"Write-Host \"OK\"","12-1":"AAAA\n13;White;順次;\n14;White;順次;","13-1":"Write-Host \"OK\"","14-1":"Write-Host \"OK\"","15-1":"AAAA\n13;White;順次;\n14;White;順次;","16-1":"AAAA\n13;White;順次;\n14;White;順次;","17-1":"Add-Type -AssemblyName System.Windows.Forms\r\n[System.Windows.Forms.MessageBox]::Show(\"これはメッセージボックスです!AA!。\", \"タイトル\", \"OK\", \"Information\")","3-1":"Add-Type -AssemblyName System.Windows.Forms\r\n[System.Windows.Forms.MessageBox]::Show(\"これはメッセージボックスです!AA!。\", \"タイトル\", \"OK\", \"Information\")","4-1":"Write-Host \"OK\"","5-1":"AAAA\n13;White;順次;\n14;White;順次;","6-1":"Add-Type -AssemblyName System.Windows.Forms\r\n[System.Windows.Forms.MessageBox]::Show(\"これはメッセージボックスです!AA!。\", \"タイトル\", \"OK\", \"Information\")","node-2-1":"AAAA\n5;Pink;スクリプト;\n6;White;Aメッセージボックス表示;"},"最後のID":17}}
[API] Request.Body の型: System.String
[API] Request.Body の文字列表現長さ: 964
[API] Request.Body の最初の200文字: [{"codeData":{"エントリ":{"7-1":"Write-Host \"OK\"","8-1":"Write-Host \"OK\"","9-1":"AAAA\n16;Pink;スクリプト;\n17-1;White;Aメッセージボックス表示;","10-1":"Write-Host \"OK\"","11-1":"Write-Host \"OK\"","12-1":"AAAA\n13;W]
[API] bodyRaw を ConvertFrom-Json します...
[API] ✅ ConvertFrom-Json完了
[API] bodyの内容: {"codeData":{"エントリ":{"7-1":"Write-Host \"OK\"","8-1":"Write-Host \"OK\"","9-1":"AAAA\n16;Pink;スクリプト;\n17-1;White;Aメッセージボックス表示;","10-1":"Write-Host \"OK\"","11-1":"Write-Host \"OK\"","12-1":"AAAA\n13;White;順次;\n14;White;順次;","13-1":"Write-Host \"OK\"","14-1":"Write-Host \"OK\"","15-1":"AAAA\n13;White;順次;\n14;White;順次;","16-1":"AAAA\n13;White;順次;\n14;White;順次;","17-1":"Add-Type -AssemblyName System.Windows.Forms\r\n[System.Windows.Forms.MessageBox]::Show(\"これはメッセージボックスです!AA!。\", \"タイトル\", \"OK\", \"Information\")","3-1":"Add-Type -AssemblyName System.Windows.Forms\r\n[System.Windows.Forms.MessageBox]::Show(\"これはメッセージボックスです!AA!。\", \"タイトル\", \"OK\", \"Information\")","4-1":"Write-Host \"OK\"","5-1":"AAAA\n13;White;順次;\n14;White;順次;","6-1":"Add-Type -AssemblyName System.Windows.Forms\r\n[System.Windows.Forms.MessageBox]::Show(\"これはメッセージボックスです!AA!。\", \"タイトル\", \"OK\", \"Information\")","node-2-1":"AAAA\n5;Pink;スクリプト;\n6;White;Aメッセージボックス表示;"},"最後のID":17}}
[API] ✅ codeDataを取得しました
[API] codeDataの内容: {"エントリ":{"7-1":"Write-Host \"OK\"","8-1":"Write-Host \"OK\"","9-1":"AAAA\n16;Pink;スクリプト;\n17-1;White;Aメッセージボックス表示;","10-1":"Write-Host \"OK\"","11-1":"Write-Host \"OK\"","12-1":"AAAA\n13;White;順次;\n14;White;順次;","13-1":"Write-Host \"OK\"","14-1":"Write-Host \"OK\"","15-1":"AAAA\n13;White;順次;\n14;White;順次;","16-1":"AAAA\n13;White;順次;\n14;White;順次;","17-1":"Add-Type -AssemblyName System.Windows.Forms\r\n[System.Windows.Forms.MessageBox]::Show(\"これはメッセージボックスです!AA!。\", \"タイトル\", \"OK\", \"Information\")","3-1":"Add-Type -AssemblyName System.Windows.Forms\r\n[System.Windows.Forms.MessageBox]::Show(\"これはメッセージボックスです!AA!。\", \"タイトル\", \"OK\", \"Information\")","4-1":"Write-Host \"OK\"","5-1":"AAAA\n13;White;順次;\n14;White;順次;","6-1":"Add-Type -AssemblyName System.Windows.Forms\r\n[System.Windows.Forms.MessageBox]::Show(\"これはメッセージボックスです!AA!。\", \"タイトル\", \"OK\", \"Information\")","node-2-1":"AAAA\n5;Pink;スクリプト;\n6;White;Aメッセージボックス表示;"},"最後のID":17}
[API] 保存先パス: C:\Users\hello\Documents\WindowsPowerShell\chord\RPA-UI2\03_history\TA\コード.json
[API] フォルダパス: C:\Users\hello\Documents\WindowsPowerShell\chord\RPA-UI2\03_history\TA
[API] フォルダは既に存在します
[API] JSON生成完了 (長さ: 1320 文字)
[API] JSON内容の最初の200文字: {
    "エントリ":  {
                 "7-1":  "Write-Host \"OK\"",
                 "8-1":  "Write-Host \"OK\"",
                 "9-1":  "AAAA\n16;Pink;スクリプト;\n17-1;White;Aメッセージボックス表示;",
[API] UTF-8 (BOMなし) でファイルを保存しました
[API] ✅ ファイル保存成功
[API]    ファイルサイズ: 1544 バイト
[API]    最終更新時刻: 11/09/2025 14:36:58
━━━━━━━━━━━━━━━━━━━━━━━━━━━━━━━━━━
━━━━━━━━━━━━━━━━━━━━━━━━━━━━━━━━━━
[API] memory.json保存リクエスト受信
[API] フォルダ名: TA
[API] Request.Body が null です。Request.BodyString を確認...
[API] ✅ Request.BodyString を取得しました
[API] リクエストボディ長: 1082 文字
[API] JSON解析成功
[API] layerStructure取得: 7 レイヤー
[API] 保存先パス: C:\Users\hello\Documents\WindowsPowerShell\chord\RPA-UI2\03_history\TA\memory.json
[API] フォルダは既に存在します
[API] レイヤー1 : 3個のノード
[API] レイヤー2 : 2個のノード
[API] 合計ノード数: 5
[API] JSON生成完了 (長さ: 3228 文字)
[API] UTF-8 (BOMなし) でファイルを保存しました
[API] ✅ ファイル保存成功
[API]    ファイルサイズ: 3610 バイト
[API]    最終更新時刻: 11/09/2025 14:36:59
━━━━━━━━━━━━━━━━━━━━━━━━━━━━━━━━━━
━━━━━━━━━━━━━━━━━━━━━━━━━━━━━━━━━━
[API] コード.json保存リクエスト受信
[API] フォルダ名: TA
[API] ========== Request オブジェクトのデバッグ ==========
[API] Request 型: PolarisRequest
[API] Request プロパティ一覧:
[API]   - Body :
[API]   - BodyString : {"codeData":{"エントリ":{"7-1":"AAAA\n13;White;順次;\n14;White;順次;","8-1":"Write-Host \"OK\"","9-1":"AAAA\n16;Pink;スクリプト;\n17-1;White;Aメッセージボックス表示;","10-1":"Write-Host \"OK\"","11-1":"Write-Host \"OK\"","12-1":"AAAA\n13;White;順次;\n14;White;順次;","13-1":"Write-Host \"OK\"","14-1":"Write-Host \"OK\"","15-1":"AAAA\n13;White;順次;\n14;White;順次;","16-1":"AAAA\n13;White;順次;\n14;White;順次;","17-1":"Add-Type -AssemblyName System.Windows.Forms\r\n[System.Windows.Forms.MessageBox]::Show(\"これはメッセージボックスです!AA!。\", \"タイトル\", \"OK\", \"Information\")","3-1":"Add-Type -AssemblyName System.Windows.Forms\r\n[System.Windows.Forms.MessageBox]::Show(\"これはメッセージボックスです!AA!。\", \"タイトル\", \"OK\", \"Information\")","4-1":"Write-Host \"OK\"","5-1":"AAAA\n13;White;順次;\n14;White;順次;","6-1":"Add-Type -AssemblyName System.Windows.Forms\r\n[System.Windows.Forms.MessageBox]::Show(\"これはメッセージボックスです!AA!。\", \"タイトル\", \"OK\", \"Information\")","node-2-1":"AAAA\n5;Pink;スクリプト;\n6;White;Aメッセージボックス表示;"},"最後のID":17}}
[API]   - Query :
[API]   - AcceptTypes : */*
[API]   - Cookies :
[API]   - Headers : sec-ch-ua-platform sec-ch-ua sec-ch-ua-mobile Origin Sec-Fetch-Site Sec-Fetch-Mode Sec-Fetch-Dest Connection Content-Length Content-Type Accept Accept-Encoding Accept-Language Host Referer User-Agent
[API]   - Method : POST
[API]   - Url : http://localhost:8080/api/folders/TA/code
[API]   - UserAgent : Mozilla/5.0 (Windows NT 10.0; Win64; x64) AppleWebKit/537.36 (KHTML, like Gecko) Chrome/142.0.0.0 Safari/537.36 Edg/142.0.0.0
[API]   - ClientIP : ::1
[API]   - RawRequest : System.Net.HttpListenerRequest
[API]   - Parameters : @{name=TA; 0=/api/folders/TA/code}
[API]   - User :
[API] ====================================================
[API] Request.Body のデバッグ開始...
[API] ❌ Request.Body が null です
[API] Request.BodyString を確認...
[API] ✅ Request.BodyString を取得: {"codeData":{"エントリ":{"7-1":"AAAA\n13;White;順次;\n14;White;順次;","8-1":"Write-Host \"OK\"","9-1":"AAAA\n16;Pink;スクリプト;\n17-1;White;Aメッセージボックス表示;","10-1":"Write-Host \"OK\"","11-1":"Write-Host \"OK\"","12-1":"AAAA\n13;White;順次;\n14;White;順次;","13-1":"Write-Host \"OK\"","14-1":"Write-Host \"OK\"","15-1":"AAAA\n13;White;順次;\n14;White;順次;","16-1":"AAAA\n13;White;順次;\n14;White;順次;","17-1":"Add-Type -AssemblyName System.Windows.Forms\r\n[System.Windows.Forms.MessageBox]::Show(\"これはメッセージボックスです!AA!。\", \"タイトル\", \"OK\", \"Information\")","3-1":"Add-Type -AssemblyName System.Windows.Forms\r\n[System.Windows.Forms.MessageBox]::Show(\"これはメッセージボックスです!AA!。\", \"タイトル\", \"OK\", \"Information\")","4-1":"Write-Host \"OK\"","5-1":"AAAA\n13;White;順次;\n14;White;順次;","6-1":"Add-Type -AssemblyName System.Windows.Forms\r\n[System.Windows.Forms.MessageBox]::Show(\"これはメッセージボックスです!AA!。\", \"タイトル\", \"OK\", \"Information\")","node-2-1":"AAAA\n5;Pink;スクリプト;\n6;White;Aメッセージボックス表示;"},"最後のID":17}}
[API] Request.Body の型: System.String
[API] Request.Body の文字列表現長さ: 979
[API] Request.Body の最初の200文字: [{"codeData":{"エントリ":{"7-1":"AAAA\n13;White;順次;\n14;White;順次;","8-1":"Write-Host \"OK\"","9-1":"AAAA\n16;Pink;スクリプト;\n17-1;White;Aメッセージボックス表示;","10-1":"Write-Host \"OK\"","11-1":"Write-Host \"OK\"","12]
[API] bodyRaw を ConvertFrom-Json します...
[API] ✅ ConvertFrom-Json完了
[API] bodyの内容: {"codeData":{"エントリ":{"7-1":"AAAA\n13;White;順次;\n14;White;順次;","8-1":"Write-Host \"OK\"","9-1":"AAAA\n16;Pink;スクリプト;\n17-1;White;Aメッセージボックス表示;","10-1":"Write-Host \"OK\"","11-1":"Write-Host \"OK\"","12-1":"AAAA\n13;White;順次;\n14;White;順次;","13-1":"Write-Host \"OK\"","14-1":"Write-Host \"OK\"","15-1":"AAAA\n13;White;順次;\n14;White;順次;","16-1":"AAAA\n13;White;順次;\n14;White;順次;","17-1":"Add-Type -AssemblyName System.Windows.Forms\r\n[System.Windows.Forms.MessageBox]::Show(\"これはメッセージボックスです!AA!。\", \"タイトル\", \"OK\", \"Information\")","3-1":"Add-Type -AssemblyName System.Windows.Forms\r\n[System.Windows.Forms.MessageBox]::Show(\"これはメッセージボックスです!AA!。\", \"タイトル\", \"OK\", \"Information\")","4-1":"Write-Host \"OK\"","5-1":"AAAA\n13;White;順次;\n14;White;順次;","6-1":"Add-Type -AssemblyName System.Windows.Forms\r\n[System.Windows.Forms.MessageBox]::Show(\"これはメッセージボックスです!AA!。\", \"タイトル\", \"OK\", \"Information\")","node-2-1":"AAAA\n5;Pink;スクリプト;\n6;White;Aメッセージボックス表示;"},"最後のID":17}}
[API] ✅ codeDataを取得しました
[API] codeDataの内容: {"エントリ":{"7-1":"AAAA\n13;White;順次;\n14;White;順次;","8-1":"Write-Host \"OK\"","9-1":"AAAA\n16;Pink;スクリプト;\n17-1;White;Aメッセージボックス表示;","10-1":"Write-Host \"OK\"","11-1":"Write-Host \"OK\"","12-1":"AAAA\n13;White;順次;\n14;White;順次;","13-1":"Write-Host \"OK\"","14-1":"Write-Host \"OK\"","15-1":"AAAA\n13;White;順次;\n14;White;順次;","16-1":"AAAA\n13;White;順次;\n14;White;順次;","17-1":"Add-Type -AssemblyName System.Windows.Forms\r\n[System.Windows.Forms.MessageBox]::Show(\"これはメッセージボックスです!AA!。\", \"タイトル\", \"OK\", \"Information\")","3-1":"Add-Type -AssemblyName System.Windows.Forms\r\n[System.Windows.Forms.MessageBox]::Show(\"これはメッセージボックスです!AA!。\", \"タイトル\", \"OK\", \"Information\")","4-1":"Write-Host \"OK\"","5-1":"AAAA\n13;White;順次;\n14;White;順次;","6-1":"Add-Type -AssemblyName System.Windows.Forms\r\n[System.Windows.Forms.MessageBox]::Show(\"これはメッセージボックスです!AA!。\", \"タイトル\", \"OK\", \"Information\")","node-2-1":"AAAA\n5;Pink;スクリプト;\n6;White;Aメッセージボックス表示;"},"最後のID":17}
[API] 保存先パス: C:\Users\hello\Documents\WindowsPowerShell\chord\RPA-UI2\03_history\TA\コード.json
[API] フォルダパス: C:\Users\hello\Documents\WindowsPowerShell\chord\RPA-UI2\03_history\TA
[API] フォルダは既に存在します
[API] JSON生成完了 (長さ: 1335 文字)
[API] JSON内容の最初の200文字: {
    "エントリ":  {
                 "7-1":  "AAAA\n13;White;順次;\n14;White;順次;",
                 "8-1":  "Write-Host \"OK\"",
                 "9-1":  "AAAA\n16;Pink;スクリプト;\n17-1;White;Aメッセージボックス表示;
[API] UTF-8 (BOMなし) でファイルを保存しました
[API] ✅ ファイル保存成功
[API]    ファイルサイズ: 1567 バイト
[API]    最終更新時刻: 11/09/2025 14:37:26
━━━━━━━━━━━━━━━━━━━━━━━━━━━━━━━━━━
━━━━━━━━━━━━━━━━━━━━━━━━━━━━━━━━━━
[API] コード.json保存リクエスト受信
[API] フォルダ名: TA
[API] ========== Request オブジェクトのデバッグ ==========
[API] Request 型: PolarisRequest
[API] Request プロパティ一覧:
[API]   - Body :
[API]   - BodyString : {"codeData":{"エントリ":{"7-1":"AAAA\n13;White;順次;\n14;White;順次;","8-1":"Add-Type -AssemblyName System.Windows.Forms\r\n[System.Windows.Forms.MessageBox]::Show(\"これはメッセージボックスです!AA!。\", \"タイトル\", \"OK\", \"Information\")","9-1":"AAAA\n16;Pink;スクリプト;\n17-1;White;Aメッセージボックス表示;","10-1":"Write-Host \"OK\"","11-1":"Write-Host \"OK\"","12-1":"AAAA\n13;White;順次;\n14;White;順次;","13-1":"Write-Host \"OK\"","14-1":"Write-Host \"OK\"","15-1":"AAAA\n13;White;順次;\n14;White;順次;","16-1":"AAAA\n13;White;順次;\n14;White;順次;","17-1":"Add-Type -AssemblyName System.Windows.Forms\r\n[System.Windows.Forms.MessageBox]::Show(\"これはメッセージボックスです!AA!。\", \"タイトル\", \"OK\", \"Information\")","3-1":"Add-Type -AssemblyName System.Windows.Forms\r\n[System.Windows.Forms.MessageBox]::Show(\"これはメッセージボックスです!AA!。\", \"タイトル\", \"OK\", \"Information\")","4-1":"Write-Host \"OK\"","5-1":"AAAA\n13;White;順次;\n14;White;順次;","6-1":"Add-Type -AssemblyName System.Windows.Forms\r\n[System.Windows.Forms.MessageBox]::Show(\"これはメッセージボックスです!AA!。\", \"タイトル\", \"OK\", \"Information\")","node-2-1":"AAAA\n5;Pink;スクリプト;\n6;White;Aメッセージボックス表示;"},"最後のID":17}}
[API]   - Query :
[API]   - AcceptTypes : */*
[API]   - Cookies :
[API]   - Headers : sec-ch-ua-platform sec-ch-ua sec-ch-ua-mobile Origin Sec-Fetch-Site Sec-Fetch-Mode Sec-Fetch-Dest Connection Content-Length Content-Type Accept Accept-Encoding Accept-Language Host Referer User-Agent
[API]   - Method : POST
[API]   - Url : http://localhost:8080/api/folders/TA/code
[API]   - UserAgent : Mozilla/5.0 (Windows NT 10.0; Win64; x64) AppleWebKit/537.36 (KHTML, like Gecko) Chrome/142.0.0.0 Safari/537.36 Edg/142.0.0.0
[API]   - ClientIP : ::1
[API]   - RawRequest : System.Net.HttpListenerRequest
[API]   - Parameters : @{name=TA; 0=/api/folders/TA/code}
[API]   - User :
[API] ====================================================
[API] Request.Body のデバッグ開始...
[API] ❌ Request.Body が null です
[API] Request.BodyString を確認...
[API] ✅ Request.BodyString を取得: {"codeData":{"エントリ":{"7-1":"AAAA\n13;White;順次;\n14;White;順次;","8-1":"Add-Type -AssemblyName System.Windows.Forms\r\n[System.Windows.Forms.MessageBox]::Show(\"これはメッセージボックスです!AA!。\", \"タイトル\", \"OK\", \"Information\")","9-1":"AAAA\n16;Pink;スクリプト;\n17-1;White;Aメッセージボックス表示;","10-1":"Write-Host \"OK\"","11-1":"Write-Host \"OK\"","12-1":"AAAA\n13;White;順次;\n14;White;順次;","13-1":"Write-Host \"OK\"","14-1":"Write-Host \"OK\"","15-1":"AAAA\n13;White;順次;\n14;White;順次;","16-1":"AAAA\n13;White;順次;\n14;White;順次;","17-1":"Add-Type -AssemblyName System.Windows.Forms\r\n[System.Windows.Forms.MessageBox]::Show(\"これはメッセージボックスです!AA!。\", \"タイトル\", \"OK\", \"Information\")","3-1":"Add-Type -AssemblyName System.Windows.Forms\r\n[System.Windows.Forms.MessageBox]::Show(\"これはメッセージボックスです!AA!。\", \"タイトル\", \"OK\", \"Information\")","4-1":"Write-Host \"OK\"","5-1":"AAAA\n13;White;順次;\n14;White;順次;","6-1":"Add-Type -AssemblyName System.Windows.Forms\r\n[System.Windows.Forms.MessageBox]::Show(\"これはメッセージボックスです!AA!。\", \"タイトル\", \"OK\", \"Information\")","node-2-1":"AAAA\n5;Pink;スクリプト;\n6;White;Aメッセージボックス表示;"},"最後のID":17}}
[API] Request.Body の型: System.String
[API] Request.Body の文字列表現長さ: 1108
[API] Request.Body の最初の200文字: [{"codeData":{"エントリ":{"7-1":"AAAA\n13;White;順次;\n14;White;順次;","8-1":"Add-Type -AssemblyName System.Windows.Forms\r\n[System.Windows.Forms.MessageBox]::Show(\"これはメッセージボックスです!AA!。\", \"タイトル\", \"OK\", \]
[API] bodyRaw を ConvertFrom-Json します...
[API] ✅ ConvertFrom-Json完了
[API] bodyの内容: {"codeData":{"エントリ":{"7-1":"AAAA\n13;White;順次;\n14;White;順次;","8-1":"Add-Type -AssemblyName System.Windows.Forms\r\n[System.Windows.Forms.MessageBox]::Show(\"これはメッセージボックスです!AA!。\", \"タイトル\", \"OK\", \"Information\")","9-1":"AAAA\n16;Pink;スクリプト;\n17-1;White;Aメッセージボックス表示;","10-1":"Write-Host \"OK\"","11-1":"Write-Host \"OK\"","12-1":"AAAA\n13;White;順次;\n14;White;順次;","13-1":"Write-Host \"OK\"","14-1":"Write-Host \"OK\"","15-1":"AAAA\n13;White;順次;\n14;White;順次;","16-1":"AAAA\n13;White;順次;\n14;White;順次;","17-1":"Add-Type -AssemblyName System.Windows.Forms\r\n[System.Windows.Forms.MessageBox]::Show(\"これはメッセージボックスです!AA!。\", \"タイトル\", \"OK\", \"Information\")","3-1":"Add-Type -AssemblyName System.Windows.Forms\r\n[System.Windows.Forms.MessageBox]::Show(\"これはメッセージボックスです!AA!。\", \"タイトル\", \"OK\", \"Information\")","4-1":"Write-Host \"OK\"","5-1":"AAAA\n13;White;順次;\n14;White;順次;","6-1":"Add-Type -AssemblyName System.Windows.Forms\r\n[System.Windows.Forms.MessageBox]::Show(\"これはメッセージボックスです!AA!。\", \"タイトル\", \"OK\", \"Information\")","node-2-1":"AAAA\n5;Pink;スクリプト;\n6;White;Aメッセージボックス表示;"},"最後のID":17}}
[API] ✅ codeDataを取得しました
[API] codeDataの内容: {"エントリ":{"7-1":"AAAA\n13;White;順次;\n14;White;順次;","8-1":"Add-Type -AssemblyName System.Windows.Forms\r\n[System.Windows.Forms.MessageBox]::Show(\"これはメッセージボックスです!AA!。\", \"タイトル\", \"OK\", \"Information\")","9-1":"AAAA\n16;Pink;スクリプト;\n17-1;White;Aメッセージボックス表示;","10-1":"Write-Host \"OK\"","11-1":"Write-Host \"OK\"","12-1":"AAAA\n13;White;順次;\n14;White;順次;","13-1":"Write-Host \"OK\"","14-1":"Write-Host \"OK\"","15-1":"AAAA\n13;White;順次;\n14;White;順次;","16-1":"AAAA\n13;White;順次;\n14;White;順次;","17-1":"Add-Type -AssemblyName System.Windows.Forms\r\n[System.Windows.Forms.MessageBox]::Show(\"これはメッセージボックスです!AA!。\", \"タイトル\", \"OK\", \"Information\")","3-1":"Add-Type -AssemblyName System.Windows.Forms\r\n[System.Windows.Forms.MessageBox]::Show(\"これはメッセージボックスです!AA!。\", \"タイトル\", \"OK\", \"Information\")","4-1":"Write-Host \"OK\"","5-1":"AAAA\n13;White;順次;\n14;White;順次;","6-1":"Add-Type -AssemblyName System.Windows.Forms\r\n[System.Windows.Forms.MessageBox]::Show(\"これはメッセージボックスです!AA!。\", \"タイトル\", \"OK\", \"Information\")","node-2-1":"AAAA\n5;Pink;スクリプト;\n6;White;Aメッセージボックス表示;"},"最後のID":17}
[API] 保存先パス: C:\Users\hello\Documents\WindowsPowerShell\chord\RPA-UI2\03_history\TA\コード.json
[API] フォルダパス: C:\Users\hello\Documents\WindowsPowerShell\chord\RPA-UI2\03_history\TA
[API] フォルダは既に存在します
[API] JSON生成完了 (長さ: 1464 文字)
[API] JSON内容の最初の200文字: {
    "エントリ":  {
                 "7-1":  "AAAA\n13;White;順次;\n14;White;順次;",
                 "8-1":  "Add-Type -AssemblyName System.Windows.Forms\r\n[System.Windows.Forms.MessageBox]::Show(\"これはメ
[API] UTF-8 (BOMなし) でファイルを保存しました
[API] ✅ ファイル保存成功
[API]    ファイルサイズ: 1734 バイト
[API]    最終更新時刻: 11/09/2025 14:37:26
━━━━━━━━━━━━━━━━━━━━━━━━━━━━━━━━━━
━━━━━━━━━━━━━━━━━━━━━━━━━━━━━━━━━━
[API] コード.json保存リクエスト受信
[API] フォルダ名: TA
[API] ========== Request オブジェクトのデバッグ ==========
[API] Request 型: PolarisRequest
[API] Request プロパティ一覧:
[API]   - Body :
[API]   - BodyString : {"codeData":{"エントリ":{"7-1":"AAAA\n13;White;順次;\n14;White;順次;","8-1":"Add-Type -AssemblyName System.Windows.Forms\r\n[System.Windows.Forms.MessageBox]::Show(\"これはメッセージボックスです!AA!。\", \"タイトル\", \"OK\", \"Information\")","9-1":"AAAA\n16;Pink;スクリプト;\n17-1;White;Aメッセージボックス表示;","10-1":"Write-Host \"OK\"","11-1":"Write-Host \"OK\"","12-1":"AAAA\n13;White;順次;\n14;White;順次;","13-1":"Write-Host \"OK\"","14-1":"Write-Host \"OK\"","15-1":"AAAA\n13;White;順次;\n14;White;順次;","16-1":"AAAA\n13;White;順次;\n14;White;順次;","17-1":"Add-Type -AssemblyName System.Windows.Forms\r\n[System.Windows.Forms.MessageBox]::Show(\"これはメッセージボックスです!AA!。\", \"タイトル\", \"OK\", \"Information\")","3-1":"Add-Type -AssemblyName System.Windows.Forms\r\n[System.Windows.Forms.MessageBox]::Show(\"これはメッセージボックスです!AA!。\", \"タイトル\", \"OK\", \"Information\")","4-1":"Write-Host \"OK\"","5-1":"AAAA\n13;White;順次;\n14;White;順次;","6-1":"Add-Type -AssemblyName System.Windows.Forms\r\n[System.Windows.Forms.MessageBox]::Show(\"これはメッセージボックスです!AA!。\", \"タイトル\", \"OK\", \"Information\")","node-2-1":"AAAA\n7;Pink;スクリプト;\n8;White;Aメッセージボックス表示;"},"最後のID":17}}
[API]   - Query :
[API]   - AcceptTypes : */*
[API]   - Cookies :
[API]   - Headers : sec-ch-ua-platform sec-ch-ua sec-ch-ua-mobile Origin Sec-Fetch-Site Sec-Fetch-Mode Sec-Fetch-Dest Connection Content-Length Content-Type Accept Accept-Encoding Accept-Language Host Referer User-Agent
[API]   - Method : POST
[API]   - Url : http://localhost:8080/api/folders/TA/code
[API]   - UserAgent : Mozilla/5.0 (Windows NT 10.0; Win64; x64) AppleWebKit/537.36 (KHTML, like Gecko) Chrome/142.0.0.0 Safari/537.36 Edg/142.0.0.0
[API]   - ClientIP : ::1
[API]   - RawRequest : System.Net.HttpListenerRequest
[API]   - Parameters : @{name=TA; 0=/api/folders/TA/code}
[API]   - User :
[API] ====================================================
[API] Request.Body のデバッグ開始...
[API] ❌ Request.Body が null です
[API] Request.BodyString を確認...
[API] ✅ Request.BodyString を取得: {"codeData":{"エントリ":{"7-1":"AAAA\n13;White;順次;\n14;White;順次;","8-1":"Add-Type -AssemblyName System.Windows.Forms\r\n[System.Windows.Forms.MessageBox]::Show(\"これはメッセージボックスです!AA!。\", \"タイトル\", \"OK\", \"Information\")","9-1":"AAAA\n16;Pink;スクリプト;\n17-1;White;Aメッセージボックス表示;","10-1":"Write-Host \"OK\"","11-1":"Write-Host \"OK\"","12-1":"AAAA\n13;White;順次;\n14;White;順次;","13-1":"Write-Host \"OK\"","14-1":"Write-Host \"OK\"","15-1":"AAAA\n13;White;順次;\n14;White;順次;","16-1":"AAAA\n13;White;順次;\n14;White;順次;","17-1":"Add-Type -AssemblyName System.Windows.Forms\r\n[System.Windows.Forms.MessageBox]::Show(\"これはメッセージボックスです!AA!。\", \"タイトル\", \"OK\", \"Information\")","3-1":"Add-Type -AssemblyName System.Windows.Forms\r\n[System.Windows.Forms.MessageBox]::Show(\"これはメッセージボックスです!AA!。\", \"タイトル\", \"OK\", \"Information\")","4-1":"Write-Host \"OK\"","5-1":"AAAA\n13;White;順次;\n14;White;順次;","6-1":"Add-Type -AssemblyName System.Windows.Forms\r\n[System.Windows.Forms.MessageBox]::Show(\"これはメッセージボックスです!AA!。\", \"タイトル\", \"OK\", \"Information\")","node-2-1":"AAAA\n7;Pink;スクリプト;\n8;White;Aメッセージボックス表示;"},"最後のID":17}}
[API] Request.Body の型: System.String
[API] Request.Body の文字列表現長さ: 1108
[API] Request.Body の最初の200文字: [{"codeData":{"エントリ":{"7-1":"AAAA\n13;White;順次;\n14;White;順次;","8-1":"Add-Type -AssemblyName System.Windows.Forms\r\n[System.Windows.Forms.MessageBox]::Show(\"これはメッセージボックスです!AA!。\", \"タイトル\", \"OK\", \]
[API] bodyRaw を ConvertFrom-Json します...
[API] ✅ ConvertFrom-Json完了
[API] bodyの内容: {"codeData":{"エントリ":{"7-1":"AAAA\n13;White;順次;\n14;White;順次;","8-1":"Add-Type -AssemblyName System.Windows.Forms\r\n[System.Windows.Forms.MessageBox]::Show(\"これはメッセージボックスです!AA!。\", \"タイトル\", \"OK\", \"Information\")","9-1":"AAAA\n16;Pink;スクリプト;\n17-1;White;Aメッセージボックス表示;","10-1":"Write-Host \"OK\"","11-1":"Write-Host \"OK\"","12-1":"AAAA\n13;White;順次;\n14;White;順次;","13-1":"Write-Host \"OK\"","14-1":"Write-Host \"OK\"","15-1":"AAAA\n13;White;順次;\n14;White;順次;","16-1":"AAAA\n13;White;順次;\n14;White;順次;","17-1":"Add-Type -AssemblyName System.Windows.Forms\r\n[System.Windows.Forms.MessageBox]::Show(\"これはメッセージボックスです!AA!。\", \"タイトル\", \"OK\", \"Information\")","3-1":"Add-Type -AssemblyName System.Windows.Forms\r\n[System.Windows.Forms.MessageBox]::Show(\"これはメッセージボックスです!AA!。\", \"タイトル\", \"OK\", \"Information\")","4-1":"Write-Host \"OK\"","5-1":"AAAA\n13;White;順次;\n14;White;順次;","6-1":"Add-Type -AssemblyName System.Windows.Forms\r\n[System.Windows.Forms.MessageBox]::Show(\"これはメッセージボックスです!AA!。\", \"タイトル\", \"OK\", \"Information\")","node-2-1":"AAAA\n7;Pink;スクリプト;\n8;White;Aメッセージボックス表示;"},"最後のID":17}}
[API] ✅ codeDataを取得しました
[API] codeDataの内容: {"エントリ":{"7-1":"AAAA\n13;White;順次;\n14;White;順次;","8-1":"Add-Type -AssemblyName System.Windows.Forms\r\n[System.Windows.Forms.MessageBox]::Show(\"これはメッセージボックスです!AA!。\", \"タイトル\", \"OK\", \"Information\")","9-1":"AAAA\n16;Pink;スクリプト;\n17-1;White;Aメッセージボックス表示;","10-1":"Write-Host \"OK\"","11-1":"Write-Host \"OK\"","12-1":"AAAA\n13;White;順次;\n14;White;順次;","13-1":"Write-Host \"OK\"","14-1":"Write-Host \"OK\"","15-1":"AAAA\n13;White;順次;\n14;White;順次;","16-1":"AAAA\n13;White;順次;\n14;White;順次;","17-1":"Add-Type -AssemblyName System.Windows.Forms\r\n[System.Windows.Forms.MessageBox]::Show(\"これはメッセージボックスです!AA!。\", \"タイトル\", \"OK\", \"Information\")","3-1":"Add-Type -AssemblyName System.Windows.Forms\r\n[System.Windows.Forms.MessageBox]::Show(\"これはメッセージボックスです!AA!。\", \"タイトル\", \"OK\", \"Information\")","4-1":"Write-Host \"OK\"","5-1":"AAAA\n13;White;順次;\n14;White;順次;","6-1":"Add-Type -AssemblyName System.Windows.Forms\r\n[System.Windows.Forms.MessageBox]::Show(\"これはメッセージボックスです!AA!。\", \"タイトル\", \"OK\", \"Information\")","node-2-1":"AAAA\n7;Pink;スクリプト;\n8;White;Aメッセージボックス表示;"},"最後のID":17}
[API] 保存先パス: C:\Users\hello\Documents\WindowsPowerShell\chord\RPA-UI2\03_history\TA\コード.json
[API] フォルダパス: C:\Users\hello\Documents\WindowsPowerShell\chord\RPA-UI2\03_history\TA
[API] フォルダは既に存在します
[API] JSON生成完了 (長さ: 1464 文字)
[API] JSON内容の最初の200文字: {
    "エントリ":  {
                 "7-1":  "AAAA\n13;White;順次;\n14;White;順次;",
                 "8-1":  "Add-Type -AssemblyName System.Windows.Forms\r\n[System.Windows.Forms.MessageBox]::Show(\"これはメ
[API] UTF-8 (BOMなし) でファイルを保存しました
[API] ✅ ファイル保存成功
[API]    ファイルサイズ: 1734 バイト
[API]    最終更新時刻: 11/09/2025 14:37:26
━━━━━━━━━━━━━━━━━━━━━━━━━━━━━━━━━━
━━━━━━━━━━━━━━━━━━━━━━━━━━━━━━━━━━
[API] memory.json保存リクエスト受信
[API] フォルダ名: TA
[API] Request.Body が null です。Request.BodyString を確認...
[API] ✅ Request.BodyString を取得しました
[API] リクエストボディ長: 1082 文字
[API] JSON解析成功
[API] layerStructure取得: 7 レイヤー
[API] 保存先パス: C:\Users\hello\Documents\WindowsPowerShell\chord\RPA-UI2\03_history\TA\memory.json
[API] フォルダは既に存在します
[API] レイヤー1 : 3個のノード
[API] レイヤー2 : 2個のノード
[API] 合計ノード数: 5
[API] JSON生成完了 (長さ: 3228 文字)
[API] UTF-8 (BOMなし) でファイルを保存しました
[API] ✅ ファイル保存成功
[API]    ファイルサイズ: 3610 バイト
[API]    最終更新時刻: 11/09/2025 14:37:27
━━━━━━━━━━━━━━━━━━━━━━━━━━━━━━━━━━
━━━━━━━━━━━━━━━━━━━━━━━━━━━━━━━━━━
[API] コード.json保存リクエスト受信
[API] フォルダ名: TA
[API] ========== Request オブジェクトのデバッグ ==========
[API] Request 型: PolarisRequest
[API] Request プロパティ一覧:
[API]   - Body :
[API]   - BodyString : {"codeData":{"エントリ":{"7-1":"AAAA\n13;White;順次;\n14;White;順次;","8-1":"Add-Type -AssemblyName System.Windows.Forms\r\n[System.Windows.Forms.MessageBox]::Show(\"これはメッセージボックスです!AA!。\", \"タイトル\", \"OK\", \"Information\")","9-1":"AAAA\n13;White;順次;\n14;White;順次;","10-1":"Write-Host \"OK\"","11-1":"Write-Host \"OK\"","12-1":"AAAA\n13;White;順次;\n14;White;順次;","13-1":"Write-Host \"OK\"","14-1":"Write-Host \"OK\"","15-1":"AAAA\n13;White;順次;\n14;White;順次;","16-1":"AAAA\n13;White;順次;\n14;White;順次;","17-1":"Add-Type -AssemblyName System.Windows.Forms\r\n[System.Windows.Forms.MessageBox]::Show(\"これはメッセージボックスです!AA!。\", \"タイトル\", \"OK\", \"Information\")","3-1":"Add-Type -AssemblyName System.Windows.Forms\r\n[System.Windows.Forms.MessageBox]::Show(\"これはメッセージボックスです!AA!。\", \"タイトル\", \"OK\", \"Information\")","4-1":"Write-Host \"OK\"","5-1":"AAAA\n13;White;順次;\n14;White;順次;","6-1":"Add-Type -AssemblyName System.Windows.Forms\r\n[System.Windows.Forms.MessageBox]::Show(\"これはメッセージボックスです!AA!。\", \"タイトル\", \"OK\", \"Information\")","node-2-1":"AAAA\n7;Pink;スクリプト;\n8;White;Aメッセージボックス表示;"},"最後のID":17}}
[API]   - Query :
[API]   - AcceptTypes : */*
[API]   - Cookies :
[API]   - Headers : sec-ch-ua-platform sec-ch-ua sec-ch-ua-mobile Origin Sec-Fetch-Site Sec-Fetch-Mode Sec-Fetch-Dest Connection Content-Length Content-Type Accept Accept-Encoding Accept-Language Host Referer User-Agent
[API]   - Method : POST
[API]   - Url : http://localhost:8080/api/folders/TA/code
[API]   - UserAgent : Mozilla/5.0 (Windows NT 10.0; Win64; x64) AppleWebKit/537.36 (KHTML, like Gecko) Chrome/142.0.0.0 Safari/537.36 Edg/142.0.0.0
[API]   - ClientIP : ::1
[API]   - RawRequest : System.Net.HttpListenerRequest
[API]   - Parameters : @{name=TA; 0=/api/folders/TA/code}
[API]   - User :
[API] ====================================================
[API] Request.Body のデバッグ開始...
[API] ❌ Request.Body が null です
[API] Request.BodyString を確認...
[API] ✅ Request.BodyString を取得: {"codeData":{"エントリ":{"7-1":"AAAA\n13;White;順次;\n14;White;順次;","8-1":"Add-Type -AssemblyName System.Windows.Forms\r\n[System.Windows.Forms.MessageBox]::Show(\"これはメッセージボックスです!AA!。\", \"タイトル\", \"OK\", \"Information\")","9-1":"AAAA\n13;White;順次;\n14;White;順次;","10-1":"Write-Host \"OK\"","11-1":"Write-Host \"OK\"","12-1":"AAAA\n13;White;順次;\n14;White;順次;","13-1":"Write-Host \"OK\"","14-1":"Write-Host \"OK\"","15-1":"AAAA\n13;White;順次;\n14;White;順次;","16-1":"AAAA\n13;White;順次;\n14;White;順次;","17-1":"Add-Type -AssemblyName System.Windows.Forms\r\n[System.Windows.Forms.MessageBox]::Show(\"これはメッセージボックスです!AA!。\", \"タイトル\", \"OK\", \"Information\")","3-1":"Add-Type -AssemblyName System.Windows.Forms\r\n[System.Windows.Forms.MessageBox]::Show(\"これはメッセージボックスです!AA!。\", \"タイトル\", \"OK\", \"Information\")","4-1":"Write-Host \"OK\"","5-1":"AAAA\n13;White;順次;\n14;White;順次;","6-1":"Add-Type -AssemblyName System.Windows.Forms\r\n[System.Windows.Forms.MessageBox]::Show(\"これはメッセージボックスです!AA!。\", \"タイトル\", \"OK\", \"Information\")","node-2-1":"AAAA\n7;Pink;スクリプト;\n8;White;Aメッセージボックス表示;"},"最後のID":17}}
[API] Request.Body の型: System.String
[API] Request.Body の文字列表現長さ: 1094
[API] Request.Body の最初の200文字: [{"codeData":{"エントリ":{"7-1":"AAAA\n13;White;順次;\n14;White;順次;","8-1":"Add-Type -AssemblyName System.Windows.Forms\r\n[System.Windows.Forms.MessageBox]::Show(\"これはメッセージボックスです!AA!。\", \"タイトル\", \"OK\", \]
[API] bodyRaw を ConvertFrom-Json します...
[API] ✅ ConvertFrom-Json完了
[API] bodyの内容: {"codeData":{"エントリ":{"7-1":"AAAA\n13;White;順次;\n14;White;順次;","8-1":"Add-Type -AssemblyName System.Windows.Forms\r\n[System.Windows.Forms.MessageBox]::Show(\"これはメッセージボックスです!AA!。\", \"タイトル\", \"OK\", \"Information\")","9-1":"AAAA\n13;White;順次;\n14;White;順次;","10-1":"Write-Host \"OK\"","11-1":"Write-Host \"OK\"","12-1":"AAAA\n13;White;順次;\n14;White;順次;","13-1":"Write-Host \"OK\"","14-1":"Write-Host \"OK\"","15-1":"AAAA\n13;White;順次;\n14;White;順次;","16-1":"AAAA\n13;White;順次;\n14;White;順次;","17-1":"Add-Type -AssemblyName System.Windows.Forms\r\n[System.Windows.Forms.MessageBox]::Show(\"これはメッセージボックスです!AA!。\", \"タイトル\", \"OK\", \"Information\")","3-1":"Add-Type -AssemblyName System.Windows.Forms\r\n[System.Windows.Forms.MessageBox]::Show(\"これはメッセージボックスです!AA!。\", \"タイトル\", \"OK\", \"Information\")","4-1":"Write-Host \"OK\"","5-1":"AAAA\n13;White;順次;\n14;White;順次;","6-1":"Add-Type -AssemblyName System.Windows.Forms\r\n[System.Windows.Forms.MessageBox]::Show(\"これはメッセージボックスです!AA!。\", \"タイトル\", \"OK\", \"Information\")","node-2-1":"AAAA\n7;Pink;スクリプト;\n8;White;Aメッセージボックス表示;"},"最後のID":17}}
[API] ✅ codeDataを取得しました
[API] codeDataの内容: {"エントリ":{"7-1":"AAAA\n13;White;順次;\n14;White;順次;","8-1":"Add-Type -AssemblyName System.Windows.Forms\r\n[System.Windows.Forms.MessageBox]::Show(\"これはメッセージボックスです!AA!。\", \"タイトル\", \"OK\", \"Information\")","9-1":"AAAA\n13;White;順次;\n14;White;順次;","10-1":"Write-Host \"OK\"","11-1":"Write-Host \"OK\"","12-1":"AAAA\n13;White;順次;\n14;White;順次;","13-1":"Write-Host \"OK\"","14-1":"Write-Host \"OK\"","15-1":"AAAA\n13;White;順次;\n14;White;順次;","16-1":"AAAA\n13;White;順次;\n14;White;順次;","17-1":"Add-Type -AssemblyName System.Windows.Forms\r\n[System.Windows.Forms.MessageBox]::Show(\"これはメッセージボックスです!AA!。\", \"タイトル\", \"OK\", \"Information\")","3-1":"Add-Type -AssemblyName System.Windows.Forms\r\n[System.Windows.Forms.MessageBox]::Show(\"これはメッセージボックスです!AA!。\", \"タイトル\", \"OK\", \"Information\")","4-1":"Write-Host \"OK\"","5-1":"AAAA\n13;White;順次;\n14;White;順次;","6-1":"Add-Type -AssemblyName System.Windows.Forms\r\n[System.Windows.Forms.MessageBox]::Show(\"これはメッセージボックスです!AA!。\", \"タイトル\", \"OK\", \"Information\")","node-2-1":"AAAA\n7;Pink;スクリプト;\n8;White;Aメッセージボックス表示;"},"最後のID":17}
[API] 保存先パス: C:\Users\hello\Documents\WindowsPowerShell\chord\RPA-UI2\03_history\TA\コード.json
[API] フォルダパス: C:\Users\hello\Documents\WindowsPowerShell\chord\RPA-UI2\03_history\TA
[API] フォルダは既に存在します
[API] JSON生成完了 (長さ: 1450 文字)
[API] JSON内容の最初の200文字: {
    "エントリ":  {
                 "7-1":  "AAAA\n13;White;順次;\n14;White;順次;",
                 "8-1":  "Add-Type -AssemblyName System.Windows.Forms\r\n[System.Windows.Forms.MessageBox]::Show(\"これはメ
[API] UTF-8 (BOMなし) でファイルを保存しました
[API] ✅ ファイル保存成功
[API]    ファイルサイズ: 1696 バイト
[API]    最終更新時刻: 11/09/2025 14:37:38
━━━━━━━━━━━━━━━━━━━━━━━━━━━━━━━━━━
━━━━━━━━━━━━━━━━━━━━━━━━━━━━━━━━━━
[API] コード.json保存リクエスト受信
[API] フォルダ名: TA
[API] ========== Request オブジェクトのデバッグ ==========
[API] Request 型: PolarisRequest
[API] Request プロパティ一覧:
[API]   - Body :
[API]   - BodyString : {"codeData":{"エントリ":{"7-1":"AAAA\n13;White;順次;\n14;White;順次;","8-1":"Add-Type -AssemblyName System.Windows.Forms\r\n[System.Windows.Forms.MessageBox]::Show(\"これはメッセージボックスです!AA!。\", \"タイトル\", \"OK\", \"Information\")","9-1":"AAAA\n13;White;順次;\n14;White;順次;","10-1":"Add-Type -AssemblyName System.Windows.Forms\r\n[System.Windows.Forms.MessageBox]::Show(\"これはメッセージボックスです!AA!。\", \"タイトル\", \"OK\", \"Information\")","11-1":"Write-Host \"OK\"","12-1":"AAAA\n13;White;順次;\n14;White;順次;","13-1":"Write-Host \"OK\"","14-1":"Write-Host \"OK\"","15-1":"AAAA\n13;White;順次;\n14;White;順次;","16-1":"AAAA\n13;White;順次;\n14;White;順次;","17-1":"Add-Type -AssemblyName System.Windows.Forms\r\n[System.Windows.Forms.MessageBox]::Show(\"これはメッセージボックスです!AA!。\", \"タイトル\", \"OK\", \"Information\")","3-1":"Add-Type -AssemblyName System.Windows.Forms\r\n[System.Windows.Forms.MessageBox]::Show(\"これはメッセージボックスです!AA!。\", \"タイトル\", \"OK\", \"Information\")","4-1":"Write-Host \"OK\"","5-1":"AAAA\n13;White;順次;\n14;White;順次;","6-1":"Add-Type -AssemblyName System.Windows.Forms\r\n[System.Windows.Forms.MessageBox]::Show(\"これはメッセージボックスです!AA!。\", \"タイトル\", \"OK\", \"Information\")","node-2-1":"AAAA\n7;Pink;スクリプト;\n8;White;Aメッセージボックス表示;"},"最後のID":17}}
[API]   - Query :
[API]   - AcceptTypes : */*
[API]   - Cookies :
[API]   - Headers : sec-ch-ua-platform sec-ch-ua sec-ch-ua-mobile Origin Sec-Fetch-Site Sec-Fetch-Mode Sec-Fetch-Dest Connection Content-Length Content-Type Accept Accept-Encoding Accept-Language Host Referer User-Agent
[API]   - Method : POST
[API]   - Url : http://localhost:8080/api/folders/TA/code
[API]   - UserAgent : Mozilla/5.0 (Windows NT 10.0; Win64; x64) AppleWebKit/537.36 (KHTML, like Gecko) Chrome/142.0.0.0 Safari/537.36 Edg/142.0.0.0
[API]   - ClientIP : ::1
[API]   - RawRequest : System.Net.HttpListenerRequest
[API]   - Parameters : @{name=TA; 0=/api/folders/TA/code}
[API]   - User :
[API] ====================================================
[API] Request.Body のデバッグ開始...
[API] ❌ Request.Body が null です
[API] Request.BodyString を確認...
[API] ✅ Request.BodyString を取得: {"codeData":{"エントリ":{"7-1":"AAAA\n13;White;順次;\n14;White;順次;","8-1":"Add-Type -AssemblyName System.Windows.Forms\r\n[System.Windows.Forms.MessageBox]::Show(\"これはメッセージボックスです!AA!。\", \"タイトル\", \"OK\", \"Information\")","9-1":"AAAA\n13;White;順次;\n14;White;順次;","10-1":"Add-Type -AssemblyName System.Windows.Forms\r\n[System.Windows.Forms.MessageBox]::Show(\"これはメッセージボックスです!AA!。\", \"タイトル\", \"OK\", \"Information\")","11-1":"Write-Host \"OK\"","12-1":"AAAA\n13;White;順次;\n14;White;順次;","13-1":"Write-Host \"OK\"","14-1":"Write-Host \"OK\"","15-1":"AAAA\n13;White;順次;\n14;White;順次;","16-1":"AAAA\n13;White;順次;\n14;White;順次;","17-1":"Add-Type -AssemblyName System.Windows.Forms\r\n[System.Windows.Forms.MessageBox]::Show(\"これはメッセージボックスです!AA!。\", \"タイトル\", \"OK\", \"Information\")","3-1":"Add-Type -AssemblyName System.Windows.Forms\r\n[System.Windows.Forms.MessageBox]::Show(\"これはメッセージボックスです!AA!。\", \"タイトル\", \"OK\", \"Information\")","4-1":"Write-Host \"OK\"","5-1":"AAAA\n13;White;順次;\n14;White;順次;","6-1":"Add-Type -AssemblyName System.Windows.Forms\r\n[System.Windows.Forms.MessageBox]::Show(\"これはメッセージボックスです!AA!。\", \"タイトル\", \"OK\", \"Information\")","node-2-1":"AAAA\n7;Pink;スクリプト;\n8;White;Aメッセージボックス表示;"},"最後のID":17}}
[API] Request.Body の型: System.String
[API] Request.Body の文字列表現長さ: 1223
[API] Request.Body の最初の200文字: [{"codeData":{"エントリ":{"7-1":"AAAA\n13;White;順次;\n14;White;順次;","8-1":"Add-Type -AssemblyName System.Windows.Forms\r\n[System.Windows.Forms.MessageBox]::Show(\"これはメッセージボックスです!AA!。\", \"タイトル\", \"OK\", \]
[API] bodyRaw を ConvertFrom-Json します...
[API] ✅ ConvertFrom-Json完了
[API] bodyの内容: {"codeData":{"エントリ":{"7-1":"AAAA\n13;White;順次;\n14;White;順次;","8-1":"Add-Type -AssemblyName System.Windows.Forms\r\n[System.Windows.Forms.MessageBox]::Show(\"これはメッセージボックスです!AA!。\", \"タイトル\", \"OK\", \"Information\")","9-1":"AAAA\n13;White;順次;\n14;White;順次;","10-1":"Add-Type -AssemblyName System.Windows.Forms\r\n[System.Windows.Forms.MessageBox]::Show(\"これはメッセージボックスです!AA!。\", \"タイトル\", \"OK\", \"Information\")","11-1":"Write-Host \"OK\"","12-1":"AAAA\n13;White;順次;\n14;White;順次;","13-1":"Write-Host \"OK\"","14-1":"Write-Host \"OK\"","15-1":"AAAA\n13;White;順次;\n14;White;順次;","16-1":"AAAA\n13;White;順次;\n14;White;順次;","17-1":"Add-Type -AssemblyName System.Windows.Forms\r\n[System.Windows.Forms.MessageBox]::Show(\"これはメッセージボックスです!AA!。\", \"タイトル\", \"OK\", \"Information\")","3-1":"Add-Type -AssemblyName System.Windows.Forms\r\n[System.Windows.Forms.MessageBox]::Show(\"これはメッセージボックスです!AA!。\", \"タイトル\", \"OK\", \"Information\")","4-1":"Write-Host \"OK\"","5-1":"AAAA\n13;White;順次;\n14;White;順次;","6-1":"Add-Type -AssemblyName System.Windows.Forms\r\n[System.Windows.Forms.MessageBox]::Show(\"これはメッセージボックスです!AA!。\", \"タイトル\", \"OK\", \"Information\")","node-2-1":"AAAA\n7;Pink;スクリプト;\n8;White;Aメッセージボックス表示;"},"最後のID":17}}
[API] ✅ codeDataを取得しました
[API] codeDataの内容: {"エントリ":{"7-1":"AAAA\n13;White;順次;\n14;White;順次;","8-1":"Add-Type -AssemblyName System.Windows.Forms\r\n[System.Windows.Forms.MessageBox]::Show(\"これはメッセージボックスです!AA!。\", \"タイトル\", \"OK\", \"Information\")","9-1":"AAAA\n13;White;順次;\n14;White;順次;","10-1":"Add-Type -AssemblyName System.Windows.Forms\r\n[System.Windows.Forms.MessageBox]::Show(\"これはメッセージボックスです!AA!。\", \"タイトル\", \"OK\", \"Information\")","11-1":"Write-Host \"OK\"","12-1":"AAAA\n13;White;順次;\n14;White;順次;","13-1":"Write-Host \"OK\"","14-1":"Write-Host \"OK\"","15-1":"AAAA\n13;White;順次;\n14;White;順次;","16-1":"AAAA\n13;White;順次;\n14;White;順次;","17-1":"Add-Type -AssemblyName System.Windows.Forms\r\n[System.Windows.Forms.MessageBox]::Show(\"これはメッセージボックスです!AA!。\", \"タイトル\", \"OK\", \"Information\")","3-1":"Add-Type -AssemblyName System.Windows.Forms\r\n[System.Windows.Forms.MessageBox]::Show(\"これはメッセージボックスです!AA!。\", \"タイトル\", \"OK\", \"Information\")","4-1":"Write-Host \"OK\"","5-1":"AAAA\n13;White;順次;\n14;White;順次;","6-1":"Add-Type -AssemblyName System.Windows.Forms\r\n[System.Windows.Forms.MessageBox]::Show(\"これはメッセージボックスです!AA!。\", \"タイトル\", \"OK\", \"Information\")","node-2-1":"AAAA\n7;Pink;スクリプト;\n8;White;Aメッセージボックス表示;"},"最後のID":17}
[API] 保存先パス: C:\Users\hello\Documents\WindowsPowerShell\chord\RPA-UI2\03_history\TA\コード.json
[API] フォルダパス: C:\Users\hello\Documents\WindowsPowerShell\chord\RPA-UI2\03_history\TA
[API] フォルダは既に存在します
[API] JSON生成完了 (長さ: 1579 文字)
[API] JSON内容の最初の200文字: {
    "エントリ":  {
                 "7-1":  "AAAA\n13;White;順次;\n14;White;順次;",
                 "8-1":  "Add-Type -AssemblyName System.Windows.Forms\r\n[System.Windows.Forms.MessageBox]::Show(\"これはメ
[API] UTF-8 (BOMなし) でファイルを保存しました
[API] ✅ ファイル保存成功
[API]    ファイルサイズ: 1863 バイト
[API]    最終更新時刻: 11/09/2025 14:37:38
━━━━━━━━━━━━━━━━━━━━━━━━━━━━━━━━━━
━━━━━━━━━━━━━━━━━━━━━━━━━━━━━━━━━━
[API] コード.json保存リクエスト受信
[API] フォルダ名: TA
[API] ========== Request オブジェクトのデバッグ ==========
[API] Request 型: PolarisRequest
[API] Request プロパティ一覧:
[API]   - Body :
[API]   - BodyString : {"codeData":{"エントリ":{"7-1":"AAAA\n13;White;順次;\n14;White;順次;","8-1":"Add-Type -AssemblyName System.Windows.Forms\r\n[System.Windows.Forms.MessageBox]::Show(\"これはメッセージボックスです!AA!。\", \"タイトル\", \"OK\", \"Information\")","9-1":"AAAA\n13;White;順次;\n14;White;順次;","10-1":"Add-Type -AssemblyName System.Windows.Forms\r\n[System.Windows.Forms.MessageBox]::Show(\"これはメッセージボックスです!AA!。\", \"タイトル\", \"OK\", \"Information\")","11-1":"Write-Host \"OK\"","12-1":"AAAA\n13;White;順次;\n14;White;順次;","13-1":"Write-Host \"OK\"","14-1":"Write-Host \"OK\"","15-1":"AAAA\n13;White;順次;\n14;White;順次;","16-1":"AAAA\n13;White;順次;\n14;White;順次;","17-1":"Add-Type -AssemblyName System.Windows.Forms\r\n[System.Windows.Forms.MessageBox]::Show(\"これはメッセージボックスです!AA!。\", \"タイトル\", \"OK\", \"Information\")","3-1":"Add-Type -AssemblyName System.Windows.Forms\r\n[System.Windows.Forms.MessageBox]::Show(\"これはメッセージボックスです!AA!。\", \"タイトル\", \"OK\", \"Information\")","4-1":"Write-Host \"OK\"","5-1":"AAAA\n13;White;順次;\n14;White;順次;","6-1":"Add-Type -AssemblyName System.Windows.Forms\r\n[System.Windows.Forms.MessageBox]::Show(\"これはメッセージボックスです!AA!。\", \"タイトル\", \"OK\", \"Information\")","node-2-1":"AAAA\n9;Pink;スクリプト;\n10;White;Aメッセージボックス表示;"},"最後のID":17}}
[API]   - Query :
[API]   - AcceptTypes : */*
[API]   - Cookies :
[API]   - Headers : sec-ch-ua-platform sec-ch-ua sec-ch-ua-mobile Origin Sec-Fetch-Site Sec-Fetch-Mode Sec-Fetch-Dest Connection Content-Length Content-Type Accept Accept-Encoding Accept-Language Host Referer User-Agent
[API]   - Method : POST
[API]   - Url : http://localhost:8080/api/folders/TA/code
[API]   - UserAgent : Mozilla/5.0 (Windows NT 10.0; Win64; x64) AppleWebKit/537.36 (KHTML, like Gecko) Chrome/142.0.0.0 Safari/537.36 Edg/142.0.0.0
[API]   - ClientIP : ::1
[API]   - RawRequest : System.Net.HttpListenerRequest
[API]   - Parameters : @{name=TA; 0=/api/folders/TA/code}
[API]   - User :
[API] ====================================================
[API] Request.Body のデバッグ開始...
[API] ❌ Request.Body が null です
[API] Request.BodyString を確認...
[API] ✅ Request.BodyString を取得: {"codeData":{"エントリ":{"7-1":"AAAA\n13;White;順次;\n14;White;順次;","8-1":"Add-Type -AssemblyName System.Windows.Forms\r\n[System.Windows.Forms.MessageBox]::Show(\"これはメッセージボックスです!AA!。\", \"タイトル\", \"OK\", \"Information\")","9-1":"AAAA\n13;White;順次;\n14;White;順次;","10-1":"Add-Type -AssemblyName System.Windows.Forms\r\n[System.Windows.Forms.MessageBox]::Show(\"これはメッセージボックスです!AA!。\", \"タイトル\", \"OK\", \"Information\")","11-1":"Write-Host \"OK\"","12-1":"AAAA\n13;White;順次;\n14;White;順次;","13-1":"Write-Host \"OK\"","14-1":"Write-Host \"OK\"","15-1":"AAAA\n13;White;順次;\n14;White;順次;","16-1":"AAAA\n13;White;順次;\n14;White;順次;","17-1":"Add-Type -AssemblyName System.Windows.Forms\r\n[System.Windows.Forms.MessageBox]::Show(\"これはメッセージボックスです!AA!。\", \"タイトル\", \"OK\", \"Information\")","3-1":"Add-Type -AssemblyName System.Windows.Forms\r\n[System.Windows.Forms.MessageBox]::Show(\"これはメッセージボックスです!AA!。\", \"タイトル\", \"OK\", \"Information\")","4-1":"Write-Host \"OK\"","5-1":"AAAA\n13;White;順次;\n14;White;順次;","6-1":"Add-Type -AssemblyName System.Windows.Forms\r\n[System.Windows.Forms.MessageBox]::Show(\"これはメッセージボックスです!AA!。\", \"タイトル\", \"OK\", \"Information\")","node-2-1":"AAAA\n9;Pink;スクリプト;\n10;White;Aメッセージボックス表示;"},"最後のID":17}}
[API] Request.Body の型: System.String
[API] Request.Body の文字列表現長さ: 1224
[API] Request.Body の最初の200文字: [{"codeData":{"エントリ":{"7-1":"AAAA\n13;White;順次;\n14;White;順次;","8-1":"Add-Type -AssemblyName System.Windows.Forms\r\n[System.Windows.Forms.MessageBox]::Show(\"これはメッセージボックスです!AA!。\", \"タイトル\", \"OK\", \]
[API] bodyRaw を ConvertFrom-Json します...
[API] ✅ ConvertFrom-Json完了
[API] bodyの内容: {"codeData":{"エントリ":{"7-1":"AAAA\n13;White;順次;\n14;White;順次;","8-1":"Add-Type -AssemblyName System.Windows.Forms\r\n[System.Windows.Forms.MessageBox]::Show(\"これはメッセージボックスです!AA!。\", \"タイトル\", \"OK\", \"Information\")","9-1":"AAAA\n13;White;順次;\n14;White;順次;","10-1":"Add-Type -AssemblyName System.Windows.Forms\r\n[System.Windows.Forms.MessageBox]::Show(\"これはメッセージボックスです!AA!。\", \"タイトル\", \"OK\", \"Information\")","11-1":"Write-Host \"OK\"","12-1":"AAAA\n13;White;順次;\n14;White;順次;","13-1":"Write-Host \"OK\"","14-1":"Write-Host \"OK\"","15-1":"AAAA\n13;White;順次;\n14;White;順次;","16-1":"AAAA\n13;White;順次;\n14;White;順次;","17-1":"Add-Type -AssemblyName System.Windows.Forms\r\n[System.Windows.Forms.MessageBox]::Show(\"これはメッセージボックスです!AA!。\", \"タイトル\", \"OK\", \"Information\")","3-1":"Add-Type -AssemblyName System.Windows.Forms\r\n[System.Windows.Forms.MessageBox]::Show(\"これはメッセージボックスです!AA!。\", \"タイトル\", \"OK\", \"Information\")","4-1":"Write-Host \"OK\"","5-1":"AAAA\n13;White;順次;\n14;White;順次;","6-1":"Add-Type -AssemblyName System.Windows.Forms\r\n[System.Windows.Forms.MessageBox]::Show(\"これはメッセージボックスです!AA!。\", \"タイトル\", \"OK\", \"Information\")","node-2-1":"AAAA\n9;Pink;スクリプト;\n10;White;Aメッセージボックス表示;"},"最後のID":17}}
[API] ✅ codeDataを取得しました
[API] codeDataの内容: {"エントリ":{"7-1":"AAAA\n13;White;順次;\n14;White;順次;","8-1":"Add-Type -AssemblyName System.Windows.Forms\r\n[System.Windows.Forms.MessageBox]::Show(\"これはメッセージボックスです!AA!。\", \"タイトル\", \"OK\", \"Information\")","9-1":"AAAA\n13;White;順次;\n14;White;順次;","10-1":"Add-Type -AssemblyName System.Windows.Forms\r\n[System.Windows.Forms.MessageBox]::Show(\"これはメッセージボックスです!AA!。\", \"タイトル\", \"OK\", \"Information\")","11-1":"Write-Host \"OK\"","12-1":"AAAA\n13;White;順次;\n14;White;順次;","13-1":"Write-Host \"OK\"","14-1":"Write-Host \"OK\"","15-1":"AAAA\n13;White;順次;\n14;White;順次;","16-1":"AAAA\n13;White;順次;\n14;White;順次;","17-1":"Add-Type -AssemblyName System.Windows.Forms\r\n[System.Windows.Forms.MessageBox]::Show(\"これはメッセージボックスです!AA!。\", \"タイトル\", \"OK\", \"Information\")","3-1":"Add-Type -AssemblyName System.Windows.Forms\r\n[System.Windows.Forms.MessageBox]::Show(\"これはメッセージボックスです!AA!。\", \"タイトル\", \"OK\", \"Information\")","4-1":"Write-Host \"OK\"","5-1":"AAAA\n13;White;順次;\n14;White;順次;","6-1":"Add-Type -AssemblyName System.Windows.Forms\r\n[System.Windows.Forms.MessageBox]::Show(\"これはメッセージボックスです!AA!。\", \"タイトル\", \"OK\", \"Information\")","node-2-1":"AAAA\n9;Pink;スクリプト;\n10;White;Aメッセージボックス表示;"},"最後のID":17}
[API] 保存先パス: C:\Users\hello\Documents\WindowsPowerShell\chord\RPA-UI2\03_history\TA\コード.json
[API] フォルダパス: C:\Users\hello\Documents\WindowsPowerShell\chord\RPA-UI2\03_history\TA
[API] フォルダは既に存在します
[API] JSON生成完了 (長さ: 1580 文字)
[API] JSON内容の最初の200文字: {
    "エントリ":  {
                 "7-1":  "AAAA\n13;White;順次;\n14;White;順次;",
                 "8-1":  "Add-Type -AssemblyName System.Windows.Forms\r\n[System.Windows.Forms.MessageBox]::Show(\"これはメ
[API] UTF-8 (BOMなし) でファイルを保存しました
[API] ✅ ファイル保存成功
[API]    ファイルサイズ: 1864 バイト
[API]    最終更新時刻: 11/09/2025 14:37:38
━━━━━━━━━━━━━━━━━━━━━━━━━━━━━━━━━━
━━━━━━━━━━━━━━━━━━━━━━━━━━━━━━━━━━
[API] memory.json保存リクエスト受信
[API] フォルダ名: TA
[API] Request.Body が null です。Request.BodyString を確認...
[API] ✅ Request.BodyString を取得しました
[API] リクエストボディ長: 1084 文字
[API] JSON解析成功
[API] layerStructure取得: 7 レイヤー
[API] 保存先パス: C:\Users\hello\Documents\WindowsPowerShell\chord\RPA-UI2\03_history\TA\memory.json
[API] フォルダは既に存在します
[API] レイヤー1 : 3個のノード
[API] レイヤー2 : 2個のノード
[API] 合計ノード数: 5
[API] JSON生成完了 (長さ: 3229 文字)
[API] UTF-8 (BOMなし) でファイルを保存しました
[API] ✅ ファイル保存成功
[API]    ファイルサイズ: 3611 バイト
[API]    最終更新時刻: 11/09/2025 14:37:39
━━━━━━━━━━━━━━━━━━━━━━━━━━━━━━━━━━
