**********************
Windows PowerShell トランスクリプト開始
開始時刻: 20251108163105
ユーザー名: A-01\hello
RunAs ユーザー: A-01\hello
構成名: 
コンピューター: A-01 (Microsoft Windows NT 10.0.26100.0)
ホスト アプリケーション: powershell -NoExit -ExecutionPolicy Bypass -File .\adapter\api-server-v2.ps1 -AutoOpenBrowser
プロセス ID: 18748
PSVersion: 5.1.26100.6899
PSEdition: Desktop
PSCompatibleVersions: 1.0, 2.0, 3.0, 4.0, 5.0, 5.1.26100.6899
BuildVersion: 10.0.26100.6899
CLRVersion: 4.0.30319.42000
WSManStackVersion: 3.0
PSRemotingProtocolVersion: 2.3
SerializationVersion: 1.1.0.1
**********************
トランスクリプトが開始されました。出力ファイル: C:\Users\hello\Documents\WindowsPowerShell\chord\RPA-UI2\logs\api-server-v2_20251108_163105.log
[ログ] ログファイル: C:\Users\hello\Documents\WindowsPowerShell\chord\RPA-UI2\logs\api-server-v2_20251108_163105.log

==================================
UIpowershell - Polaris API Server V2
Version: 1.0.179 (UTF-8エンコーディング修正版)
==================================

[OK] Polarisモジュールを読み込みます: C:\Users\hello\Documents\WindowsPowerShell\chord\RPA-UI2\Modules\Polaris
[OK] Polarisモジュールを読み込みました (Version: Polaris.Version)

既存のPowerShell関数を読み込みます...
[OK] JSON操作ユーティリティ

[OK] コードID管理JSON

Phase 2 v2ファイルを読み込みます...
[OK] コードメイン_コード本文_v2
[OK] 変数機能_変数管理UI_v2
[OK] メインF機能_ツールバー作成_v2
[OK] メインF機能_メインボタン処理_v2
[OK] 削除処理_v2
[OK] ネスト規制バリデーション_v2

Phase 3 Adapterファイルを読み込みます...
[OK] UIpowershell状態を初期化しました (SessionId: d948810f-6520-4435-8a7b-dedfdc31377c)
[OK] state-manager
[OK] node-operations

==================================

静的ファイル提供を設定します...
[OK] 静的ファイル提供を設定しました

Polarisサーバーを起動します...
  ポート: 8080
  URL: http://localhost:8080
  フロントエンド: http://localhost:8080/index-legacy.html

エントリ 最後のID
-------- --------
                0

==================================
✓ サーバー起動成功！
==================================

アクセス先: http://localhost:8080

APIエンドポイント（Phase 3対応）:

【基本】
  GET  /api/health                    - ヘルスチェック
  GET  /api/session                   - セッション情報
  GET  /api/debug                     - デバッグ情報

【ノード管理】
  GET  /api/nodes                     - 全ノード取得
  PUT  /api/nodes                     - ノード配列を一括設定
  POST /api/nodes                     - ノード追加
  DELETE /api/nodes/:id               - ノード削除
  DELETE /api/nodes/all               - 全ノード削除

【変数管理】
  GET  /api/variables                 - 変数一覧取得
  GET  /api/variables/:name           - 変数取得
  POST /api/variables                 - 変数追加
  PUT  /api/variables/:name           - 変数更新
  DELETE /api/variables/:name         - 変数削除

【メニュー操作】
  GET  /api/menu/structure            - メニュー構造取得
  POST /api/menu/action/:actionId     - メニューアクション実行

【実行・フォルダ】
  POST /api/execute/generate          - PowerShellコード生成
  GET  /api/folders                   - フォルダ一覧取得
  POST /api/folders                   - フォルダ作成
  PUT  /api/folders/:name             - フォルダ切り替え

【バリデーション】
  POST /api/validate/drop             - ドロップ可否チェック

【コードID管理】
  POST /api/id/generate               - 新規ID生成
  POST /api/entry/add                 - エントリ追加
  GET  /api/entry/:id                 - エントリ取得
  GET  /api/entries/all               - 全エントリ取得

【ブラウザログ】
  POST /api/browser-logs              - ブラウザコンソールログ受信

停止するには Ctrl+C を押してください

[ブラウザ] Microsoft Edge（UIpowershell専用）をアプリモードで起動します
           URL: http://localhost:8080/index-legacy.html
[ノード関数実行] 関数名: 1_1
[ノード関数実行] スクリプトパス: C:\Users\hello\Documents\WindowsPowerShell\chord\RPA-UI2\00_code\1-1.ps1
[ノード関数実行] 📂 ファイルを読み込み中...
[ノード関数実行] 📄 ファイルパス: C:\Users\hello\Documents\WindowsPowerShell\chord\RPA-UI2\00_code\1-1.ps1
[ノード関数実行] ⏰ ファイル更新日時: 11/02/2025 02:44:55
[ノード関数実行] 📝 ファイルプレビュー (先頭200文字):

function 1_1 {
@"
Write-Host "OK"
"@
}
[ノード関数実行] ✅ 汎用関数を読み込みました
[ノード関数実行] ✅ スクリプト読み込み完了
[ノード関数実行] 🚀 関数 '1_1' を実行中...
[ノード関数実行] ✅ 関数実行完了
[ノード関数実行] 📤 生成されたコード (先頭200文字):
Write-Host "OK"
━━━━━━━━━━━━━━━━━━━━━━━━━━━━━━━━━━
[API] コード.json保存リクエスト受信
[API] フォルダ名: TA
[API] ========== Request オブジェクトのデバッグ ==========
[API] Request 型: PolarisRequest
[API] Request プロパティ一覧:
[API]   - Body :
[API]   - BodyString : {"codeData":{"エントリ":{"1-1":"Write-Host \"OK\""},"最後のID":1}}
[API]   - Query :
[API]   - AcceptTypes : */*
[API]   - Cookies :
[API]   - Headers : sec-ch-ua-platform sec-ch-ua sec-ch-ua-mobile Origin Sec-Fetch-Site Sec-Fetch-Mode Sec-Fetch-Dest Connection Content-Length Content-Type Accept Accept-Encoding Accept-Language Host Referer User-Agent
[API]   - Method : POST
[API]   - Url : http://localhost:8080/api/folders/TA/code
[API]   - UserAgent : Mozilla/5.0 (Windows NT 10.0; Win64; x64) AppleWebKit/537.36 (KHTML, like Gecko) Chrome/142.0.0.0 Safari/537.36 Edg/142.0.0.0
[API]   - ClientIP : ::1
[API]   - RawRequest : System.Net.HttpListenerRequest
[API]   - Parameters : @{name=TA; 0=/api/folders/TA/code}
[API]   - User :
[API] ====================================================
[API] Request.Body のデバッグ開始...
[API] ❌ Request.Body が null です
[API] Request.BodyString を確認...
[API] ✅ Request.BodyString を取得: {"codeData":{"エントリ":{"1-1":"Write-Host \"OK\""},"最後のID":1}}
[API] Request.Body の型: System.String
[API] Request.Body の文字列表現長さ: 59
[API] Request.Body の最初の200文字: [{"codeData":{"エントリ":{"1-1":"Write-Host \"OK\""},"最後のID":1}}]
[API] bodyRaw を ConvertFrom-Json します...
[API] ✅ ConvertFrom-Json完了
[API] bodyの内容: {"codeData":{"エントリ":{"1-1":"Write-Host \"OK\""},"最後のID":1}}
[API] ✅ codeDataを取得しました
[API] codeDataの内容: {"エントリ":{"1-1":"Write-Host \"OK\""},"最後のID":1}
[API] 保存先パス: C:\Users\hello\Documents\WindowsPowerShell\chord\RPA-UI2\03_history\TA\コード.json
[API] フォルダパス: C:\Users\hello\Documents\WindowsPowerShell\chord\RPA-UI2\03_history\TA
[API] フォルダは既に存在します
[API] JSON生成完了 (長さ: 100 文字)
[API] JSON内容の最初の200文字: {
    "エントリ":  {
                 "1-1":  "Write-Host \"OK\""
             },
    "最後のID":  1
}
[API] UTF-8 (BOMなし) でファイルを保存しました
[API] ✅ ファイル保存成功
[API]    ファイルサイズ: 114 バイト
[API]    最終更新時刻: 11/08/2025 16:31:30
━━━━━━━━━━━━━━━━━━━━━━━━━━━━━━━━━━
━━━━━━━━━━━━━━━━━━━━━━━━━━━━━━━━━━
[API] memory.json保存リクエスト受信
[API] フォルダ名: TA
[API] Request.Body が null です。Request.BodyString を確認...
[API] ✅ Request.BodyString を取得しました
[API] リクエストボディ長: 408 文字
[API] JSON解析成功
[API] layerStructure取得: 7 レイヤー
[API] 保存先パス: C:\Users\hello\Documents\WindowsPowerShell\chord\RPA-UI2\03_history\TA\memory.json
[API] フォルダは既に存在します
[API] レイヤー1 : 1個のノード
[API] 合計ノード数: 1
[API] JSON生成完了 (長さ: 998 文字)
[API] UTF-8 (BOMなし) でファイルを保存しました
[API] ✅ ファイル保存成功
[API]    ファイルサイズ: 1076 バイト
[API]    最終更新時刻: 11/08/2025 16:31:30
━━━━━━━━━━━━━━━━━━━━━━━━━━━━━━━━━━
[ノード関数実行] 関数名: 1_1
[ノード関数実行] スクリプトパス: C:\Users\hello\Documents\WindowsPowerShell\chord\RPA-UI2\00_code\1-1.ps1
[ノード関数実行] 📂 ファイルを読み込み中...
[ノード関数実行] 📄 ファイルパス: C:\Users\hello\Documents\WindowsPowerShell\chord\RPA-UI2\00_code\1-1.ps1
[ノード関数実行] ⏰ ファイル更新日時: 11/02/2025 02:44:55
[ノード関数実行] 📝 ファイルプレビュー (先頭200文字):

function 1_1 {
@"
Write-Host "OK"
"@
}
[ノード関数実行] ✅ 汎用関数を読み込みました
[ノード関数実行] ✅ スクリプト読み込み完了
[ノード関数実行] 🚀 関数 '1_1' を実行中...
[ノード関数実行] ✅ 関数実行完了
[ノード関数実行] 📤 生成されたコード (先頭200文字):
Write-Host "OK"
━━━━━━━━━━━━━━━━━━━━━━━━━━━━━━━━━━
[API] コード.json保存リクエスト受信
[API] フォルダ名: TA
[API] ========== Request オブジェクトのデバッグ ==========
[API] Request 型: PolarisRequest
[API] Request プロパティ一覧:
[API]   - Body :
[API]   - BodyString : {"codeData":{"エントリ":{"1-1":"Write-Host \"OK\"","2-1":"Write-Host \"OK\""},"最後のID":2}}
[API]   - Query :
[API]   - AcceptTypes : */*
[API]   - Cookies :
[API]   - Headers : sec-ch-ua-platform sec-ch-ua sec-ch-ua-mobile Origin Sec-Fetch-Site Sec-Fetch-Mode Sec-Fetch-Dest Connection Content-Length Content-Type Accept Accept-Encoding Accept-Language Host Referer User-Agent
[API]   - Method : POST
[API]   - Url : http://localhost:8080/api/folders/TA/code
[API]   - UserAgent : Mozilla/5.0 (Windows NT 10.0; Win64; x64) AppleWebKit/537.36 (KHTML, like Gecko) Chrome/142.0.0.0 Safari/537.36 Edg/142.0.0.0
[API]   - ClientIP : ::1
[API]   - RawRequest : System.Net.HttpListenerRequest
[API]   - Parameters : @{name=TA; 0=/api/folders/TA/code}
[API]   - User :
[API] ====================================================
[API] Request.Body のデバッグ開始...
[API] ❌ Request.Body が null です
[API] Request.BodyString を確認...
[API] ✅ Request.BodyString を取得: {"codeData":{"エントリ":{"1-1":"Write-Host \"OK\"","2-1":"Write-Host \"OK\""},"最後のID":2}}
[API] Request.Body の型: System.String
[API] Request.Body の文字列表現長さ: 85
[API] Request.Body の最初の200文字: [{"codeData":{"エントリ":{"1-1":"Write-Host \"OK\"","2-1":"Write-Host \"OK\""},"最後のID":2}}]
[API] bodyRaw を ConvertFrom-Json します...
[API] ✅ ConvertFrom-Json完了
[API] bodyの内容: {"codeData":{"エントリ":{"1-1":"Write-Host \"OK\"","2-1":"Write-Host \"OK\""},"最後のID":2}}
[API] ✅ codeDataを取得しました
[API] codeDataの内容: {"エントリ":{"1-1":"Write-Host \"OK\"","2-1":"Write-Host \"OK\""},"最後のID":2}
[API] 保存先パス: C:\Users\hello\Documents\WindowsPowerShell\chord\RPA-UI2\03_history\TA\コード.json
[API] フォルダパス: C:\Users\hello\Documents\WindowsPowerShell\chord\RPA-UI2\03_history\TA
[API] フォルダは既に存在します
[API] JSON生成完了 (長さ: 147 文字)
[API] JSON内容の最初の200文字: {
    "エントリ":  {
                 "1-1":  "Write-Host \"OK\"",
                 "2-1":  "Write-Host \"OK\""
             },
    "最後のID":  2
}
[API] UTF-8 (BOMなし) でファイルを保存しました
[API] ✅ ファイル保存成功
[API]    ファイルサイズ: 161 バイト
[API]    最終更新時刻: 11/08/2025 16:31:32
━━━━━━━━━━━━━━━━━━━━━━━━━━━━━━━━━━
━━━━━━━━━━━━━━━━━━━━━━━━━━━━━━━━━━
[API] memory.json保存リクエスト受信
[API] フォルダ名: TA
[API] Request.Body が null です。Request.BodyString を確認...
[API] ✅ Request.BodyString を取得しました
[API] リクエストボディ長: 567 文字
[API] JSON解析成功
[API] layerStructure取得: 7 レイヤー
[API] 保存先パス: C:\Users\hello\Documents\WindowsPowerShell\chord\RPA-UI2\03_history\TA\memory.json
[API] フォルダは既に存在します
[API] レイヤー1 : 2個のノード
[API] 合計ノード数: 2
[API] JSON生成完了 (長さ: 1534 文字)
[API] UTF-8 (BOMなし) でファイルを保存しました
[API] ✅ ファイル保存成功
[API]    ファイルサイズ: 1666 バイト
[API]    最終更新時刻: 11/08/2025 16:31:33
━━━━━━━━━━━━━━━━━━━━━━━━━━━━━━━━━━
━━━━━━━━━━━━━━━━━━━━━━━━━━━━━━━━━━
[API] memory.json保存リクエスト受信
[API] フォルダ名: TA
[API] Request.Body が null です。Request.BodyString を確認...
[API] ✅ Request.BodyString を取得しました
[API] リクエストボディ長: 584 文字
[API] JSON解析成功
[API] layerStructure取得: 7 レイヤー
[API] 保存先パス: C:\Users\hello\Documents\WindowsPowerShell\chord\RPA-UI2\03_history\TA\memory.json
[API] フォルダは既に存在します
[API] レイヤー1 : 2個のノード
[API] 合計ノード数: 2
[API] JSON生成完了 (長さ: 1534 文字)
[API] UTF-8 (BOMなし) でファイルを保存しました
[API] ✅ ファイル保存成功
[API]    ファイルサイズ: 1666 バイト
[API]    最終更新時刻: 11/08/2025 16:31:35
━━━━━━━━━━━━━━━━━━━━━━━━━━━━━━━━━━
━━━━━━━━━━━━━━━━━━━━━━━━━━━━━━━━━━
[API] memory.json保存リクエスト受信
[API] フォルダ名: TA
[API] Request.Body が null です。Request.BodyString を確認...
[API] ✅ Request.BodyString を取得しました
[API] リクエストボディ長: 601 文字
[API] JSON解析成功
[API] layerStructure取得: 7 レイヤー
[API] 保存先パス: C:\Users\hello\Documents\WindowsPowerShell\chord\RPA-UI2\03_history\TA\memory.json
[API] フォルダは既に存在します
[API] レイヤー1 : 2個のノード
[API] 合計ノード数: 2
[API] JSON生成完了 (長さ: 1534 文字)
[API] UTF-8 (BOMなし) でファイルを保存しました
[API] ✅ ファイル保存成功
[API]    ファイルサイズ: 1666 バイト
[API]    最終更新時刻: 11/08/2025 16:31:36
━━━━━━━━━━━━━━━━━━━━━━━━━━━━━━━━━━
━━━━━━━━━━━━━━━━━━━━━━━━━━━━━━━━━━
[API] コード.json保存リクエスト受信
[API] フォルダ名: TA
[API] ========== Request オブジェクトのデバッグ ==========
[API] Request 型: PolarisRequest
[API] Request プロパティ一覧:
[API]   - Body :
[API]   - BodyString : {"codeData":{"エントリ":{"1-1":"Write-Host \"OK\"","2-1":"Write-Host \"OK\"","3-1":"AAAA\n1-1;White;順次;\n2-1;White;順次;"},"最後のID":3}}
[API]   - Query :
[API]   - AcceptTypes : */*
[API]   - Cookies :
[API]   - Headers : sec-ch-ua-platform sec-ch-ua sec-ch-ua-mobile Origin Sec-Fetch-Site Sec-Fetch-Mode Sec-Fetch-Dest Connection Content-Length Content-Type Accept Accept-Encoding Accept-Language Host Referer User-Agent
[API]   - Method : POST
[API]   - Url : http://localhost:8080/api/folders/TA/code
[API]   - UserAgent : Mozilla/5.0 (Windows NT 10.0; Win64; x64) AppleWebKit/537.36 (KHTML, like Gecko) Chrome/142.0.0.0 Safari/537.36 Edg/142.0.0.0
[API]   - ClientIP : ::1
[API]   - RawRequest : System.Net.HttpListenerRequest
[API]   - Parameters : @{name=TA; 0=/api/folders/TA/code}
[API]   - User :
[API] ====================================================
[API] Request.Body のデバッグ開始...
[API] ❌ Request.Body が null です
[API] Request.BodyString を確認...
[API] ✅ Request.BodyString を取得: {"codeData":{"エントリ":{"1-1":"Write-Host \"OK\"","2-1":"Write-Host \"OK\"","3-1":"AAAA\n1-1;White;順次;\n2-1;White;順次;"},"最後のID":3}}
[API] Request.Body の型: System.String
[API] Request.Body の文字列表現長さ: 128
[API] Request.Body の最初の200文字: [{"codeData":{"エントリ":{"1-1":"Write-Host \"OK\"","2-1":"Write-Host \"OK\"","3-1":"AAAA\n1-1;White;順次;\n2-1;White;順次;"},"最後のID":3}}]
[API] bodyRaw を ConvertFrom-Json します...
[API] ✅ ConvertFrom-Json完了
[API] bodyの内容: {"codeData":{"エントリ":{"1-1":"Write-Host \"OK\"","2-1":"Write-Host \"OK\"","3-1":"AAAA\n1-1;White;順次;\n2-1;White;順次;"},"最後のID":3}}
[API] ✅ codeDataを取得しました
[API] codeDataの内容: {"エントリ":{"1-1":"Write-Host \"OK\"","2-1":"Write-Host \"OK\"","3-1":"AAAA\n1-1;White;順次;\n2-1;White;順次;"},"最後のID":3}
[API] 保存先パス: C:\Users\hello\Documents\WindowsPowerShell\chord\RPA-UI2\03_history\TA\コード.json
[API] フォルダパス: C:\Users\hello\Documents\WindowsPowerShell\chord\RPA-UI2\03_history\TA
[API] フォルダは既に存在します
[API] JSON生成完了 (長さ: 211 文字)
[API] JSON内容の最初の200文字: {
    "エントリ":  {
                 "1-1":  "Write-Host \"OK\"",
                 "2-1":  "Write-Host \"OK\"",
                 "3-1":  "AAAA\n1-1;White;順次;\n2-1;White;順次;"
             },
    "最後
[API] UTF-8 (BOMなし) でファイルを保存しました
[API] ✅ ファイル保存成功
[API]    ファイルサイズ: 233 バイト
[API]    最終更新時刻: 11/08/2025 16:31:38
━━━━━━━━━━━━━━━━━━━━━━━━━━━━━━━━━━
━━━━━━━━━━━━━━━━━━━━━━━━━━━━━━━━━━
[API] memory.json保存リクエスト受信
[API] フォルダ名: TA
[API] Request.Body が null です。Request.BodyString を確認...
[API] ✅ Request.BodyString を取得しました
[API] リクエストボディ長: 414 文字
[API] JSON解析成功
[API] layerStructure取得: 7 レイヤー
[API] 保存先パス: C:\Users\hello\Documents\WindowsPowerShell\chord\RPA-UI2\03_history\TA\memory.json
[API] フォルダは既に存在します
[API] レイヤー1 : 1個のノード
[API] 合計ノード数: 1
[API] JSON生成完了 (長さ: 1029 文字)
[API] UTF-8 (BOMなし) でファイルを保存しました
[API] ✅ ファイル保存成功
[API]    ファイルサイズ: 1121 バイト
[API]    最終更新時刻: 11/08/2025 16:31:39
━━━━━━━━━━━━━━━━━━━━━━━━━━━━━━━━━━
━━━━━━━━━━━━━━━━━━━━━━━━━━━━━━━━━━
[API] memory.json保存リクエスト受信
[API] フォルダ名: TA
[API] Request.Body が null です。Request.BodyString を確認...
[API] ✅ Request.BodyString を取得しました
[API] リクエストボディ長: 685 文字
[API] JSON解析成功
[API] layerStructure取得: 7 レイヤー
[API] 保存先パス: C:\Users\hello\Documents\WindowsPowerShell\chord\RPA-UI2\03_history\TA\memory.json
[API] フォルダは既に存在します
[API] レイヤー1 : 1個のノード
[API] レイヤー2 : 2個のノード
[API] 合計ノード数: 3
[API] JSON生成完了 (長さ: 2102 文字)
[API] UTF-8 (BOMなし) でファイルを保存しました
[API] ✅ ファイル保存成功
[API]    ファイルサイズ: 2302 バイト
[API]    最終更新時刻: 11/08/2025 16:31:39
━━━━━━━━━━━━━━━━━━━━━━━━━━━━━━━━━━
━━━━━━━━━━━━━━━━━━━━━━━━━━━━━━━━━━
[API] memory.json保存リクエスト受信
[API] フォルダ名: TA
[API] Request.Body が null です。Request.BodyString を確認...
[API] ✅ Request.BodyString を取得しました
[API] リクエストボディ長: 685 文字
[API] JSON解析成功
[API] layerStructure取得: 7 レイヤー
[API] 保存先パス: C:\Users\hello\Documents\WindowsPowerShell\chord\RPA-UI2\03_history\TA\memory.json
[API] フォルダは既に存在します
[API] レイヤー1 : 1個のノード
[API] レイヤー2 : 2個のノード
[API] 合計ノード数: 3
[API] JSON生成完了 (長さ: 2102 文字)
[API] UTF-8 (BOMなし) でファイルを保存しました
[API] ✅ ファイル保存成功
[API]    ファイルサイズ: 2302 バイト
[API]    最終更新時刻: 11/08/2025 16:31:41
━━━━━━━━━━━━━━━━━━━━━━━━━━━━━━━━━━
━━━━━━━━━━━━━━━━━━━━━━━━━━━━━━━━━━
[API] memory.json保存リクエスト受信
[API] フォルダ名: TA
[API] Request.Body が null です。Request.BodyString を確認...
[API] ✅ Request.BodyString を取得しました
[API] リクエストボディ長: 684 文字
[API] JSON解析成功
[API] layerStructure取得: 7 レイヤー
[API] 保存先パス: C:\Users\hello\Documents\WindowsPowerShell\chord\RPA-UI2\03_history\TA\memory.json
[API] フォルダは既に存在します
[API] レイヤー1 : 1個のノード
[API] レイヤー2 : 2個のノード
[API] 合計ノード数: 3
[API] JSON生成完了 (長さ: 2102 文字)
[API] UTF-8 (BOMなし) でファイルを保存しました
[API] ✅ ファイル保存成功
[API]    ファイルサイズ: 2302 バイト
[API]    最終更新時刻: 11/08/2025 16:31:41
━━━━━━━━━━━━━━━━━━━━━━━━━━━━━━━━━━
━━━━━━━━━━━━━━━━━━━━━━━━━━━━━━━━━━
[API] memory.json保存リクエスト受信
[API] フォルダ名: TA
[API] Request.Body が null です。Request.BodyString を確認...
[API] ✅ Request.BodyString を取得しました
[API] リクエストボディ長: 683 文字
[API] JSON解析成功
[API] layerStructure取得: 7 レイヤー
[API] 保存先パス: C:\Users\hello\Documents\WindowsPowerShell\chord\RPA-UI2\03_history\TA\memory.json
[API] フォルダは既に存在します
[API] レイヤー1 : 1個のノード
[API] レイヤー2 : 2個のノード
[API] 合計ノード数: 3
[API] JSON生成完了 (長さ: 2102 文字)
[API] UTF-8 (BOMなし) でファイルを保存しました
[API] ✅ ファイル保存成功
[API]    ファイルサイズ: 2302 バイト
[API]    最終更新時刻: 11/08/2025 16:31:42
━━━━━━━━━━━━━━━━━━━━━━━━━━━━━━━━━━
━━━━━━━━━━━━━━━━━━━━━━━━━━━━━━━━━━
[API] コード.json保存リクエスト受信
[API] フォルダ名: TA
[API] ========== Request オブジェクトのデバッグ ==========
[API] Request 型: PolarisRequest
[API] Request プロパティ一覧:
[API]   - Body :
[API]   - BodyString : {"codeData":{"エントリ":{"1-1":"Write-Host \"OK\"","2-1":"Write-Host \"OK\"","3-1":"AAAA\n1-1;White;順次;\n2-1;White;順次;","6-1":"AAAA\n4;White;順次;\n5;White;順次;"},"最後のID":6}}
[API]   - Query :
[API]   - AcceptTypes : */*
[API]   - Cookies :
[API]   - Headers : sec-ch-ua-platform sec-ch-ua sec-ch-ua-mobile Origin Sec-Fetch-Site Sec-Fetch-Mode Sec-Fetch-Dest Connection Content-Length Content-Type Accept Accept-Encoding Accept-Language Host Referer User-Agent
[API]   - Method : POST
[API]   - Url : http://localhost:8080/api/folders/TA/code
[API]   - UserAgent : Mozilla/5.0 (Windows NT 10.0; Win64; x64) AppleWebKit/537.36 (KHTML, like Gecko) Chrome/142.0.0.0 Safari/537.36 Edg/142.0.0.0
[API]   - ClientIP : ::1
[API]   - RawRequest : System.Net.HttpListenerRequest
[API]   - Parameters : @{name=TA; 0=/api/folders/TA/code}
[API]   - User :
[API] ====================================================
[API] Request.Body のデバッグ開始...
[API] ❌ Request.Body が null です
[API] Request.BodyString を確認...
[API] ✅ Request.BodyString を取得: {"codeData":{"エントリ":{"1-1":"Write-Host \"OK\"","2-1":"Write-Host \"OK\"","3-1":"AAAA\n1-1;White;順次;\n2-1;White;順次;","6-1":"AAAA\n4;White;順次;\n5;White;順次;"},"最後のID":6}}
[API] Request.Body の型: System.String
[API] Request.Body の文字列表現長さ: 167
[API] Request.Body の最初の200文字: [{"codeData":{"エントリ":{"1-1":"Write-Host \"OK\"","2-1":"Write-Host \"OK\"","3-1":"AAAA\n1-1;White;順次;\n2-1;White;順次;","6-1":"AAAA\n4;White;順次;\n5;White;順次;"},"最後のID":6}}]
[API] bodyRaw を ConvertFrom-Json します...
[API] ✅ ConvertFrom-Json完了
[API] bodyの内容: {"codeData":{"エントリ":{"1-1":"Write-Host \"OK\"","2-1":"Write-Host \"OK\"","3-1":"AAAA\n1-1;White;順次;\n2-1;White;順次;","6-1":"AAAA\n4;White;順次;\n5;White;順次;"},"最後のID":6}}
[API] ✅ codeDataを取得しました
[API] codeDataの内容: {"エントリ":{"1-1":"Write-Host \"OK\"","2-1":"Write-Host \"OK\"","3-1":"AAAA\n1-1;White;順次;\n2-1;White;順次;","6-1":"AAAA\n4;White;順次;\n5;White;順次;"},"最後のID":6}
[API] 保存先パス: C:\Users\hello\Documents\WindowsPowerShell\chord\RPA-UI2\03_history\TA\コード.json
[API] フォルダパス: C:\Users\hello\Documents\WindowsPowerShell\chord\RPA-UI2\03_history\TA
[API] フォルダは既に存在します
[API] JSON生成完了 (長さ: 271 文字)
[API] JSON内容の最初の200文字: {
    "エントリ":  {
                 "1-1":  "Write-Host \"OK\"",
                 "2-1":  "Write-Host \"OK\"",
                 "3-1":  "AAAA\n1-1;White;順次;\n2-1;White;順次;",
                 "6-1":
[API] UTF-8 (BOMなし) でファイルを保存しました
[API] ✅ ファイル保存成功
[API]    ファイルサイズ: 301 バイト
[API]    最終更新時刻: 11/08/2025 16:31:45
━━━━━━━━━━━━━━━━━━━━━━━━━━━━━━━━━━
━━━━━━━━━━━━━━━━━━━━━━━━━━━━━━━━━━
[API] コード.json保存リクエスト受信
[API] フォルダ名: TA
[API] ========== Request オブジェクトのデバッグ ==========
[API] Request 型: PolarisRequest
[API] Request プロパティ一覧:
[API]   - Body :
[API]   - BodyString : {"codeData":{"エントリ":{"1-1":"Write-Host \"OK\"","2-1":"Write-Host \"OK\"","3-1":"AAAA\n1-1;White;順次;\n2-1;White;順次;\n6;Pink;スクリプト;4;White;順次;\n5;White;順次;","6-1":"AAAA\n4;White;順次;\n5;White;順次;"},"最後のID":6}}
[API]   - Query :
[API]   - AcceptTypes : */*
[API]   - Cookies :
[API]   - Headers : sec-ch-ua-platform sec-ch-ua sec-ch-ua-mobile Origin Sec-Fetch-Site Sec-Fetch-Mode Sec-Fetch-Dest Connection Content-Length Content-Type Accept Accept-Encoding Accept-Language Host Referer User-Agent
[API]   - Method : POST
[API]   - Url : http://localhost:8080/api/folders/TA/code
[API]   - UserAgent : Mozilla/5.0 (Windows NT 10.0; Win64; x64) AppleWebKit/537.36 (KHTML, like Gecko) Chrome/142.0.0.0 Safari/537.36 Edg/142.0.0.0
[API]   - ClientIP : ::1
[API]   - RawRequest : System.Net.HttpListenerRequest
[API]   - Parameters : @{name=TA; 0=/api/folders/TA/code}
[API]   - User :
[API] ====================================================
[API] Request.Body のデバッグ開始...
[API] ❌ Request.Body が null です
[API] Request.BodyString を確認...
[API] ✅ Request.BodyString を取得: {"codeData":{"エントリ":{"1-1":"Write-Host \"OK\"","2-1":"Write-Host \"OK\"","3-1":"AAAA\n1-1;White;順次;\n2-1;White;順次;\n6;Pink;スクリプト;4;White;順次;\n5;White;順次;","6-1":"AAAA\n4;White;順次;\n5;White;順次;"},"最後のID":6}}
[API] Request.Body の型: System.String
[API] Request.Body の文字列表現長さ: 206
[API] Request.Body の最初の200文字: [{"codeData":{"エントリ":{"1-1":"Write-Host \"OK\"","2-1":"Write-Host \"OK\"","3-1":"AAAA\n1-1;White;順次;\n2-1;White;順次;\n6;Pink;スクリプト;4;White;順次;\n5;White;順次;","6-1":"AAAA\n4;White;順次;\n5;White;順次;"},"最後のI]
[API] bodyRaw を ConvertFrom-Json します...
[API] ✅ ConvertFrom-Json完了
[API] bodyの内容: {"codeData":{"エントリ":{"1-1":"Write-Host \"OK\"","2-1":"Write-Host \"OK\"","3-1":"AAAA\n1-1;White;順次;\n2-1;White;順次;\n6;Pink;スクリプト;4;White;順次;\n5;White;順次;","6-1":"AAAA\n4;White;順次;\n5;White;順次;"},"最後のID":6}}
[API] ✅ codeDataを取得しました
[API] codeDataの内容: {"エントリ":{"1-1":"Write-Host \"OK\"","2-1":"Write-Host \"OK\"","3-1":"AAAA\n1-1;White;順次;\n2-1;White;順次;\n6;Pink;スクリプト;4;White;順次;\n5;White;順次;","6-1":"AAAA\n4;White;順次;\n5;White;順次;"},"最後のID":6}
[API] 保存先パス: C:\Users\hello\Documents\WindowsPowerShell\chord\RPA-UI2\03_history\TA\コード.json
[API] フォルダパス: C:\Users\hello\Documents\WindowsPowerShell\chord\RPA-UI2\03_history\TA
[API] フォルダは既に存在します
[API] JSON生成完了 (長さ: 310 文字)
[API] JSON内容の最初の200文字: {
    "エントリ":  {
                 "1-1":  "Write-Host \"OK\"",
                 "2-1":  "Write-Host \"OK\"",
                 "3-1":  "AAAA\n1-1;White;順次;\n2-1;White;順次;\n6;Pink;スクリプト;4;White;順次;\
[API] UTF-8 (BOMなし) でファイルを保存しました
[API] ✅ ファイル保存成功
[API]    ファイルサイズ: 358 バイト
[API]    最終更新時刻: 11/08/2025 16:31:46
━━━━━━━━━━━━━━━━━━━━━━━━━━━━━━━━━━
━━━━━━━━━━━━━━━━━━━━━━━━━━━━━━━━━━
[API] memory.json保存リクエスト受信
[API] フォルダ名: TA
[API] Request.Body が null です。Request.BodyString を確認...
[API] ✅ Request.BodyString を取得しました
[API] リクエストボディ長: 611 文字
[API] JSON解析成功
[API] layerStructure取得: 7 レイヤー
[API] 保存先パス: C:\Users\hello\Documents\WindowsPowerShell\chord\RPA-UI2\03_history\TA\memory.json
[API] フォルダは既に存在します
[API] レイヤー1 : 1個のノード
[API] レイヤー2 : 1個のノード
[API] 合計ノード数: 2
[API] JSON生成完了 (長さ: 1626 文字)
[API] UTF-8 (BOMなし) でファイルを保存しました
[API] ✅ ファイル保存成功
[API]    ファイルサイズ: 1804 バイト
[API]    最終更新時刻: 11/08/2025 16:31:46
━━━━━━━━━━━━━━━━━━━━━━━━━━━━━━━━━━
━━━━━━━━━━━━━━━━━━━━━━━━━━━━━━━━━━
[API] memory.json保存リクエスト受信
[API] フォルダ名: TA
[API] Request.Body が null です。Request.BodyString を確認...
[API] ✅ Request.BodyString を取得しました
[API] リクエストボディ長: 882 文字
[API] JSON解析成功
[API] layerStructure取得: 7 レイヤー
[API] 保存先パス: C:\Users\hello\Documents\WindowsPowerShell\chord\RPA-UI2\03_history\TA\memory.json
[API] フォルダは既に存在します
[API] レイヤー1 : 1個のノード
[API] レイヤー2 : 1個のノード
[API] レイヤー3 : 2個のノード
[API] 合計ノード数: 4
[API] JSON生成完了 (長さ: 2699 文字)
[API] UTF-8 (BOMなし) でファイルを保存しました
[API] ✅ ファイル保存成功
[API]    ファイルサイズ: 2985 バイト
[API]    最終更新時刻: 11/08/2025 16:31:47
━━━━━━━━━━━━━━━━━━━━━━━━━━━━━━━━━━
━━━━━━━━━━━━━━━━━━━━━━━━━━━━━━━━━━
[API] memory.json保存リクエスト受信
[API] フォルダ名: TA
[API] Request.Body が null です。Request.BodyString を確認...
[API] ✅ Request.BodyString を取得しました
[API] リクエストボディ長: 451 文字
[API] JSON解析成功
[API] layerStructure取得: 7 レイヤー
[API] 保存先パス: C:\Users\hello\Documents\WindowsPowerShell\chord\RPA-UI2\03_history\TA\memory.json
[API] フォルダは既に存在します
[API] レイヤー1 : 1個のノード
[API] 合計ノード数: 1
[API] JSON生成完了 (長さ: 1066 文字)
[API] UTF-8 (BOMなし) でファイルを保存しました
[API] ✅ ファイル保存成功
[API]    ファイルサイズ: 1176 バイト
[API]    最終更新時刻: 11/08/2025 16:31:49
━━━━━━━━━━━━━━━━━━━━━━━━━━━━━━━━━━
━━━━━━━━━━━━━━━━━━━━━━━━━━━━━━━━━━
[API] memory.json保存リクエスト受信
[API] フォルダ名: TA
[API] Request.Body が null です。Request.BodyString を確認...
[API] ✅ Request.BodyString を取得しました
[API] リクエストボディ長: 1002 文字
[API] JSON解析成功
[API] layerStructure取得: 7 レイヤー
[API] 保存先パス: C:\Users\hello\Documents\WindowsPowerShell\chord\RPA-UI2\03_history\TA\memory.json
[API] フォルダは既に存在します
[API] レイヤー1 : 1個のノード
[API] レイヤー2 : 4個のノード
[API] 合計ノード数: 5
[API] JSON生成完了 (長さ: 3220 文字)
[API] UTF-8 (BOMなし) でファイルを保存しました
[API] ✅ ファイル保存成功
[API]    ファイルサイズ: 3552 バイト
[API]    最終更新時刻: 11/08/2025 16:31:51
━━━━━━━━━━━━━━━━━━━━━━━━━━━━━━━━━━
