**********************
Windows PowerShell トランスクリプト開始
開始時刻: 20251116011826
ユーザー名: A-01\hello
RunAs ユーザー: A-01\hello
構成名: 
コンピューター: A-01 (Microsoft Windows NT 10.0.26100.0)
ホスト アプリケーション: powershell -NoExit -ExecutionPolicy Bypass -File .\adapter\api-server-v2.ps1 -AutoOpenBrowser
プロセス ID: 31452
PSVersion: 5.1.26100.7019
PSEdition: Desktop
PSCompatibleVersions: 1.0, 2.0, 3.0, 4.0, 5.0, 5.1.26100.7019
BuildVersion: 10.0.26100.7019
CLRVersion: 4.0.30319.42000
WSManStackVersion: 3.0
PSRemotingProtocolVersion: 2.3
SerializationVersion: 1.1.0.1
**********************
トランスクリプトが開始されました。出力ファイル: C:\Users\hello\Documents\WindowsPowerShell\chord\RPA-UI2\logs\api-server-v2_20251116_011826.log
[ログ] ログファイル: C:\Users\hello\Documents\WindowsPowerShell\chord\RPA-UI2\logs\api-server-v2_20251116_011826.log

==================================
UIpowershell - Polaris API Server V2
Version: 1.0.179 (UTF-8エンコーディング修正版)
==================================

[OK] Polarisモジュールを読み込みます: C:\Users\hello\Documents\WindowsPowerShell\chord\RPA-UI2\Modules\Polaris
[OK] Polarisモジュールを読み込みました (Version: Polaris.Version)

既存のPowerShell関数を読み込みます...
[OK] JSON操作ユーティリティ

[OK] コードID管理JSON

Phase 2 v2ファイルを読み込みます...
[OK] コードメイン_コード本文_v2
[OK] 変数機能_変数管理UI_v2
[OK] メインF機能_ツールバー作成_v2
[OK] メインF機能_メインボタン処理_v2
[OK] 削除処理_v2
[OK] ネスト規制バリデーション_v2

Phase 3 Adapterファイルを読み込みます...
[OK] UIpowershell状態を初期化しました (SessionId: a87f7894-dd6c-43ea-a6b3-a42fef5488de)
[OK] state-manager
[OK] node-operations

==================================

静的ファイル提供を設定します...
[OK] 静的ファイル提供を設定しました

Polarisサーバーを起動します...
  ポート: 8080
  URL: http://localhost:8080
  フロントエンド: http://localhost:8080/index-legacy.html

エントリ
--------
@{7-1=Add-Type -AssemblyName System.Windows.Forms...

==================================
✓ サーバー起動成功！
==================================

アクセス先: http://localhost:8080

APIエンドポイント（Phase 3対応）:

【基本】
  GET  /api/health                    - ヘルスチェック
  GET  /api/session                   - セッション情報
  GET  /api/debug                     - デバッグ情報

【ノード管理】
  GET  /api/nodes                     - 全ノード取得
  PUT  /api/nodes                     - ノード配列を一括設定
  POST /api/nodes                     - ノード追加
  DELETE /api/nodes/:id               - ノード削除
  DELETE /api/nodes/all               - 全ノード削除

【変数管理】
  GET  /api/variables                 - 変数一覧取得
  GET  /api/variables/:name           - 変数取得
  POST /api/variables                 - 変数追加
  PUT  /api/variables/:name           - 変数更新
  DELETE /api/variables/:name         - 変数削除

【メニュー操作】
  GET  /api/menu/structure            - メニュー構造取得
  POST /api/menu/action/:actionId     - メニューアクション実行

【実行・フォルダ】
  POST /api/execute/generate          - PowerShellコード生成
  GET  /api/folders                   - フォルダ一覧取得
  POST /api/folders                   - フォルダ作成
  PUT  /api/folders/:name             - フォルダ切り替え

【バリデーション】
  POST /api/validate/drop             - ドロップ可否チェック

【コードID管理】
  POST /api/id/generate               - 新規ID生成
  POST /api/entry/add                 - エントリ追加
  GET  /api/entry/:id                 - エントリ取得
  GET  /api/entries/all               - 全エントリ取得

【ブラウザログ】
  POST /api/browser-logs              - ブラウザコンソールログ受信

停止するには Ctrl+C を押してください

[ブラウザ] Microsoft Edge（UIpowershell専用）を最大化アプリモードで起動します
           URL: http://localhost:8080/index-legacy.html
[GET /code] 🔧 改行文字の正規化を開始（LF → CRLF）...
[GET /code] ✅ 0 個のエントリで改行を正規化しました
━━━━━━━━━━━━━━━━━━━━━━━━━━━━━━━━━━
[API] コード.json保存リクエスト受信
[API] フォルダ名: TA
[API] ========== Request オブジェクトのデバッグ ==========
[API] Request 型: PolarisRequest
[API] Request プロパティ一覧:
[API]   - Body :
[API]   - BodyString : {"codeData":{"エントリ":{"7-1":"Add-Type -AssemblyName System.Windows.Forms\r\n[System.Windows.Forms.MessageBox]::Show(\"これはメッセージボックスです!AA!。\", \"タイトル\", \"OK\", \"Information\")","8-1":"Add-Type -AssemblyName System.Windows.Forms\r\n[System.Windows.Forms.MessageBox]::Show(\"これはメッセージボックスです!AA!。\", \"タイトル\", \"OK\", \"Information\")","9-1":"AAAA\r\n7-1;White;Aメッセージボックス表示;\r\n8-1;White;Aメッセージボックス表示;","10-1":"Add-Type -AssemblyName System.Windows.Forms\r\n[System.Windows.Forms.MessageBox]::Show(\"これはメッセージボックスです!AA!。\", \"タイトル\", \"OK\", \"Information\")","11-1":"Add-Type -AssemblyName System.Windows.Forms\r\n[System.Windows.Forms.MessageBox]::Show(\"これはメッセージボックスです!AA!。\", \"タイトル\", \"OK\", \"Information\")","12-1":"Add-Type -AssemblyName System.Windows.Forms\r\n[System.Windows.Forms.MessageBox]::Show(\"これはメッセージボックスです!AA!。\", \"タイトル\", \"OK\", \"Information\")","13-1":"Add-Type -AssemblyName System.Windows.Forms\r\n[System.Windows.Forms.MessageBox]::Show(\"これはメッセージボックスです!AA!。\", \"タイトル\", \"OK\", \"Information\")","4-1":"Add-Type -AssemblyName System.Windows.Forms\r\n[System.Windows.Forms.MessageBox]::Show(\"これはメッセージボックスです!AA!。\", \"タイトル\", \"OK\", \"Information\")","5-1":"Add-Type -AssemblyName System.Windows.Forms\r\n[System.Windows.Forms.MessageBox]::Show(\"これはメッセージボックスです!AA!。\", \"タイトル\", \"OK\", \"Information\")"},"最後のID":13}}
[API]   - Query :
[API]   - AcceptTypes : */*
[API]   - Cookies :
[API]   - Headers : sec-ch-ua-platform sec-ch-ua sec-ch-ua-mobile Origin Sec-Fetch-Site Sec-Fetch-Mode Sec-Fetch-Dest Connection Content-Length Content-Type Accept Accept-Encoding Accept-Language Host Referer User-Agent
[API]   - Method : POST
[API]   - Url : http://localhost:8080/api/folders/TA/code
[API]   - UserAgent : Mozilla/5.0 (Windows NT 10.0; Win64; x64) AppleWebKit/537.36 (KHTML, like Gecko) Chrome/142.0.0.0 Safari/537.36 Edg/142.0.0.0
[API]   - ClientIP : ::1
[API]   - RawRequest : System.Net.HttpListenerRequest
[API]   - Parameters : @{name=TA; 0=/api/folders/TA/code}
[API]   - User :
[API] ====================================================
[API] Request.Body のデバッグ開始...
[API] ❌ Request.Body が null です
[API] Request.BodyString を確認...
[API] ✅ Request.BodyString を取得: {"codeData":{"エントリ":{"7-1":"Add-Type -AssemblyName System.Windows.Forms\r\n[System.Windows.Forms.MessageBox]::Show(\"これはメッセージボックスです!AA!。\", \"タイトル\", \"OK\", \"Information\")","8-1":"Add-Type -AssemblyName System.Windows.Forms\r\n[System.Windows.Forms.MessageBox]::Show(\"これはメッセージボックスです!AA!。\", \"タイトル\", \"OK\", \"Information\")","9-1":"AAAA\r\n7-1;White;Aメッセージボックス表示;\r\n8-1;White;Aメッセージボックス表示;","10-1":"Add-Type -AssemblyName System.Windows.Forms\r\n[System.Windows.Forms.MessageBox]::Show(\"これはメッセージボックスです!AA!。\", \"タイトル\", \"OK\", \"Information\")","11-1":"Add-Type -AssemblyName System.Windows.Forms\r\n[System.Windows.Forms.MessageBox]::Show(\"これはメッセージボックスです!AA!。\", \"タイトル\", \"OK\", \"Information\")","12-1":"Add-Type -AssemblyName System.Windows.Forms\r\n[System.Windows.Forms.MessageBox]::Show(\"これはメッセージボックスです!AA!。\", \"タイトル\", \"OK\", \"Information\")","13-1":"Add-Type -AssemblyName System.Windows.Forms\r\n[System.Windows.Forms.MessageBox]::Show(\"これはメッセージボックスです!AA!。\", \"タイトル\", \"OK\", \"Information\")","4-1":"Add-Type -AssemblyName System.Windows.Forms\r\n[System.Windows.Forms.MessageBox]::Show(\"これはメッセージボックスです!AA!。\", \"タイトル\", \"OK\", \"Information\")","5-1":"Add-Type -AssemblyName System.Windows.Forms\r\n[System.Windows.Forms.MessageBox]::Show(\"これはメッセージボックスです!AA!。\", \"タイトル\", \"OK\", \"Information\")"},"最後のID":13}}
[API] Request.Body の型: System.String
[API] Request.Body の文字列表現長さ: 1345
[API] Request.Body の最初の200文字: [{"codeData":{"エントリ":{"7-1":"Add-Type -AssemblyName System.Windows.Forms\r\n[System.Windows.Forms.MessageBox]::Show(\"これはメッセージボックスです!AA!。\", \"タイトル\", \"OK\", \"Information\")","8-1":"Add-Type -Assembl]
[API] bodyRaw を ConvertFrom-Json します...
[API] ✅ ConvertFrom-Json完了
[API] bodyの内容: {"codeData":{"エントリ":{"7-1":"Add-Type -AssemblyName System.Windows.Forms\r\n[System.Windows.Forms.MessageBox]::Show(\"これはメッセージボックスです!AA!。\", \"タイトル\", \"OK\", \"Information\")","8-1":"Add-Type -AssemblyName System.Windows.Forms\r\n[System.Windows.Forms.MessageBox]::Show(\"これはメッセージボックスです!AA!。\", \"タイトル\", \"OK\", \"Information\")","9-1":"AAAA\r\n7-1;White;Aメッセージボックス表示;\r\n8-1;White;Aメッセージボックス表示;","10-1":"Add-Type -AssemblyName System.Windows.Forms\r\n[System.Windows.Forms.MessageBox]::Show(\"これはメッセージボックスです!AA!。\", \"タイトル\", \"OK\", \"Information\")","11-1":"Add-Type -AssemblyName System.Windows.Forms\r\n[System.Windows.Forms.MessageBox]::Show(\"これはメッセージボックスです!AA!。\", \"タイトル\", \"OK\", \"Information\")","12-1":"Add-Type -AssemblyName System.Windows.Forms\r\n[System.Windows.Forms.MessageBox]::Show(\"これはメッセージボックスです!AA!。\", \"タイトル\", \"OK\", \"Information\")","13-1":"Add-Type -AssemblyName System.Windows.Forms\r\n[System.Windows.Forms.MessageBox]::Show(\"これはメッセージボックスです!AA!。\", \"タイトル\", \"OK\", \"Information\")","4-1":"Add-Type -AssemblyName System.Windows.Forms\r\n[System.Windows.Forms.MessageBox]::Show(\"これはメッセージボックスです!AA!。\", \"タイトル\", \"OK\", \"Information\")","5-1":"Add-Type -AssemblyName System.Windows.Forms\r\n[System.Windows.Forms.MessageBox]::Show(\"これはメッセージボックスです!AA!。\", \"タイトル\", \"OK\", \"Information\")"},"最後のID":13}}
[API] 🔧 改行文字の正規化を開始（LF → CRLF）...
[API] ✅ 0 個のエントリで改行を正規化しました
[API] ✅ codeDataを取得しました
[API] codeDataの内容: {"エントリ":{"7-1":"Add-Type -AssemblyName System.Windows.Forms\r\n[System.Windows.Forms.MessageBox]::Show(\"これはメッセージボックスです!AA!。\", \"タイトル\", \"OK\", \"Information\")","8-1":"Add-Type -AssemblyName System.Windows.Forms\r\n[System.Windows.Forms.MessageBox]::Show(\"これはメッセージボックスです!AA!。\", \"タイトル\", \"OK\", \"Information\")","9-1":"AAAA\r\n7-1;White;Aメッセージボックス表示;\r\n8-1;White;Aメッセージボックス表示;","10-1":"Add-Type -AssemblyName System.Windows.Forms\r\n[System.Windows.Forms.MessageBox]::Show(\"これはメッセージボックスです!AA!。\", \"タイトル\", \"OK\", \"Information\")","11-1":"Add-Type -AssemblyName System.Windows.Forms\r\n[System.Windows.Forms.MessageBox]::Show(\"これはメッセージボックスです!AA!。\", \"タイトル\", \"OK\", \"Information\")","12-1":"Add-Type -AssemblyName System.Windows.Forms\r\n[System.Windows.Forms.MessageBox]::Show(\"これはメッセージボックスです!AA!。\", \"タイトル\", \"OK\", \"Information\")","13-1":"Add-Type -AssemblyName System.Windows.Forms\r\n[System.Windows.Forms.MessageBox]::Show(\"これはメッセージボックスです!AA!。\", \"タイトル\", \"OK\", \"Information\")","4-1":"Add-Type -AssemblyName System.Windows.Forms\r\n[System.Windows.Forms.MessageBox]::Show(\"これはメッセージボックスです!AA!。\", \"タイトル\", \"OK\", \"Information\")","5-1":"Add-Type -AssemblyName System.Windows.Forms\r\n[System.Windows.Forms.MessageBox]::Show(\"これはメッセージボックスです!AA!。\", \"タイトル\", \"OK\", \"Information\")"},"最後のID":13}
[API] 保存先パス: C:\Users\hello\Documents\WindowsPowerShell\chord\RPA-UI2\03_history\TA\コード.json
[API] フォルダパス: C:\Users\hello\Documents\WindowsPowerShell\chord\RPA-UI2\03_history\TA
[API] フォルダは既に存在します
[API] JSON生成完了 (長さ: 1554 文字)
[API] JSON内容の最初の200文字: {
    "エントリ":  {
                 "7-1":  "Add-Type -AssemblyName System.Windows.Forms\r\n[System.Windows.Forms.MessageBox]::Show(\"これはメッセージボックスです!AA!。\", \"タイトル\", \"OK\", \"Information\")",
[API] UTF-8 (BOMなし) でファイルを保存しました
[API] ✅ ファイル保存成功
[API]    ファイルサイズ: 1916 バイト
[API]    最終更新時刻: 11/16/2025 01:18:37
━━━━━━━━━━━━━━━━━━━━━━━━━━━━━━━━━━
━━━━━━━━━━━━━━━━━━━━━━━━━━━━━━━━━━
[API] memory.json保存リクエスト受信
[API] フォルダ名: TA
[API] Request.Body が null です。Request.BodyString を確認...
[API] ✅ Request.BodyString を取得しました
[API] リクエストボディ長: 748 文字
[API] JSON解析成功
[API] layerStructure取得: 7 レイヤー
[API] 保存先パス: C:\Users\hello\Documents\WindowsPowerShell\chord\RPA-UI2\03_history\TA\memory.json
[API] フォルダは既に存在します
[API] レイヤー1 : 1個のノード
[API] レイヤー2 : 2個のノード
[API] 合計ノード数: 3
[API] JSON生成完了 (長さ: 2140 文字)
[API] UTF-8 (BOMなし) でファイルを保存しました
[API] ✅ ファイル保存成功
[API]    ファイルサイズ: 2412 バイト
[API]    最終更新時刻: 11/16/2025 01:18:37
━━━━━━━━━━━━━━━━━━━━━━━━━━━━━━━━━━
━━━━━━━━━━━━━━━━━━━━━━━━━━━━━━━━━━
[API] コード.json保存リクエスト受信
[API] フォルダ名: TA
[API] ========== Request オブジェクトのデバッグ ==========
[API] Request 型: PolarisRequest
[API] Request プロパティ一覧:
[API]   - Body :
[API]   - BodyString : {"codeData":{"エントリ":{"7-1":"Add-Type -AssemblyName System.Windows.Forms\r\n[System.Windows.Forms.MessageBox]::Show(\"これはメッセージボックスです!AA!。\", \"タイトル\", \"OK\", \"Information\")","8-1":"Add-Type -AssemblyName System.Windows.Forms\r\n[System.Windows.Forms.MessageBox]::Show(\"これはメッセージボックスです!AA!。\", \"タイトル\", \"OK\", \"Information\")","9-1":"AAAA\r\n7-1;White;Aメッセージボックス表示;\r\n8-1;White;Aメッセージボックス表示;","10-1":"Add-Type -AssemblyName System.Windows.Forms\r\n[System.Windows.Forms.MessageBox]::Show(\"これはメッセージボックスです!AA!。\", \"タイトル\", \"OK\", \"Information\")","11-1":"Add-Type -AssemblyName System.Windows.Forms\r\n[System.Windows.Forms.MessageBox]::Show(\"これはメッセージボックスです!AA!。\", \"タイトル\", \"OK\", \"Information\")","12-1":"Add-Type -AssemblyName System.Windows.Forms\r\n[System.Windows.Forms.MessageBox]::Show(\"これはメッセージボックスです!AA!。\", \"タイトル\", \"OK\", \"Information\")","13-1":"Add-Type -AssemblyName System.Windows.Forms\r\n[System.Windows.Forms.MessageBox]::Show(\"これはメッセージボックスです!AA!。\", \"タイトル\", \"OK\", \"Information\")","4-1":"Add-Type -AssemblyName System.Windows.Forms\r\n[System.Windows.Forms.MessageBox]::Show(\"これはメッセージボックスです!AA!。\", \"タイトル\", \"OK\", \"Information\")","5-1":"Add-Type -AssemblyName System.Windows.Forms\r\n[System.Windows.Forms.MessageBox]::Show(\"これはメッセージボックスです!AA!。\", \"タイトル\", \"OK\", \"Information\")"},"最後のID":13}}
[API]   - Query :
[API]   - AcceptTypes : */*
[API]   - Cookies :
[API]   - Headers : sec-ch-ua-platform sec-ch-ua sec-ch-ua-mobile Origin Sec-Fetch-Site Sec-Fetch-Mode Sec-Fetch-Dest Connection Content-Length Content-Type Accept Accept-Encoding Accept-Language Host Referer User-Agent
[API]   - Method : POST
[API]   - Url : http://localhost:8080/api/folders/TA/code
[API]   - UserAgent : Mozilla/5.0 (Windows NT 10.0; Win64; x64) AppleWebKit/537.36 (KHTML, like Gecko) Chrome/142.0.0.0 Safari/537.36 Edg/142.0.0.0
[API]   - ClientIP : ::1
[API]   - RawRequest : System.Net.HttpListenerRequest
[API]   - Parameters : @{name=TA; 0=/api/folders/TA/code}
[API]   - User :
[API] ====================================================
[API] Request.Body のデバッグ開始...
[API] ❌ Request.Body が null です
[API] Request.BodyString を確認...
[API] ✅ Request.BodyString を取得: {"codeData":{"エントリ":{"7-1":"Add-Type -AssemblyName System.Windows.Forms\r\n[System.Windows.Forms.MessageBox]::Show(\"これはメッセージボックスです!AA!。\", \"タイトル\", \"OK\", \"Information\")","8-1":"Add-Type -AssemblyName System.Windows.Forms\r\n[System.Windows.Forms.MessageBox]::Show(\"これはメッセージボックスです!AA!。\", \"タイトル\", \"OK\", \"Information\")","9-1":"AAAA\r\n7-1;White;Aメッセージボックス表示;\r\n8-1;White;Aメッセージボックス表示;","10-1":"Add-Type -AssemblyName System.Windows.Forms\r\n[System.Windows.Forms.MessageBox]::Show(\"これはメッセージボックスです!AA!。\", \"タイトル\", \"OK\", \"Information\")","11-1":"Add-Type -AssemblyName System.Windows.Forms\r\n[System.Windows.Forms.MessageBox]::Show(\"これはメッセージボックスです!AA!。\", \"タイトル\", \"OK\", \"Information\")","12-1":"Add-Type -AssemblyName System.Windows.Forms\r\n[System.Windows.Forms.MessageBox]::Show(\"これはメッセージボックスです!AA!。\", \"タイトル\", \"OK\", \"Information\")","13-1":"Add-Type -AssemblyName System.Windows.Forms\r\n[System.Windows.Forms.MessageBox]::Show(\"これはメッセージボックスです!AA!。\", \"タイトル\", \"OK\", \"Information\")","4-1":"Add-Type -AssemblyName System.Windows.Forms\r\n[System.Windows.Forms.MessageBox]::Show(\"これはメッセージボックスです!AA!。\", \"タイトル\", \"OK\", \"Information\")","5-1":"Add-Type -AssemblyName System.Windows.Forms\r\n[System.Windows.Forms.MessageBox]::Show(\"これはメッセージボックスです!AA!。\", \"タイトル\", \"OK\", \"Information\")"},"最後のID":13}}
[API] Request.Body の型: System.String
[API] Request.Body の文字列表現長さ: 1345
[API] Request.Body の最初の200文字: [{"codeData":{"エントリ":{"7-1":"Add-Type -AssemblyName System.Windows.Forms\r\n[System.Windows.Forms.MessageBox]::Show(\"これはメッセージボックスです!AA!。\", \"タイトル\", \"OK\", \"Information\")","8-1":"Add-Type -Assembl]
[API] bodyRaw を ConvertFrom-Json します...
[API] ✅ ConvertFrom-Json完了
[API] bodyの内容: {"codeData":{"エントリ":{"7-1":"Add-Type -AssemblyName System.Windows.Forms\r\n[System.Windows.Forms.MessageBox]::Show(\"これはメッセージボックスです!AA!。\", \"タイトル\", \"OK\", \"Information\")","8-1":"Add-Type -AssemblyName System.Windows.Forms\r\n[System.Windows.Forms.MessageBox]::Show(\"これはメッセージボックスです!AA!。\", \"タイトル\", \"OK\", \"Information\")","9-1":"AAAA\r\n7-1;White;Aメッセージボックス表示;\r\n8-1;White;Aメッセージボックス表示;","10-1":"Add-Type -AssemblyName System.Windows.Forms\r\n[System.Windows.Forms.MessageBox]::Show(\"これはメッセージボックスです!AA!。\", \"タイトル\", \"OK\", \"Information\")","11-1":"Add-Type -AssemblyName System.Windows.Forms\r\n[System.Windows.Forms.MessageBox]::Show(\"これはメッセージボックスです!AA!。\", \"タイトル\", \"OK\", \"Information\")","12-1":"Add-Type -AssemblyName System.Windows.Forms\r\n[System.Windows.Forms.MessageBox]::Show(\"これはメッセージボックスです!AA!。\", \"タイトル\", \"OK\", \"Information\")","13-1":"Add-Type -AssemblyName System.Windows.Forms\r\n[System.Windows.Forms.MessageBox]::Show(\"これはメッセージボックスです!AA!。\", \"タイトル\", \"OK\", \"Information\")","4-1":"Add-Type -AssemblyName System.Windows.Forms\r\n[System.Windows.Forms.MessageBox]::Show(\"これはメッセージボックスです!AA!。\", \"タイトル\", \"OK\", \"Information\")","5-1":"Add-Type -AssemblyName System.Windows.Forms\r\n[System.Windows.Forms.MessageBox]::Show(\"これはメッセージボックスです!AA!。\", \"タイトル\", \"OK\", \"Information\")"},"最後のID":13}}
[API] 🔧 改行文字の正規化を開始（LF → CRLF）...
[API] ✅ 0 個のエントリで改行を正規化しました
[API] ✅ codeDataを取得しました
[API] codeDataの内容: {"エントリ":{"7-1":"Add-Type -AssemblyName System.Windows.Forms\r\n[System.Windows.Forms.MessageBox]::Show(\"これはメッセージボックスです!AA!。\", \"タイトル\", \"OK\", \"Information\")","8-1":"Add-Type -AssemblyName System.Windows.Forms\r\n[System.Windows.Forms.MessageBox]::Show(\"これはメッセージボックスです!AA!。\", \"タイトル\", \"OK\", \"Information\")","9-1":"AAAA\r\n7-1;White;Aメッセージボックス表示;\r\n8-1;White;Aメッセージボックス表示;","10-1":"Add-Type -AssemblyName System.Windows.Forms\r\n[System.Windows.Forms.MessageBox]::Show(\"これはメッセージボックスです!AA!。\", \"タイトル\", \"OK\", \"Information\")","11-1":"Add-Type -AssemblyName System.Windows.Forms\r\n[System.Windows.Forms.MessageBox]::Show(\"これはメッセージボックスです!AA!。\", \"タイトル\", \"OK\", \"Information\")","12-1":"Add-Type -AssemblyName System.Windows.Forms\r\n[System.Windows.Forms.MessageBox]::Show(\"これはメッセージボックスです!AA!。\", \"タイトル\", \"OK\", \"Information\")","13-1":"Add-Type -AssemblyName System.Windows.Forms\r\n[System.Windows.Forms.MessageBox]::Show(\"これはメッセージボックスです!AA!。\", \"タイトル\", \"OK\", \"Information\")","4-1":"Add-Type -AssemblyName System.Windows.Forms\r\n[System.Windows.Forms.MessageBox]::Show(\"これはメッセージボックスです!AA!。\", \"タイトル\", \"OK\", \"Information\")","5-1":"Add-Type -AssemblyName System.Windows.Forms\r\n[System.Windows.Forms.MessageBox]::Show(\"これはメッセージボックスです!AA!。\", \"タイトル\", \"OK\", \"Information\")"},"最後のID":13}
[API] 保存先パス: C:\Users\hello\Documents\WindowsPowerShell\chord\RPA-UI2\03_history\TA\コード.json
[API] フォルダパス: C:\Users\hello\Documents\WindowsPowerShell\chord\RPA-UI2\03_history\TA
[API] フォルダは既に存在します
[API] JSON生成完了 (長さ: 1554 文字)
[API] JSON内容の最初の200文字: {
    "エントリ":  {
                 "7-1":  "Add-Type -AssemblyName System.Windows.Forms\r\n[System.Windows.Forms.MessageBox]::Show(\"これはメッセージボックスです!AA!。\", \"タイトル\", \"OK\", \"Information\")",
[API] UTF-8 (BOMなし) でファイルを保存しました
[API] ✅ ファイル保存成功
[API]    ファイルサイズ: 1916 バイト
[API]    最終更新時刻: 11/16/2025 01:18:37
━━━━━━━━━━━━━━━━━━━━━━━━━━━━━━━━━━
