[2025-12-25T09:03:25.837Z] [ERROR] │ ❌ フォルダ一覧取得失敗
[2025-12-25T09:03:25.838Z] [ERROR] │ ❌ フォルダが1つも存在しません
[2025-12-25T09:03:25.838Z] [ERROR] │    「フォルダ作成」ボタンから新しいフォルダを作成してください
[2025-12-25T09:03:31.847Z] [ERROR] [ノード関数実行] ⚠ JSONパースエラー: {}
[2025-12-25T09:03:31.847Z] [ERROR] [ノード関数実行] 受信したテキスト (先頭200文字): <html style='background-color: #01b0c4; overflow-y: hidden'>

    <head>
        <title>500</title>
        <meta charset='utf-8'>
    </head>

    <body style='color: white; font-family: Helve
[2025-12-25T09:03:31.847Z] [ERROR] [ノード関数実行] エラー: {}
[2025-12-25T09:03:34.786Z] [ERROR] [ノード関数実行] ⚠ JSONパースエラー: {}
[2025-12-25T09:03:34.787Z] [ERROR] [ノード関数実行] 受信したテキスト (先頭200文字): <html style='background-color: #01b0c4; overflow-y: hidden'>

    <head>
        <title>500</title>
        <meta charset='utf-8'>
    </head>

    <body style='color: white; font-family: Helve
[2025-12-25T09:03:34.787Z] [ERROR] [ノード関数実行] エラー: {}
[2025-12-25T09:03:34.787Z] [ERROR] [コード生成] API呼び出しエラー: {}
[2025-12-25T09:03:34.787Z] [ERROR] [コード生成] 関数 2_1 の実行に失敗しました
