[2025-11-15T16:26:57.503Z] [LOG] [ブラウザログ] コンソールログキャプチャ機能を初期化しました
[2025-11-15T16:26:57.512Z] [LOG] ═══════════════════════════════════════════════
[2025-11-15T16:26:57.512Z] [LOG] UIpowershell Legacy UI v1.0.171 - 起動開始
[2025-11-15T16:26:57.512Z] [LOG] ═══════════════════════════════════════════════
[2025-11-15T16:26:57.512Z] [LOG] [矢印] Arrow drawing initialization...
[2025-11-15T16:26:57.512Z] [LOG] [矢印] initializeArrowCanvas() 開始
[2025-11-15T16:26:57.513Z] [LOG] [初期化] layer-0 Canvas作成前の親要素: [object Object]
[2025-11-15T16:26:57.513Z] [LOG] [初期化] layer-0 Canvas作成後: [object Object]
[2025-11-15T16:26:57.513Z] [LOG] [矢印] Canvas作成: layer-0 (299x700)
[2025-11-15T16:26:57.513Z] [LOG] [初期化] layer-1 Canvas作成前の親要素: [object Object]
[2025-11-15T16:26:57.513Z] [LOG] [初期化] layer-1 Canvas作成後: [object Object]
[2025-11-15T16:26:57.513Z] [LOG] [矢印] Canvas作成: layer-1 (300x700)
[2025-11-15T16:26:57.513Z] [LOG] [初期化] layer-2 Canvas作成前の親要素: [object Object]
[2025-11-15T16:26:57.513Z] [LOG] [初期化] layer-2 Canvas作成後: [object Object]
[2025-11-15T16:26:57.513Z] [LOG] [矢印] Canvas作成: layer-2 (299x700)
[2025-11-15T16:26:57.513Z] [LOG] [初期化] layer-3 Canvas作成前の親要素: [object Object]
[2025-11-15T16:26:57.513Z] [LOG] [初期化] layer-3 Canvas作成後: [object Object]
[2025-11-15T16:26:57.513Z] [LOG] [矢印] Canvas作成: layer-3 (299x700)
[2025-11-15T16:26:57.513Z] [LOG] [初期化] layer-4 Canvas作成前の親要素: [object Object]
[2025-11-15T16:26:57.513Z] [LOG] [初期化] layer-4 Canvas作成後: [object Object]
[2025-11-15T16:26:57.513Z] [LOG] [矢印] Canvas作成: layer-4 (299x700)
[2025-11-15T16:26:57.513Z] [LOG] [初期化] layer-5 Canvas作成前の親要素: [object Object]
[2025-11-15T16:26:57.513Z] [LOG] [初期化] layer-5 Canvas作成後: [object Object]
[2025-11-15T16:26:57.513Z] [LOG] [矢印] Canvas作成: layer-5 (299x700)
[2025-11-15T16:26:57.513Z] [LOG] [初期化] layer-6 Canvas作成前の親要素: [object Object]
[2025-11-15T16:26:57.513Z] [LOG] [初期化] layer-6 Canvas作成後: [object Object]
[2025-11-15T16:26:57.513Z] [LOG] [矢印] Canvas作成: layer-6 (299x700)
[2025-11-15T16:26:57.513Z] [LOG] [矢印] Canvas作成: main (1920x1200)
[2025-11-15T16:26:57.513Z] [LOG] [矢印] initializeArrowCanvas() 完了: 8個のCanvasを作成
[2025-11-15T16:26:57.513Z] [LOG] [Canvas デバッグ] Canvas element: [object HTMLCanvasElement]
[2025-11-15T16:26:57.513Z] [LOG] [Canvas デバッグ] Canvas visible: false
[2025-11-15T16:26:57.513Z] [LOG] [Canvas デバッグ] Canvas style.display: 
[2025-11-15T16:26:57.513Z] [LOG] [Canvas デバッグ] Canvas style.visibility: 
[2025-11-15T16:26:57.513Z] [LOG] [Canvas デバッグ] Canvas style.opacity: 
[2025-11-15T16:26:57.513Z] [LOG] [Canvas デバッグ] Canvas dimensions: 299x700, offset: 0x0
[2025-11-15T16:26:57.513Z] [LOG] [Canvas デバッグ] Context: [object CanvasRenderingContext2D]
[2025-11-15T16:26:57.517Z] [LOG] [Canvas デバッグ] clearRect完了: (0, 0, 299, 700)
[2025-11-15T16:26:57.517Z] [LOG] [描画完了] Canvas最終状態: [object Object]
[2025-11-15T16:26:57.517Z] [LOG] [デバッグ] Canvas要素をwindow.DEBUG_CANVASに保存しました。ブラウザコンソールで確認できます。
[2025-11-15T16:26:57.517Z] [LOG] [Canvas デバッグ] Canvas element: [object HTMLCanvasElement]
[2025-11-15T16:26:57.517Z] [LOG] [Canvas デバッグ] Canvas visible: true
[2025-11-15T16:26:57.517Z] [LOG] [Canvas デバッグ] Canvas style.display: 
[2025-11-15T16:26:57.517Z] [LOG] [Canvas デバッグ] Canvas style.visibility: 
[2025-11-15T16:26:57.517Z] [LOG] [Canvas デバッグ] Canvas style.opacity: 
[2025-11-15T16:26:57.517Z] [LOG] [Canvas デバッグ] Canvas dimensions: 300x700, offset: 300x700
[2025-11-15T16:26:57.517Z] [LOG] [Canvas デバッグ] Context: [object CanvasRenderingContext2D]
[2025-11-15T16:26:57.517Z] [LOG] [Canvas デバッグ] clearRect完了: (0, 0, 300, 700)
[2025-11-15T16:26:57.517Z] [LOG] [描画完了] Canvas最終状態: [object Object]
[2025-11-15T16:26:57.517Z] [LOG] [デバッグ] Canvas要素をwindow.DEBUG_CANVASに保存しました。ブラウザコンソールで確認できます。
[2025-11-15T16:26:57.517Z] [LOG] [Canvas デバッグ] Canvas element: [object HTMLCanvasElement]
[2025-11-15T16:26:57.517Z] [LOG] [Canvas デバッグ] Canvas visible: false
[2025-11-15T16:26:57.517Z] [LOG] [Canvas デバッグ] Canvas style.display: 
[2025-11-15T16:26:57.517Z] [LOG] [Canvas デバッグ] Canvas style.visibility: 
[2025-11-15T16:26:57.517Z] [LOG] [Canvas デバッグ] Canvas style.opacity: 
[2025-11-15T16:26:57.517Z] [LOG] [Canvas デバッグ] Canvas dimensions: 299x700, offset: 0x0
[2025-11-15T16:26:57.517Z] [LOG] [Canvas デバッグ] Context: [object CanvasRenderingContext2D]
[2025-11-15T16:26:57.518Z] [LOG] [Canvas デバッグ] clearRect完了: (0, 0, 299, 700)
[2025-11-15T16:26:57.518Z] [LOG] [描画完了] Canvas最終状態: [object Object]
[2025-11-15T16:26:57.518Z] [LOG] [デバッグ] Canvas要素をwindow.DEBUG_CANVASに保存しました。ブラウザコンソールで確認できます。
[2025-11-15T16:26:57.518Z] [LOG] [Canvas デバッグ] Canvas element: [object HTMLCanvasElement]
[2025-11-15T16:26:57.518Z] [LOG] [Canvas デバッグ] Canvas visible: false
[2025-11-15T16:26:57.518Z] [LOG] [Canvas デバッグ] Canvas style.display: 
[2025-11-15T16:26:57.518Z] [LOG] [Canvas デバッグ] Canvas style.visibility: 
[2025-11-15T16:26:57.518Z] [LOG] [Canvas デバッグ] Canvas style.opacity: 
[2025-11-15T16:26:57.518Z] [LOG] [Canvas デバッグ] Canvas dimensions: 299x700, offset: 0x0
[2025-11-15T16:26:57.518Z] [LOG] [Canvas デバッグ] Context: [object CanvasRenderingContext2D]
[2025-11-15T16:26:57.518Z] [LOG] [Canvas デバッグ] clearRect完了: (0, 0, 299, 700)
[2025-11-15T16:26:57.518Z] [LOG] [描画完了] Canvas最終状態: [object Object]
[2025-11-15T16:26:57.518Z] [LOG] [デバッグ] Canvas要素をwindow.DEBUG_CANVASに保存しました。ブラウザコンソールで確認できます。
[2025-11-15T16:26:57.518Z] [LOG] [Canvas デバッグ] Canvas element: [object HTMLCanvasElement]
[2025-11-15T16:26:57.518Z] [LOG] [Canvas デバッグ] Canvas visible: false
[2025-11-15T16:26:57.518Z] [LOG] [Canvas デバッグ] Canvas style.display: 
[2025-11-15T16:26:57.518Z] [LOG] [Canvas デバッグ] Canvas style.visibility: 
[2025-11-15T16:26:57.518Z] [LOG] [Canvas デバッグ] Canvas style.opacity: 
[2025-11-15T16:26:57.518Z] [LOG] [Canvas デバッグ] Canvas dimensions: 299x700, offset: 0x0
[2025-11-15T16:26:57.518Z] [LOG] [Canvas デバッグ] Context: [object CanvasRenderingContext2D]
[2025-11-15T16:26:57.518Z] [LOG] [Canvas デバッグ] clearRect完了: (0, 0, 299, 700)
[2025-11-15T16:26:57.518Z] [LOG] [描画完了] Canvas最終状態: [object Object]
[2025-11-15T16:26:57.518Z] [LOG] [デバッグ] Canvas要素をwindow.DEBUG_CANVASに保存しました。ブラウザコンソールで確認できます。
[2025-11-15T16:26:57.518Z] [LOG] [Canvas デバッグ] Canvas element: [object HTMLCanvasElement]
[2025-11-15T16:26:57.518Z] [LOG] [Canvas デバッグ] Canvas visible: false
[2025-11-15T16:26:57.518Z] [LOG] [Canvas デバッグ] Canvas style.display: 
[2025-11-15T16:26:57.518Z] [LOG] [Canvas デバッグ] Canvas style.visibility: 
[2025-11-15T16:26:57.518Z] [LOG] [Canvas デバッグ] Canvas style.opacity: 
[2025-11-15T16:26:57.518Z] [LOG] [Canvas デバッグ] Canvas dimensions: 299x700, offset: 0x0
[2025-11-15T16:26:57.518Z] [LOG] [Canvas デバッグ] Context: [object CanvasRenderingContext2D]
[2025-11-15T16:26:57.519Z] [LOG] [Canvas デバッグ] clearRect完了: (0, 0, 299, 700)
[2025-11-15T16:26:57.519Z] [LOG] [描画完了] Canvas最終状態: [object Object]
[2025-11-15T16:26:57.519Z] [LOG] [デバッグ] Canvas要素をwindow.DEBUG_CANVASに保存しました。ブラウザコンソールで確認できます。
[2025-11-15T16:26:57.519Z] [LOG] [Canvas デバッグ] Canvas element: [object HTMLCanvasElement]
[2025-11-15T16:26:57.519Z] [LOG] [Canvas デバッグ] Canvas visible: false
[2025-11-15T16:26:57.519Z] [LOG] [Canvas デバッグ] Canvas style.display: 
[2025-11-15T16:26:57.519Z] [LOG] [Canvas デバッグ] Canvas style.visibility: 
[2025-11-15T16:26:57.519Z] [LOG] [Canvas デバッグ] Canvas style.opacity: 
[2025-11-15T16:26:57.519Z] [LOG] [Canvas デバッグ] Canvas dimensions: 299x700, offset: 0x0
[2025-11-15T16:26:57.519Z] [LOG] [Canvas デバッグ] Context: [object CanvasRenderingContext2D]
[2025-11-15T16:26:57.519Z] [LOG] [Canvas デバッグ] clearRect完了: (0, 0, 299, 700)
[2025-11-15T16:26:57.519Z] [LOG] [描画完了] Canvas最終状態: [object Object]
[2025-11-15T16:26:57.519Z] [LOG] [デバッグ] Canvas要素をwindow.DEBUG_CANVASに保存しました。ブラウザコンソールで確認できます。
[2025-11-15T16:26:57.519Z] [LOG] [矢印] Arrow drawing initialized successfully
[2025-11-15T16:26:57.520Z] [LOG] [ダークモード] ライトモードで起動
[2025-11-15T16:26:57.520Z] [LOG] [パンくずリスト] 🎨 renderBreadcrumb() 呼び出し
[2025-11-15T16:26:57.520Z] [LOG] [パンくずリスト] 現在のスタック: L1:メインフロー
[2025-11-15T16:26:57.520Z] [LOG] [ホバープレビュー] setupHoverPreview初期化開始
[2025-11-15T16:26:57.521Z] [LOG] [ホバープレビュー] 🔶 DOM変更監視を開始しました
[2025-11-15T16:26:57.521Z] [LOG] [ホバープレビュー] setupHoverPreview初期化完了
[2025-11-15T16:26:58.522Z] [LOG] API接続成功: [object Object]
[2025-11-15T16:26:58.523Z] [LOG] [デュアルパネル] 左パネル: レイヤー1, 右パネル: レイヤー1
[2025-11-15T16:26:58.523Z] [LOG] [ボタン設定] ロード開始...
[2025-11-15T16:26:58.530Z] [LOG] [ボタン設定] ✅ ロード完了: 19 個
[2025-11-15T16:26:58.530Z] [LOG] [ボタン設定] 最初の3つ: [object Object],[object Object],[object Object]
[2025-11-15T16:26:58.530Z] [LOG] [ボタン生成] 開始 - buttonSettings: 19 個
[2025-11-15T16:26:58.531Z] [LOG] [ボタン生成] 1/19: 条件分岐 (1-2) → category-panel-1
[2025-11-15T16:26:58.531Z] [LOG] [ボタン生成] 2/19: ループ (1-3) → category-panel-1
[2025-11-15T16:26:58.531Z] [LOG] [ボタン生成] 3/19: 読み込みテスト (1-4) → category-panel-1
[2025-11-15T16:26:58.531Z] [LOG] [ボタン生成] ✅ 完了 - 19/19 個のボタンを生成しました
[2025-11-15T16:26:58.531Z] [LOG] [ボタン生成] ℹ️  ボタンは初期化完了まで無効化されています
[2025-11-15T16:26:58.531Z] [LOG] 📌 キーボードショートカット有効化:
[2025-11-15T16:26:58.531Z] [LOG]   ← / →: レイヤー移動
[2025-11-15T16:26:58.531Z] [LOG]   Ctrl+S: 保存
[2025-11-15T16:26:58.531Z] [LOG]   Ctrl+E: コード生成
[2025-11-15T16:26:58.531Z] [LOG]   Ctrl+Shift+V: 変数管理
[2025-11-15T16:26:58.531Z] [LOG]   Delete: ノード削除
[2025-11-15T16:26:58.531Z] [LOG]   Esc: モーダルを閉じる
[2025-11-15T16:26:58.531Z] [LOG] 📌 ダイアログイベントリスナー設定完了
[2025-11-15T16:26:59.547Z] [LOG] 変数読み込み完了: 0 個
[2025-11-15T16:26:59.547Z] [LOG] [初期化] フォルダ初期化を開始...
[2025-11-15T16:26:59.547Z] [LOG] ┌─ [フォルダ初期化] 開始 ─────────────
[2025-11-15T16:26:59.547Z] [LOG] │ Step 1: メイン.jsonから現在のフォルダを読み込み
[2025-11-15T16:27:00.560Z] [LOG] │ ✅ メイン.jsonから読み込み成功: TA
[2025-11-15T16:27:00.560Z] [LOG] │    フルパス: C:\Users\hello\Documents\WindowsPowerShell\chord\RPA-UI2\03_history\TA
[2025-11-15T16:27:00.560Z] [LOG] │ Step 2: フォルダ一覧を取得
[2025-11-15T16:27:01.571Z] [LOG] │ ✅ フォルダ一覧取得成功: 4個
[2025-11-15T16:27:01.571Z] [LOG] │    フォルダ: [AAA, AAAAAA111, TA, TESTA]
[2025-11-15T16:27:01.571Z] [LOG] │ Step 3: 現在のフォルダ: TA
[2025-11-15T16:27:01.571Z] [LOG] │ Step 4: JSONファイルを読み込み
[2025-11-15T16:27:02.598Z] [LOG] コード.json読み込み成功: [object Object]
[2025-11-15T16:27:02.633Z] [LOG] variables.json読み込み成功: [object Object]
[2025-11-15T16:27:02.633Z] [LOG] │    memory.jsonからノードを読み込み
[2025-11-15T16:27:03.654Z] [LOG] memory.json読み込み成功: [object Object]
[2025-11-15T16:27:03.654Z] [WARN] [memory.json読み込み] ノードIDが保存されていないため新規生成: node-1
[2025-11-15T16:27:03.654Z] [WARN] [memory.json読み込み] ノードIDが保存されていないため新規生成: node-2
[2025-11-15T16:27:03.654Z] [WARN] [memory.json読み込み] ノードIDが保存されていないため新規生成: node-3
[2025-11-15T16:27:03.654Z] [LOG] [memory.json読み込み] nodeCounter を 4 に更新しました
[2025-11-15T16:27:03.655Z] [LOG] [デバッグ] ノード配置: x=90px, y=30px, text="スクリプト", groupId=なし
[2025-11-15T16:27:03.655Z] [LOG] [デバッグ] renderNodesInLayer(1): 矢印を再描画します
[2025-11-15T16:27:03.655Z] [LOG] memory.jsonから3個のノードを復元しました
[2025-11-15T16:27:03.655Z] [LOG] [表示] 左パネル: レイヤー1, 右パネル: 非表示（起動時）
[2025-11-15T16:27:03.655Z] [LOG] │ ✅ 初期化完了
[2025-11-15T16:27:03.655Z] [LOG] └──────────────────────────────────────
[2025-11-15T16:27:03.655Z] [LOG] [初期化] ✅ フォルダ初期化完了 - currentFolder: TA
[2025-11-15T16:27:03.655Z] [LOG] [ボタン有効化] 開始...
[2025-11-15T16:27:03.655Z] [LOG] [ボタン有効化] ✅ 19個のボタンを有効化しました
[2025-11-15T16:27:03.665Z] [LOG] [デバッグ] setTimeout実行: drawPanelArrows('layer-1') を呼び出し
[2025-11-15T16:27:03.666Z] [LOG] [Canvas デバッグ] Canvas element: [object HTMLCanvasElement]
[2025-11-15T16:27:03.666Z] [LOG] [Canvas デバッグ] Canvas visible: true
[2025-11-15T16:27:03.666Z] [LOG] [Canvas デバッグ] Canvas style.display: 
[2025-11-15T16:27:03.666Z] [LOG] [Canvas デバッグ] Canvas style.visibility: 
[2025-11-15T16:27:03.666Z] [LOG] [Canvas デバッグ] Canvas style.opacity: 
[2025-11-15T16:27:03.666Z] [LOG] [Canvas デバッグ] Canvas dimensions: 300x700, offset: 300x700
[2025-11-15T16:27:03.666Z] [LOG] [Canvas デバッグ] Context: [object CanvasRenderingContext2D]
[2025-11-15T16:27:03.666Z] [LOG] [Canvas デバッグ] clearRect完了: (0, 0, 300, 700)
[2025-11-15T16:27:03.666Z] [LOG] [描画完了] Canvas最終状態: [object Object]
[2025-11-15T16:27:03.666Z] [LOG] [デバッグ] Canvas要素をwindow.DEBUG_CANVASに保存しました。ブラウザコンソールで確認できます。
[2025-11-15T16:27:04.203Z] [LOG] [ホバープレビュー] ノードにマウスエンター: node-1, 色: rgb(252, 160, 158)
[2025-11-15T16:27:04.204Z] [LOG] [ピンク検出] 色: rgb(252, 160, 158), RGB: (252,160,158), ピンク判定: true
[2025-11-15T16:27:04.204Z] [LOG] [ホバープレビュー] handlePinkNodeHover呼び出し - ノードID: node-1, nodeData: あり
[2025-11-15T16:27:04.204Z] [LOG] [ホバープレビュー] ノードデータ - text: スクリプト, layer: 1
[2025-11-15T16:27:04.204Z] [LOG] [ホバープレビュー] アクティブ状態チェック - layer: 1, expandedNode: null, nodeData.id: node-1, isActive: false
[2025-11-15T16:27:04.204Z] [LOG] [ホバープレビュー] ⚠️ 非アクティブなピンクノードのため、プレビューを表示しません
[2025-11-15T16:27:04.581Z] [LOG] [クリック検出] ノード「スクリプト」(color:Pink) がクリックされました。Shift:false
[2025-11-15T16:27:04.581Z] [LOG] [クリック判定] node.color === 'Pink' ? true
[2025-11-15T16:27:04.581Z] [LOG] [ピンクノード検出] handlePinkNodeClick を呼び出します
[2025-11-15T16:27:04.581Z] [LOG] [ピンク展開] === handlePinkNodeClick 開始 ===
[2025-11-15T16:27:04.581Z] [LOG] [ピンク展開] 「スクリプト」(ID:node-1) L1→L2
[2025-11-15T16:27:04.581Z] [LOG] [ピンク展開] parentLayer=1, nextLayer=2
[2025-11-15T16:27:04.581Z] [LOG] [ピンク展開] nextLayer >= 2 ? true
[2025-11-15T16:27:04.581Z] [LOG] [ピンク展開] handlePinkNodeClickPopup を呼び出します
[2025-11-15T16:27:04.581Z] [LOG] [ピンク展開ポップアップ] 「スクリプト」(ID:node-1) L1→L2
[2025-11-15T16:27:04.581Z] [LOG] [ピンク展開ポップアップ] 🔍 展開前のlayerStructure全体:
[2025-11-15T16:27:04.581Z] [LOG] 🔍   L0: [] (0個)
[2025-11-15T16:27:04.581Z] [LOG] 🔍   L1: [node-1(スクリプト)] (1個)
[2025-11-15T16:27:04.581Z] [LOG] 🔍   L2: [node-2(Aメッセージボックス表示), node-3(Aメッセージボックス表示)] (2個)
[2025-11-15T16:27:04.581Z] [LOG] 🔍   L3: [] (0個)
[2025-11-15T16:27:04.581Z] [LOG] 🔍   L4: [] (0個)
[2025-11-15T16:27:04.581Z] [LOG] 🔍   L5: [] (0個)
[2025-11-15T16:27:04.581Z] [LOG] 🔍   L6: [] (0個)
[2025-11-15T16:27:04.581Z] [LOG] [ピンク展開ポップアップ] レイヤー2をクリアします
[2025-11-15T16:27:04.581Z] [LOG] [ピンク展開ポップアップ] 2個のノードを展開
[2025-11-15T16:27:04.581Z] [LOG] [展開処理] ノード作成: ID=4, テキスト=Aメッセージボックス表示, 色=White, Y=30
[2025-11-15T16:27:04.581Z] [LOG] [getCodeEntry] ID: 7-1
[2025-11-15T16:27:04.581Z] [LOG] [getCodeEntry] ✅ 直接ヒット: 7-1
[2025-11-15T16:27:04.581Z] [LOG] [展開処理] ノード(White)を元のID(7-1)から新しいID(4)にコピーします
[2025-11-15T16:27:04.581Z] [LOG] ┌─ [setCodeEntry] 開始 ────────────────
[2025-11-15T16:27:04.581Z] [LOG] │ ID: 4
[2025-11-15T16:27:04.581Z] [LOG] │ content長: 136
[2025-11-15T16:27:04.581Z] [LOG] │ 分割数: 1
[2025-11-15T16:27:04.581Z] [LOG] │   [4-1] Add-Type -AssemblyName System.Windows.Forms
[Syst...
[2025-11-15T16:27:04.581Z] [LOG] │ メモリ上のcodeDataに保存完了
[2025-11-15T16:27:04.581Z] [LOG] │ 現在のエントリ数: 9
[2025-11-15T16:27:04.581Z] [LOG] │
[2025-11-15T16:27:04.581Z] [LOG] │ saveCodeJson()を呼び出します...
[2025-11-15T16:27:04.581Z] [LOG] └──────────────────────────────────────
[2025-11-15T16:27:04.581Z] [LOG] ┌─ [コード.json保存] 開始 ─────────────
[2025-11-15T16:27:04.581Z] [LOG] │ currentFolder: TA
[2025-11-15T16:27:04.581Z] [LOG] │ エントリ数: 9
[2025-11-15T16:27:04.581Z] [LOG] │ → API呼び出し: POST /folders/TA/code
[2025-11-15T16:27:04.581Z] [LOG] │ → URL: http://localhost:8080/api/folders/TA/code
[2025-11-15T16:27:04.582Z] [LOG] │ → codeData: {"エントリ":{"7-1":"Add-Type -AssemblyName System.Windows.Forms\r\n[System.Windows.Forms.MessageBox]::Show(\"これはメッセージボックスです!AA!。\", \"タイトル\", \"OK\", \"Information\")","8-1":"Add-Type -AssemblyName System...
[2025-11-15T16:27:04.582Z] [LOG] [展開処理] ノード作成: ID=5, テキスト=Aメッセージボックス表示, 色=White, Y=90
[2025-11-15T16:27:04.582Z] [LOG] [getCodeEntry] ID: 8-1
[2025-11-15T16:27:04.582Z] [LOG] [getCodeEntry] ✅ 直接ヒット: 8-1
[2025-11-15T16:27:04.582Z] [LOG] [展開処理] ノード(White)を元のID(8-1)から新しいID(5)にコピーします
[2025-11-15T16:27:04.582Z] [LOG] ┌─ [setCodeEntry] 開始 ────────────────
[2025-11-15T16:27:04.582Z] [LOG] │ ID: 5
[2025-11-15T16:27:04.582Z] [LOG] │ content長: 136
[2025-11-15T16:27:04.582Z] [LOG] │ 分割数: 1
[2025-11-15T16:27:04.582Z] [LOG] │   [5-1] Add-Type -AssemblyName System.Windows.Forms
[Syst...
[2025-11-15T16:27:04.582Z] [LOG] │ メモリ上のcodeDataに保存完了
[2025-11-15T16:27:04.582Z] [LOG] │ 現在のエントリ数: 9
[2025-11-15T16:27:04.582Z] [LOG] │
[2025-11-15T16:27:04.582Z] [LOG] │ saveCodeJson()を呼び出します...
[2025-11-15T16:27:04.582Z] [LOG] └──────────────────────────────────────
[2025-11-15T16:27:04.582Z] [LOG] ┌─ [コード.json保存] 開始 ─────────────
[2025-11-15T16:27:04.582Z] [LOG] │ currentFolder: TA
[2025-11-15T16:27:04.582Z] [LOG] │ エントリ数: 9
[2025-11-15T16:27:04.582Z] [LOG] │ → API呼び出し: POST /folders/TA/code
[2025-11-15T16:27:04.582Z] [LOG] │ → URL: http://localhost:8080/api/folders/TA/code
[2025-11-15T16:27:04.582Z] [LOG] │ → codeData: {"エントリ":{"7-1":"Add-Type -AssemblyName System.Windows.Forms\r\n[System.Windows.Forms.MessageBox]::Show(\"これはメッセージボックスです!AA!。\", \"タイトル\", \"OK\", \"Information\")","8-1":"Add-Type -AssemblyName System...
[2025-11-15T16:27:04.582Z] [LOG] [ピンク展開ポップアップ] 🔍 展開後のlayerStructure全体:
[2025-11-15T16:27:04.582Z] [LOG] 🔍   L0: [] (0個)
[2025-11-15T16:27:04.582Z] [LOG] 🔍   L1: [node-1(スクリプト)] (1個)
[2025-11-15T16:27:04.582Z] [LOG] 🔍   L2: [4(Aメッセージボックス表示), 5(Aメッセージボックス表示)] (2個)
[2025-11-15T16:27:04.582Z] [LOG] 🔍   L3: [] (0個)
[2025-11-15T16:27:04.582Z] [LOG] 🔍   L4: [] (0個)
[2025-11-15T16:27:04.582Z] [LOG] 🔍   L5: [] (0個)
[2025-11-15T16:27:04.582Z] [LOG] 🔍   L6: [] (0個)
[2025-11-15T16:27:04.665Z] [LOG] memory.json読み込み成功: [object Object]
[2025-11-15T16:27:04.665Z] [WARN] [memory.json読み込み] ノードIDが保存されていないため新規生成: node-6
[2025-11-15T16:27:04.665Z] [WARN] [memory.json読み込み] ノードIDが保存されていないため新規生成: node-7
[2025-11-15T16:27:04.665Z] [WARN] [memory.json読み込み] ノードIDが保存されていないため新規生成: node-8
[2025-11-15T16:27:04.665Z] [LOG] [memory.json読み込み] nodeCounter を 9 に更新しました
[2025-11-15T16:27:04.665Z] [LOG] [デバッグ] ノード配置: x=90px, y=30px, text="スクリプト", groupId=なし
[2025-11-15T16:27:04.665Z] [LOG] [デバッグ] renderNodesInLayer(1): 矢印を再描画します
[2025-11-15T16:27:04.665Z] [LOG] memory.jsonから3個のノードを復元しました
[2025-11-15T16:27:04.665Z] [LOG] [表示] 左パネル: レイヤー1, 右パネル: 非表示（起動時）
[2025-11-15T16:27:04.665Z] [LOG] ═══════════════════════════════════════════════
[2025-11-15T16:27:04.665Z] [LOG] ✅ UIpowershell 初期化完了 [Version: 1.0.236]
[2025-11-15T16:27:04.665Z] [LOG] ═══════════════════════════════════════════════
[2025-11-15T16:27:04.670Z] [LOG] [ホバープレビュー] ノードにマウスエンター: node-6, 色: rgb(252, 160, 158)
[2025-11-15T16:27:04.670Z] [LOG] [ピンク検出] 色: rgb(252, 160, 158), RGB: (252,160,158), ピンク判定: true
[2025-11-15T16:27:04.670Z] [LOG] [ホバープレビュー] handlePinkNodeHover呼び出し - ノードID: node-6, nodeData: あり
[2025-11-15T16:27:04.670Z] [LOG] [ホバープレビュー] ノードデータ - text: スクリプト, layer: 1
[2025-11-15T16:27:04.670Z] [LOG] [ホバープレビュー] アクティブ状態チェック - layer: 1, expandedNode: node-1, nodeData.id: node-6, isActive: false
[2025-11-15T16:27:04.670Z] [LOG] [ホバープレビュー] ⚠️ 非アクティブなピンクノードのため、プレビューを表示しません
[2025-11-15T16:27:04.677Z] [LOG] [デバッグ] setTimeout実行: drawPanelArrows('layer-1') を呼び出し
[2025-11-15T16:27:04.677Z] [LOG] [Canvas デバッグ] Canvas element: [object HTMLCanvasElement]
[2025-11-15T16:27:04.677Z] [LOG] [Canvas デバッグ] Canvas visible: true
[2025-11-15T16:27:04.677Z] [LOG] [Canvas デバッグ] Canvas style.display: 
[2025-11-15T16:27:04.677Z] [LOG] [Canvas デバッグ] Canvas style.visibility: 
[2025-11-15T16:27:04.677Z] [LOG] [Canvas デバッグ] Canvas style.opacity: 
[2025-11-15T16:27:04.677Z] [LOG] [Canvas デバッグ] Canvas dimensions: 300x700, offset: 300x700
[2025-11-15T16:27:04.677Z] [LOG] [Canvas デバッグ] Context: [object CanvasRenderingContext2D]
[2025-11-15T16:27:04.677Z] [LOG] [Canvas デバッグ] clearRect完了: (0, 0, 300, 700)
[2025-11-15T16:27:04.677Z] [LOG] [描画完了] Canvas最終状態: [object Object]
[2025-11-15T16:27:04.677Z] [LOG] [デバッグ] Canvas要素をwindow.DEBUG_CANVASに保存しました。ブラウザコンソールで確認できます。
[2025-11-15T16:27:04.727Z] [LOG] │ ← レスポンス受信
[2025-11-15T16:27:04.727Z] [LOG] │ ← ステータス: 200 OK
[2025-11-15T16:27:04.727Z] [LOG] │ ← Content-Type: application/json; charset=utf-8
[2025-11-15T16:27:04.727Z] [LOG] │ ← JSONパース完了: [object Object]
[2025-11-15T16:27:04.727Z] [LOG] │ ✅ 成功: コード.jsonを保存しました
[2025-11-15T16:27:04.727Z] [LOG] │ 保存先: 03_history/TA/コード.json
[2025-11-15T16:27:04.727Z] [LOG] └──────────────────────────────────────
[2025-11-15T16:27:04.727Z] [LOG] [展開処理] ✅ コード.json保存成功 - 新しいID: 4
[2025-11-15T16:27:04.759Z] [LOG] │ ← レスポンス受信
[2025-11-15T16:27:04.759Z] [LOG] │ ← ステータス: 200 OK
[2025-11-15T16:27:04.759Z] [LOG] │ ← Content-Type: application/json; charset=utf-8
[2025-11-15T16:27:04.759Z] [LOG] │ ← JSONパース完了: [object Object]
[2025-11-15T16:27:04.759Z] [LOG] │ ✅ 成功: コード.jsonを保存しました
[2025-11-15T16:27:04.759Z] [LOG] │ 保存先: 03_history/TA/コード.json
[2025-11-15T16:27:04.759Z] [LOG] └──────────────────────────────────────
[2025-11-15T16:27:04.759Z] [LOG] [展開処理] ✅ コード.json保存成功 - 新しいID: 5
[2025-11-15T16:27:04.793Z] [LOG] memory.json保存成功: memory.jsonを保存しました
[2025-11-15T16:27:04.793Z] [LOG] [ピンク展開ポップアップ] ドリルダウンパネルを表示: レイヤー1 → レイヤー2: スクリプト (2個のノード展開)
[2025-11-15T16:27:04.793Z] [LOG] [ピンク展開ポップアップ] 📍 パンくずは変更しません（左パネル連動のため）
[2025-11-15T16:27:04.793Z] [LOG] [ピンク展開ポップアップ] 現在のbreadcrumbStack: L1:メインフロー
[2025-11-15T16:27:04.793Z] [LOG] [ドリルダウン] 🔷 showLayerInDrilldownPanel() 呼び出し - 親ノード: L1 "スクリプト"
[2025-11-15T16:27:04.793Z] [LOG] [ドリルダウン] leftVisibleLayer=1
[2025-11-15T16:27:04.793Z] [LOG] [ドリルダウン] 現在のbreadcrumbStack: L1:メインフロー
[2025-11-15T16:27:04.793Z] [LOG] [ドリルダウン] レイヤー2のノード数: 2
[2025-11-15T16:27:04.793Z] [LOG] [ドリルダウン] 最初のノード: [object Object]
[2025-11-15T16:27:04.798Z] [LOG] [Canvas デバッグ] Canvas element: [object HTMLCanvasElement]
[2025-11-15T16:27:04.798Z] [LOG] [Canvas デバッグ] Canvas visible: false
[2025-11-15T16:27:04.798Z] [LOG] [Canvas デバッグ] Canvas style.display: 
[2025-11-15T16:27:04.798Z] [LOG] [Canvas デバッグ] Canvas style.visibility: 
[2025-11-15T16:27:04.798Z] [LOG] [Canvas デバッグ] Canvas style.opacity: 
[2025-11-15T16:27:04.798Z] [LOG] [Canvas デバッグ] Canvas dimensions: 299x700, offset: 0x0
[2025-11-15T16:27:04.798Z] [LOG] [Canvas デバッグ] Context: [object CanvasRenderingContext2D]
[2025-11-15T16:27:04.798Z] [LOG] [Canvas デバッグ] clearRect完了: (0, 0, 299, 700)
[2025-11-15T16:27:04.798Z] [LOG] [描画完了] Canvas最終状態: [object Object]
[2025-11-15T16:27:04.798Z] [LOG] [デバッグ] Canvas要素をwindow.DEBUG_CANVASに保存しました。ブラウザコンソールで確認できます。
[2025-11-15T16:27:04.798Z] [LOG] [Canvas デバッグ] Canvas element: [object HTMLCanvasElement]
[2025-11-15T16:27:04.798Z] [LOG] [Canvas デバッグ] Canvas visible: true
[2025-11-15T16:27:04.798Z] [LOG] [Canvas デバッグ] Canvas style.display: 
[2025-11-15T16:27:04.798Z] [LOG] [Canvas デバッグ] Canvas style.visibility: 
[2025-11-15T16:27:04.798Z] [LOG] [Canvas デバッグ] Canvas style.opacity: 
[2025-11-15T16:27:04.798Z] [LOG] [Canvas デバッグ] Canvas dimensions: 300x700, offset: 300x700
[2025-11-15T16:27:04.798Z] [LOG] [Canvas デバッグ] Context: [object CanvasRenderingContext2D]
[2025-11-15T16:27:04.798Z] [LOG] [Canvas デバッグ] clearRect完了: (0, 0, 300, 700)
[2025-11-15T16:27:04.798Z] [LOG] [描画完了] Canvas最終状態: [object Object]
[2025-11-15T16:27:04.798Z] [LOG] [デバッグ] Canvas要素をwindow.DEBUG_CANVASに保存しました。ブラウザコンソールで確認できます。
[2025-11-15T16:27:04.798Z] [LOG] [Canvas デバッグ] Canvas element: [object HTMLCanvasElement]
[2025-11-15T16:27:04.798Z] [LOG] [Canvas デバッグ] Canvas visible: false
[2025-11-15T16:27:04.798Z] [LOG] [Canvas デバッグ] Canvas style.display: 
[2025-11-15T16:27:04.798Z] [LOG] [Canvas デバッグ] Canvas style.visibility: 
[2025-11-15T16:27:04.798Z] [LOG] [Canvas デバッグ] Canvas style.opacity: 
[2025-11-15T16:27:04.798Z] [LOG] [Canvas デバッグ] Canvas dimensions: 299x700, offset: 0x0
[2025-11-15T16:27:04.798Z] [LOG] [Canvas デバッグ] Context: [object CanvasRenderingContext2D]
[2025-11-15T16:27:04.798Z] [LOG] [Canvas デバッグ] clearRect完了: (0, 0, 299, 700)
[2025-11-15T16:27:04.798Z] [LOG] [描画完了] Canvas最終状態: [object Object]
[2025-11-15T16:27:04.798Z] [LOG] [デバッグ] Canvas要素をwindow.DEBUG_CANVASに保存しました。ブラウザコンソールで確認できます。
[2025-11-15T16:27:04.798Z] [LOG] [Canvas デバッグ] Canvas element: [object HTMLCanvasElement]
[2025-11-15T16:27:04.798Z] [LOG] [Canvas デバッグ] Canvas visible: false
[2025-11-15T16:27:04.798Z] [LOG] [Canvas デバッグ] Canvas style.display: 
[2025-11-15T16:27:04.798Z] [LOG] [Canvas デバッグ] Canvas style.visibility: 
[2025-11-15T16:27:04.798Z] [LOG] [Canvas デバッグ] Canvas style.opacity: 
[2025-11-15T16:27:04.798Z] [LOG] [Canvas デバッグ] Canvas dimensions: 299x700, offset: 0x0
[2025-11-15T16:27:04.798Z] [LOG] [Canvas デバッグ] Context: [object CanvasRenderingContext2D]
[2025-11-15T16:27:04.798Z] [LOG] [Canvas デバッグ] clearRect完了: (0, 0, 299, 700)
[2025-11-15T16:27:04.798Z] [LOG] [描画完了] Canvas最終状態: [object Object]
[2025-11-15T16:27:04.798Z] [LOG] [デバッグ] Canvas要素をwindow.DEBUG_CANVASに保存しました。ブラウザコンソールで確認できます。
[2025-11-15T16:27:04.798Z] [LOG] [Canvas デバッグ] Canvas element: [object HTMLCanvasElement]
[2025-11-15T16:27:04.798Z] [LOG] [Canvas デバッグ] Canvas visible: false
[2025-11-15T16:27:04.798Z] [LOG] [Canvas デバッグ] Canvas style.display: 
[2025-11-15T16:27:04.798Z] [LOG] [Canvas デバッグ] Canvas style.visibility: 
[2025-11-15T16:27:04.798Z] [LOG] [Canvas デバッグ] Canvas style.opacity: 
[2025-11-15T16:27:04.798Z] [LOG] [Canvas デバッグ] Canvas dimensions: 299x700, offset: 0x0
[2025-11-15T16:27:04.798Z] [LOG] [Canvas デバッグ] Context: [object CanvasRenderingContext2D]
[2025-11-15T16:27:04.798Z] [LOG] [Canvas デバッグ] clearRect完了: (0, 0, 299, 700)
[2025-11-15T16:27:04.798Z] [LOG] [描画完了] Canvas最終状態: [object Object]
[2025-11-15T16:27:04.798Z] [LOG] [デバッグ] Canvas要素をwindow.DEBUG_CANVASに保存しました。ブラウザコンソールで確認できます。
[2025-11-15T16:27:04.798Z] [LOG] [Canvas デバッグ] Canvas element: [object HTMLCanvasElement]
[2025-11-15T16:27:04.798Z] [LOG] [Canvas デバッグ] Canvas visible: false
[2025-11-15T16:27:04.798Z] [LOG] [Canvas デバッグ] Canvas style.display: 
[2025-11-15T16:27:04.798Z] [LOG] [Canvas デバッグ] Canvas style.visibility: 
[2025-11-15T16:27:04.798Z] [LOG] [Canvas デバッグ] Canvas style.opacity: 
[2025-11-15T16:27:04.798Z] [LOG] [Canvas デバッグ] Canvas dimensions: 299x700, offset: 0x0
[2025-11-15T16:27:04.798Z] [LOG] [Canvas デバッグ] Context: [object CanvasRenderingContext2D]
[2025-11-15T16:27:04.798Z] [LOG] [Canvas デバッグ] clearRect完了: (0, 0, 299, 700)
[2025-11-15T16:27:04.798Z] [LOG] [描画完了] Canvas最終状態: [object Object]
[2025-11-15T16:27:04.798Z] [LOG] [デバッグ] Canvas要素をwindow.DEBUG_CANVASに保存しました。ブラウザコンソールで確認できます。
[2025-11-15T16:27:04.798Z] [LOG] [Canvas デバッグ] Canvas element: [object HTMLCanvasElement]
[2025-11-15T16:27:04.798Z] [LOG] [Canvas デバッグ] Canvas visible: false
[2025-11-15T16:27:04.798Z] [LOG] [Canvas デバッグ] Canvas style.display: 
[2025-11-15T16:27:04.798Z] [LOG] [Canvas デバッグ] Canvas style.visibility: 
[2025-11-15T16:27:04.798Z] [LOG] [Canvas デバッグ] Canvas style.opacity: 
[2025-11-15T16:27:04.798Z] [LOG] [Canvas デバッグ] Canvas dimensions: 299x700, offset: 0x0
[2025-11-15T16:27:04.798Z] [LOG] [Canvas デバッグ] Context: [object CanvasRenderingContext2D]
[2025-11-15T16:27:04.798Z] [LOG] [Canvas デバッグ] clearRect完了: (0, 0, 299, 700)
[2025-11-15T16:27:04.798Z] [LOG] [描画完了] Canvas最終状態: [object Object]
[2025-11-15T16:27:04.798Z] [LOG] [デバッグ] Canvas要素をwindow.DEBUG_CANVASに保存しました。ブラウザコンソールで確認できます。
[2025-11-15T16:27:04.798Z] [LOG] [ピンク展開ポップアップ] ⏹️ プレビュークリア開始 - タイマーID: null
[2025-11-15T16:27:04.798Z] [LOG] [ホバープレビュー] 🔵 hidePreview呼び出し
[2025-11-15T16:27:04.798Z] [LOG] [ホバープレビュー] 🔵 呼び出し元スタックトレース:
[2025-11-15T16:27:04.799Z] [LOG] [ホバープレビュー] プレビュー非表示実行 - showクラスあり: false
[2025-11-15T16:27:04.799Z] [LOG] [ピンク展開ポップアップ] ⏹️ プレビュークリア完了 (handlePinkNodeClickPopup)
[2025-11-15T16:27:04.799Z] [LOG] [ホバープレビュー] 🔶 DOM変更検出: showクラス=false, 全クラス=[hover-preview]
[2025-11-15T16:27:04.799Z] [LOG] [ホバープレビュー] 🔶 変更時スタックトレース:
[2025-11-15T16:27:04.799Z] [LOG] [ピンク展開] handlePinkNodeClickPopup から戻りました
[2025-11-15T16:27:04.848Z] [LOG] [グロー矢印] applyGlowEffects() 開始
[2025-11-15T16:27:04.848Z] [LOG] [グロー矢印] ソース: L1 ノードID="node-1" テキスト="スクリプト"
[2025-11-15T16:27:04.849Z] [WARN] [グロー矢印] ❌ ソースノード未発見 ID="node-1"
[2025-11-15T16:27:05.166Z] [WARN] [横スクロール] はみ出し +11px（推奨: コンテナ 291px以下）
[2025-11-15T16:27:05.736Z] [LOG] [ホバープレビュー] ノードからマウスリーブ: node-6, タイマーID: null
[2025-11-15T16:27:05.736Z] [LOG] [ホバープレビュー] ⏹️ タイマークリア実行 (mouseleave)
[2025-11-15T16:27:05.736Z] [LOG] [ホバープレビュー] 🔵 hidePreview呼び出し
[2025-11-15T16:27:05.736Z] [LOG] [ホバープレビュー] 🔵 呼び出し元スタックトレース:
[2025-11-15T16:27:05.736Z] [LOG] [ホバープレビュー] プレビュー非表示実行 - showクラスあり: false
[2025-11-15T16:27:05.736Z] [LOG] [ホバープレビュー] 🔶 DOM変更検出: showクラス=false, 全クラス=[hover-preview]
[2025-11-15T16:27:05.736Z] [LOG] [ホバープレビュー] 🔶 変更時スタックトレース:
[2025-11-15T16:27:13.336Z] [LOG] [ホバープレビュー] ノードにマウスエンター: node-8, 色: rgb(255, 255, 255)
[2025-11-15T16:27:13.336Z] [LOG] [ピンク検出] 色: rgb(255, 255, 255), RGB: (255,255,255), ピンク判定: false
[2025-11-15T16:27:13.386Z] [LOG] [ホバープレビュー] ノードからマウスリーブ: node-8, タイマーID: null
[2025-11-15T16:27:13.386Z] [LOG] [ホバープレビュー] ⏹️ タイマークリア実行 (mouseleave)
[2025-11-15T16:27:13.386Z] [LOG] [ホバープレビュー] 🔵 hidePreview呼び出し
[2025-11-15T16:27:13.386Z] [LOG] [ホバープレビュー] 🔵 呼び出し元スタックトレース:
[2025-11-15T16:27:13.386Z] [LOG] [ホバープレビュー] プレビュー非表示実行 - showクラスあり: false
[2025-11-15T16:27:13.386Z] [LOG] [ホバープレビュー] 🔶 DOM変更検出: showクラス=false, 全クラス=[hover-preview]
[2025-11-15T16:27:13.386Z] [LOG] [ホバープレビュー] 🔶 変更時スタックトレース:
[2025-11-15T16:27:14.687Z] [LOG] [ホバープレビュー] ノードにマウスエンター: node-7, 色: rgb(255, 255, 255)
[2025-11-15T16:27:14.687Z] [LOG] [ピンク検出] 色: rgb(255, 255, 255), RGB: (255,255,255), ピンク判定: false
[2025-11-15T16:27:14.703Z] [LOG] [ホバープレビュー] ノードからマウスリーブ: node-7, タイマーID: null
[2025-11-15T16:27:14.703Z] [LOG] [ホバープレビュー] ⏹️ タイマークリア実行 (mouseleave)
[2025-11-15T16:27:14.703Z] [LOG] [ホバープレビュー] 🔵 hidePreview呼び出し
[2025-11-15T16:27:14.703Z] [LOG] [ホバープレビュー] 🔵 呼び出し元スタックトレース:
[2025-11-15T16:27:14.703Z] [LOG] [ホバープレビュー] プレビュー非表示実行 - showクラスあり: false
[2025-11-15T16:27:14.703Z] [LOG] [ホバープレビュー] 🔶 DOM変更検出: showクラス=false, 全クラス=[hover-preview]
[2025-11-15T16:27:14.703Z] [LOG] [ホバープレビュー] 🔶 変更時スタックトレース:
[2025-11-15T16:27:14.720Z] [LOG] [ホバープレビュー] ノードにマウスエンター: node-8, 色: rgb(255, 255, 255)
[2025-11-15T16:27:14.720Z] [LOG] [ピンク検出] 色: rgb(255, 255, 255), RGB: (255,255,255), ピンク判定: false
[2025-11-15T16:27:14.753Z] [LOG] [ホバープレビュー] ノードからマウスリーブ: node-8, タイマーID: null
[2025-11-15T16:27:14.753Z] [LOG] [ホバープレビュー] ⏹️ タイマークリア実行 (mouseleave)
[2025-11-15T16:27:14.753Z] [LOG] [ホバープレビュー] 🔵 hidePreview呼び出し
[2025-11-15T16:27:14.753Z] [LOG] [ホバープレビュー] 🔵 呼び出し元スタックトレース:
[2025-11-15T16:27:14.753Z] [LOG] [ホバープレビュー] プレビュー非表示実行 - showクラスあり: false
[2025-11-15T16:27:14.753Z] [LOG] [ホバープレビュー] 🔶 DOM変更検出: showクラス=false, 全クラス=[hover-preview]
[2025-11-15T16:27:14.753Z] [LOG] [ホバープレビュー] 🔶 変更時スタックトレース:
[2025-11-15T16:27:14.903Z] [LOG] [ホバープレビュー] ノードにマウスエンター: node-8, 色: rgb(255, 255, 255)
[2025-11-15T16:27:14.903Z] [LOG] [ピンク検出] 色: rgb(255, 255, 255), RGB: (255,255,255), ピンク判定: false
[2025-11-15T16:27:14.937Z] [LOG] [ホバープレビュー] ノードからマウスリーブ: node-8, タイマーID: null
[2025-11-15T16:27:14.937Z] [LOG] [ホバープレビュー] ⏹️ タイマークリア実行 (mouseleave)
[2025-11-15T16:27:14.937Z] [LOG] [ホバープレビュー] 🔵 hidePreview呼び出し
[2025-11-15T16:27:14.937Z] [LOG] [ホバープレビュー] 🔵 呼び出し元スタックトレース:
[2025-11-15T16:27:14.937Z] [LOG] [ホバープレビュー] プレビュー非表示実行 - showクラスあり: false
[2025-11-15T16:27:14.937Z] [LOG] [ホバープレビュー] 🔶 DOM変更検出: showクラス=false, 全クラス=[hover-preview]
[2025-11-15T16:27:14.937Z] [LOG] [ホバープレビュー] 🔶 変更時スタックトレース:
[2025-11-15T16:27:14.970Z] [LOG] [ホバープレビュー] ノードにマウスエンター: node-7, 色: rgb(255, 255, 255)
[2025-11-15T16:27:14.970Z] [LOG] [ピンク検出] 色: rgb(255, 255, 255), RGB: (255,255,255), ピンク判定: false
[2025-11-15T16:27:15.186Z] [LOG] [ホバープレビュー] ノードからマウスリーブ: node-7, タイマーID: null
[2025-11-15T16:27:15.186Z] [LOG] [ホバープレビュー] ⏹️ タイマークリア実行 (mouseleave)
[2025-11-15T16:27:15.186Z] [LOG] [ホバープレビュー] 🔵 hidePreview呼び出し
[2025-11-15T16:27:15.186Z] [LOG] [ホバープレビュー] 🔵 呼び出し元スタックトレース:
[2025-11-15T16:27:15.186Z] [LOG] [ホバープレビュー] プレビュー非表示実行 - showクラスあり: false
[2025-11-15T16:27:15.186Z] [LOG] [ホバープレビュー] 🔶 DOM変更検出: showクラス=false, 全クラス=[hover-preview]
[2025-11-15T16:27:15.186Z] [LOG] [ホバープレビュー] 🔶 変更時スタックトレース:
[2025-11-15T16:27:16.986Z] [LOG] [ホバープレビュー] ノードにマウスエンター: node-7, 色: rgb(255, 255, 255)
[2025-11-15T16:27:16.986Z] [LOG] [ピンク検出] 色: rgb(255, 255, 255), RGB: (255,255,255), ピンク判定: false
[2025-11-15T16:27:17.036Z] [LOG] [ホバープレビュー] ノードからマウスリーブ: node-7, タイマーID: null
[2025-11-15T16:27:17.036Z] [LOG] [ホバープレビュー] ⏹️ タイマークリア実行 (mouseleave)
[2025-11-15T16:27:17.036Z] [LOG] [ホバープレビュー] 🔵 hidePreview呼び出し
[2025-11-15T16:27:17.036Z] [LOG] [ホバープレビュー] 🔵 呼び出し元スタックトレース:
[2025-11-15T16:27:17.036Z] [LOG] [ホバープレビュー] プレビュー非表示実行 - showクラスあり: false
[2025-11-15T16:27:17.036Z] [LOG] [ホバープレビュー] 🔶 DOM変更検出: showクラス=false, 全クラス=[hover-preview]
[2025-11-15T16:27:17.036Z] [LOG] [ホバープレビュー] 🔶 変更時スタックトレース:
